travis_fold:start:worker_info
[0K[33;1mWorker information[0m
hostname: production-5-worker-org-c-5-gce:ce725b49-9607-499a-936d-e8ad19288573
version: v2.7.0 https://github.com/travis-ci/worker/tree/66fc24311e055643710f4e0567f6888c927d3ab8
instance: testing-gce-bf88f1bd-f77d-4263-b009-22fea2f0aaa8:travis-ci-sugilite-trusty-1480960799
startup: 21.439987667s
travis_fold:end:worker_info
[0Ktravis_fold:start:system_info
[0K[33;1mBuild system information[0m

Build language: ruby

Build group: stable

Build dist: trusty

Build id: 242161022

Job id: 242161023

travis-build version: ea3f1c948

[34m[1mBuild image provisioning date and time[0m

Mon Dec  5 18:47:20 UTC 2016

[34m[1mOperating System Details[0m

Distributor ID:	Ubuntu

Description:	Ubuntu 14.04.5 LTS

Release:	14.04

Codename:	trusty

[34m[1mLinux Version[0m

4.4.0-51-generic

[34m[1mCookbooks Version[0m

998099c https://github.com/travis-ci/travis-cookbooks/tree/998099c

[34m[1mgit version[0m

git version 2.11.0

[34m[1mbash version[0m

GNU bash, version 4.3.11(1)-release (x86_64-pc-linux-gnu)

Copyright (C) 2013 Free Software Foundation, Inc.

License GPLv3+: GNU GPL version 3 or later <http://gnu.org/licenses/gpl.html>



This is free software; you are free to change and redistribute it.

There is NO WARRANTY, to the extent permitted by law.

[34m[1mgcc version[0m

gcc (Ubuntu 4.8.4-2ubuntu1~14.04.3) 4.8.4

Copyright (C) 2013 Free Software Foundation, Inc.

This is free software; see the source for copying conditions.  There is NO

warranty; not even for MERCHANTABILITY or FITNESS FOR A PARTICULAR PURPOSE.



[34m[1mdocker version[0m

Client:

 Version:      1.12.3

 API version:  1.24

 Go version:   go1.6.3

 Git commit:   6b644ec

 Built:        Wed Oct 26 21:44:32 2016

 OS/Arch:      linux/amd64



Server:

 Version:      1.12.3

 API version:  1.24

 Go version:   go1.6.3

 Git commit:   6b644ec

 Built:        Wed Oct 26 21:44:32 2016

 OS/Arch:      linux/amd64

[34m[1mclang version[0m

clang version 3.5.0 (tags/RELEASE_350/final)

Target: x86_64-unknown-linux-gnu

Thread model: posix

[34m[1mjq version[0m

jq-1.5

[34m[1mbats version[0m

Bats 0.4.0

[34m[1mgimme version[0m

v1.0.0

[34m[1mnvm version[0m

0.32.0

[34m[1mperlbrew version[0m

/home/travis/perl5/perlbrew/bin/perlbrew  - App::perlbrew/0.73

[34m[1mpostgresql client version[0m

psql (PostgreSQL) 9.6.1

[34m[1mphpenv version[0m

rbenv 1.1.0

[34m[1mrvm version[0m

rvm 1.27.0 (latest) by Wayne E. Seguin <wayneeseguin@gmail.com>, Michal Papis <mpapis@gmail.com> [https://rvm.io/]

[34m[1mdefault ruby version[0m

ruby 2.3.1p112 (2016-04-26 revision 54768) [x86_64-linux]

[34m[1mPre-installed Ruby versions[0m

jruby-9.1.2.0

ruby-1.9.3-p551

ruby-2.0.0-p648

ruby-2.1.10

ruby-2.2.5

ruby-2.3.1

[34m[1mPre-installed Node.js versions[0m

iojs-v1.6

iojs-v1.6.4

v0.10

v0.10.40

v0.11.16

v0.12.2

v0.12.7

v0.6.21

v0.8.28

v4.1.2

v4.6.2

v6.9.1

[34m[1mPre-installed Go versions[0m

1.2.2

1.3.3

1.4.3

1.5.4

1.6.3

1.7

[34m[1mmysql version[0m

mysql  Ver 14.14 Distrib 5.6.33, for debian-linux-gnu (x86_64) using  EditLine wrapper

[34m[1mPre-installed PostgreSQL versions[0m

9.2.19

9.3.15

9.4.10

9.5.5

9.6.1

[34m[1mRedis version[0m

redis-server 3.0.6

[34m[1mMongoDB version[0m

MongoDB 3.2.11

[34m[1mRabbitMQ Version[0m

3.6.6

[34m[1mInstalled Firefox version[0m

firefox 38.4.0esr

[34m[1mant version[0m

Apache Ant(TM) version 1.9.3 compiled on April 8 2014

[34m[1mmvn version[0m

Apache Maven 3.1.1 (0728685237757ffbf44136acec0402957f723d9a; 2013-09-17 15:22:22+0000)

Maven home: /usr/local/maven

Java version: 1.8.0_111, vendor: Oracle Corporation

Java home: /usr/lib/jvm/java-8-oracle/jre

Default locale: en_US, platform encoding: UTF-8

OS name: "linux", version: "4.4.0-51-generic", arch: "amd64", family: "unix"

[34m[1mgradle version[0m



------------------------------------------------------------

Gradle 2.13

------------------------------------------------------------



Build time:   2016-04-25 04:10:10 UTC

Build number: none

Revision:     3b427b1481e46232107303c90be7b05079b05b1c



Groovy:       2.4.4

Ant:          Apache Ant(TM) version 1.9.6 compiled on June 29 2015

JVM:          1.8.0_111 (Oracle Corporation 25.111-b14)

OS:           Linux 4.4.0-51-generic amd64



[34m[1mkerl list installations[0m

17.0

17.1

17.3

17.4

17.5

18.0

18.1

18.2

18.2.1

R14B02

R14B03

R14B04

R15B

R15B01

R15B02

R15B03

R16B

R16B01

R16B02

R16B03

R16B03-1

[34m[1mkiex list[0m



kiex elixirs



   elixir-1.0.3

=* elixir-1.0.4



# => - current

# =* - current && default

#  * - default



[34m[1mrebar --version[0m

rebar 2.6.4 17 20160831_145136 git 2.6.4-dirty

[34m[1mlein version[0m

WARNING: You're currently running as root; probably by accident.

Press control-C to abort or Enter to continue as root.

Set LEIN_ROOT to disable this warning.

Leiningen 2.7.1 on Java 1.8.0_111 Java HotSpot(TM) 64-Bit Server VM

[34m[1mperlbrew list[0m

  5.8 (5.8.8)

  5.10 (5.10.1)

  5.12 (5.12.5)

  5.14 (5.14.4)

  5.16 (5.16.3)

  5.18 (5.18.4)

  5.20 (5.20.3)

  5.20-extras (5.20.3)

  5.20-shrplib (5.20.3)

  5.20.3

  5.22 (5.22.0)

  5.22-extras (5.22.0)

  5.22-shrplib (5.22.0)

  5.22.0

[34m[1mphpenv versions[0m

  system

  5.4

  5.4.45

  5.5.37

  5.6

* 5.6.24 (set by /home/travis/.phpenv/version)

  7.0

  7.0.7

  hhvm

  hhvm-stable

[34m[1mcomposer --version[0m

Composer version 1.2.0 2016-07-19 01:28:52

travis_fold:end:system_info
[0K

travis_fold:start:git.checkout
[0Ktravis_time:start:38a01a44
[0K$ git clone --depth=50 https://github.com/department-of-veterans-affairs/caseflow.git department-of-veterans-affairs/caseflow

Cloning into 'department-of-veterans-affairs/caseflow'...

remote: Counting objects: 1409, done.[K

remote: Compressing objects:   0% (1/1027)   [K
remote: Compressing objects:   1% (11/1027)   [K
remote: Compressing objects:   2% (21/1027)   [K
remote: Compressing objects:   3% (31/1027)   [K
remote: Compressing objects:   4% (42/1027)   [K
remote: Compressing objects:   5% (52/1027)   [K
remote: Compressing objects:   6% (62/1027)   [K
remote: Compressing objects:   7% (72/1027)   [K
remote: Compressing objects:   8% (83/1027)   [K
remote: Compressing objects:   9% (93/1027)   [K
remote: Compressing objects:  10% (103/1027)   [K
remote: Compressing objects:  11% (113/1027)   [K
remote: Compressing objects:  12% (124/1027)   [K
remote: Compressing objects:  13% (134/1027)   [K
remote: Compressing objects:  14% (144/1027)   [K
remote: Compressing objects:  15% (155/1027)   [K
remote: Compressing objects:  16% (165/1027)   [K
remote: Compressing objects:  17% (175/1027)   [K
remote: Compressing objects:  18% (185/1027)   [K
remote: Compressing objects:  19% (196/1027)   [K
remote: Compressing objects:  20% (206/1027)   [K
remote: Compressing objects:  21% (216/1027)   [K
remote: Compressing objects:  22% (226/1027)   [K
remote: Compressing objects:  23% (237/1027)   [K
remote: Compressing objects:  24% (247/1027)   [K
remote: Compressing objects:  25% (257/1027)   [K
remote: Compressing objects:  26% (268/1027)   [K
remote: Compressing objects:  27% (278/1027)   [K
remote: Compressing objects:  28% (288/1027)   [K
remote: Compressing objects:  29% (298/1027)   [K
remote: Compressing objects:  30% (309/1027)   [K
remote: Compressing objects:  31% (319/1027)   [K
remote: Compressing objects:  32% (329/1027)   [K
remote: Compressing objects:  33% (339/1027)   [K
remote: Compressing objects:  34% (350/1027)   [K
remote: Compressing objects:  35% (360/1027)   [K
remote: Compressing objects:  36% (370/1027)   [K
remote: Compressing objects:  37% (380/1027)   [K
remote: Compressing objects:  38% (391/1027)   [K
remote: Compressing objects:  39% (401/1027)   [K
remote: Compressing objects:  40% (411/1027)   [K
remote: Compressing objects:  41% (422/1027)   [K
remote: Compressing objects:  42% (432/1027)   [K
remote: Compressing objects:  43% (442/1027)   [K
remote: Compressing objects:  44% (452/1027)   [K
remote: Compressing objects:  45% (463/1027)   [K
remote: Compressing objects:  46% (473/1027)   [K
remote: Compressing objects:  47% (483/1027)   [K
remote: Compressing objects:  48% (493/1027)   [K
remote: Compressing objects:  49% (504/1027)   [K
remote: Compressing objects:  50% (514/1027)   [K
remote: Compressing objects:  51% (524/1027)   [K
remote: Compressing objects:  52% (535/1027)   [K
remote: Compressing objects:  53% (545/1027)   [K
remote: Compressing objects:  54% (555/1027)   [K
remote: Compressing objects:  55% (565/1027)   [K
remote: Compressing objects:  56% (576/1027)   [K
remote: Compressing objects:  57% (586/1027)   [K
remote: Compressing objects:  58% (596/1027)   [K
remote: Compressing objects:  59% (606/1027)   [K
remote: Compressing objects:  60% (617/1027)   [K
remote: Compressing objects:  61% (627/1027)   [K
remote: Compressing objects:  62% (637/1027)   [K
remote: Compressing objects:  63% (648/1027)   [K
remote: Compressing objects:  64% (658/1027)   [K
remote: Compressing objects:  65% (668/1027)   [K
remote: Compressing objects:  66% (678/1027)   [K
remote: Compressing objects:  67% (689/1027)   [K
remote: Compressing objects:  68% (699/1027)   [K
remote: Compressing objects:  69% (709/1027)   [K
remote: Compressing objects:  70% (719/1027)   [K
remote: Compressing objects:  71% (730/1027)   [K
remote: Compressing objects:  72% (740/1027)   [K
remote: Compressing objects:  73% (750/1027)   [K
remote: Compressing objects:  74% (760/1027)   [K
remote: Compressing objects:  75% (771/1027)   [K
remote: Compressing objects:  76% (781/1027)   [K
remote: Compressing objects:  77% (791/1027)   [K
remote: Compressing objects:  78% (802/1027)   [K
remote: Compressing objects:  79% (812/1027)   [K
remote: Compressing objects:  80% (822/1027)   [K
remote: Compressing objects:  81% (832/1027)   [K
remote: Compressing objects:  82% (843/1027)   [K
remote: Compressing objects:  83% (853/1027)   [K
remote: Compressing objects:  84% (863/1027)   [K
remote: Compressing objects:  85% (873/1027)   [K
remote: Compressing objects:  86% (884/1027)   [K
remote: Compressing objects:  87% (894/1027)   [K
remote: Compressing objects:  88% (904/1027)   [K
remote: Compressing objects:  89% (915/1027)   [K
remote: Compressing objects:  90% (925/1027)   [K
remote: Compressing objects:  91% (935/1027)   [K
remote: Compressing objects:  92% (945/1027)   [K
remote: Compressing objects:  93% (956/1027)   [K
remote: Compressing objects:  94% (966/1027)   [K
remote: Compressing objects:  95% (976/1027)   [K
remote: Compressing objects:  96% (986/1027)   [K
remote: Compressing objects:  97% (997/1027)   [K
remote: Compressing objects:  98% (1007/1027)   [K
remote: Compressing objects:  99% (1017/1027)   [K
remote: Compressing objects: 100% (1027/1027)   [K
remote: Compressing objects: 100% (1027/1027), done.[K

Receiving objects:   0% (1/1409)   
Receiving objects:   1% (15/1409)   
Receiving objects:   2% (29/1409)   
Receiving objects:   3% (43/1409)   
Receiving objects:   4% (57/1409)   
Receiving objects:   5% (71/1409)   
Receiving objects:   6% (85/1409)   
Receiving objects:   7% (99/1409)   
Receiving objects:   8% (113/1409)   
Receiving objects:   9% (127/1409)   
Receiving objects:  10% (141/1409)   
Receiving objects:  11% (155/1409)   
Receiving objects:  12% (170/1409)   
Receiving objects:  13% (184/1409)   
Receiving objects:  14% (198/1409)   
Receiving objects:  15% (212/1409)   
Receiving objects:  16% (226/1409)   
Receiving objects:  17% (240/1409)   
Receiving objects:  18% (254/1409)   
Receiving objects:  19% (268/1409)   
Receiving objects:  20% (282/1409)   
Receiving objects:  21% (296/1409)   
Receiving objects:  22% (310/1409)   
Receiving objects:  23% (325/1409)   
Receiving objects:  24% (339/1409)   
Receiving objects:  25% (353/1409)   
Receiving objects:  26% (367/1409)   
Receiving objects:  27% (381/1409)   
Receiving objects:  28% (395/1409)   
Receiving objects:  29% (409/1409)   
Receiving objects:  30% (423/1409)   
Receiving objects:  31% (437/1409)   
Receiving objects:  32% (451/1409)   
Receiving objects:  33% (465/1409)   
Receiving objects:  34% (480/1409)   
Receiving objects:  35% (494/1409)   
Receiving objects:  36% (508/1409)   
Receiving objects:  37% (522/1409)   
Receiving objects:  38% (536/1409)   
Receiving objects:  39% (550/1409)   
Receiving objects:  40% (564/1409)   
Receiving objects:  41% (578/1409)   
Receiving objects:  42% (592/1409)   
Receiving objects:  43% (606/1409)   
Receiving objects:  44% (620/1409)   
Receiving objects:  45% (635/1409)   
Receiving objects:  46% (649/1409)   
Receiving objects:  47% (663/1409)   
Receiving objects:  48% (677/1409)   
Receiving objects:  49% (691/1409)   
Receiving objects:  50% (705/1409)   
Receiving objects:  51% (719/1409)   
Receiving objects:  52% (733/1409)   
Receiving objects:  53% (747/1409)   
Receiving objects:  54% (761/1409)   
Receiving objects:  55% (775/1409)   
Receiving objects:  56% (790/1409)   
Receiving objects:  57% (804/1409)   
Receiving objects:  58% (818/1409)   
Receiving objects:  59% (832/1409)   
Receiving objects:  60% (846/1409)   
Receiving objects:  61% (860/1409)   
Receiving objects:  62% (874/1409)   
Receiving objects:  63% (888/1409)   
Receiving objects:  64% (902/1409)   
Receiving objects:  65% (916/1409)   
Receiving objects:  66% (930/1409)   
Receiving objects:  67% (945/1409)   
Receiving objects:  68% (959/1409)   
Receiving objects:  69% (973/1409)   
Receiving objects:  70% (987/1409)   
Receiving objects:  71% (1001/1409)   
Receiving objects:  72% (1015/1409)   
Receiving objects:  73% (1029/1409)   
Receiving objects:  74% (1043/1409)   
Receiving objects:  75% (1057/1409)   
Receiving objects:  76% (1071/1409)   
Receiving objects:  77% (1085/1409)   
Receiving objects:  78% (1100/1409)   
Receiving objects:  79% (1114/1409)   
Receiving objects:  80% (1128/1409)   
Receiving objects:  81% (1142/1409)   
Receiving objects:  82% (1156/1409)   
Receiving objects:  83% (1170/1409)   
Receiving objects:  84% (1184/1409)   
Receiving objects:  85% (1198/1409)   
Receiving objects:  86% (1212/1409)   
Receiving objects:  87% (1226/1409)   
Receiving objects:  88% (1240/1409)   
Receiving objects:  89% (1255/1409)   
Receiving objects:  90% (1269/1409)   
Receiving objects:  91% (1283/1409)   
Receiving objects:  92% (1297/1409)   
Receiving objects:  93% (1311/1409)   
remote: Total 1409 (delta 465), reused 906 (delta 322), pack-reused 0[K

Receiving objects:  94% (1325/1409)   
Receiving objects:  95% (1339/1409)   
Receiving objects:  96% (1353/1409)   
Receiving objects:  97% (1367/1409)   
Receiving objects:  98% (1381/1409)   
Receiving objects:  99% (1395/1409)   
Receiving objects: 100% (1409/1409)   
Receiving objects: 100% (1409/1409), 8.11 MiB | 0 bytes/s, done.

Resolving deltas:   0% (0/465)   
Resolving deltas:   1% (5/465)   
Resolving deltas:   5% (25/465)   
Resolving deltas:   6% (32/465)   
Resolving deltas:  11% (53/465)   
Resolving deltas:  19% (89/465)   
Resolving deltas:  24% (113/465)   
Resolving deltas:  26% (125/465)   
Resolving deltas:  27% (128/465)   
Resolving deltas:  31% (145/465)   
Resolving deltas:  32% (151/465)   
Resolving deltas:  34% (161/465)   
Resolving deltas:  36% (168/465)   
Resolving deltas:  41% (192/465)   
Resolving deltas:  43% (204/465)   
Resolving deltas:  44% (206/465)   
Resolving deltas:  45% (212/465)   
Resolving deltas:  47% (221/465)   
Resolving deltas:  48% (226/465)   
Resolving deltas:  49% (228/465)   
Resolving deltas:  52% (244/465)   
Resolving deltas:  54% (252/465)   
Resolving deltas:  55% (257/465)   
Resolving deltas:  56% (263/465)   
Resolving deltas:  57% (268/465)   
Resolving deltas:  58% (273/465)   
Resolving deltas:  59% (275/465)   
Resolving deltas:  60% (279/465)   
Resolving deltas:  61% (284/465)   
Resolving deltas:  62% (291/465)   
Resolving deltas:  63% (293/465)   
Resolving deltas:  64% (299/465)   
Resolving deltas:  66% (307/465)   
Resolving deltas:  67% (312/465)   
Resolving deltas:  68% (318/465)   
Resolving deltas:  69% (321/465)   
Resolving deltas:  70% (326/465)   
Resolving deltas:  71% (331/465)   
Resolving deltas:  72% (335/465)   
Resolving deltas:  73% (343/465)   
Resolving deltas:  74% (345/465)   
Resolving deltas:  75% (351/465)   
Resolving deltas:  76% (355/465)   
Resolving deltas:  77% (359/465)   
Resolving deltas:  78% (363/465)   
Resolving deltas:  79% (368/465)   
Resolving deltas:  80% (372/465)   
Resolving deltas:  81% (377/465)   
Resolving deltas:  82% (383/465)   
Resolving deltas:  83% (386/465)   
Resolving deltas:  84% (391/465)   
Resolving deltas:  85% (396/465)   
Resolving deltas:  86% (400/465)   
Resolving deltas:  87% (406/465)   
Resolving deltas:  88% (410/465)   
Resolving deltas:  89% (414/465)   
Resolving deltas:  90% (419/465)   
Resolving deltas:  91% (426/465)   
Resolving deltas:  92% (429/465)   
Resolving deltas:  93% (433/465)   
Resolving deltas:  94% (438/465)   
Resolving deltas:  95% (443/465)   
Resolving deltas:  96% (447/465)   
Resolving deltas:  97% (452/465)   
Resolving deltas:  98% (458/465)   
Resolving deltas:  99% (463/465)   
Resolving deltas: 100% (465/465)   
Resolving deltas: 100% (465/465), done.



travis_time:end:38a01a44:start=1497297164638270589,finish=1497297165926876450,duration=1288605861
[0K$ cd department-of-veterans-affairs/caseflow

travis_time:start:00478eac
[0K$ git fetch origin +refs/pull/2323/merge:

remote: Counting objects: 10, done.[K

remote: Compressing objects:  50% (1/2)   [K
remote: Compressing objects: 100% (2/2)   [K
remote: Compressing objects: 100% (2/2), done.[K

remote: Total 10 (delta 8), reused 9 (delta 8), pack-reused 0[K

Unpacking objects:  10% (1/10)   
Unpacking objects:  20% (2/10)   
Unpacking objects:  30% (3/10)   
Unpacking objects:  40% (4/10)   
Unpacking objects:  50% (5/10)   
Unpacking objects:  60% (6/10)   
Unpacking objects:  70% (7/10)   
Unpacking objects:  80% (8/10)   
Unpacking objects:  90% (9/10)   
Unpacking objects: 100% (10/10)   
Unpacking objects: 100% (10/10), done.

From https://github.com/department-of-veterans-affairs/caseflow

 * branch            refs/pull/2323/merge -> FETCH_HEAD



travis_time:end:00478eac:start=1497297165933283028,finish=1497297166406054411,duration=472771383
[0K$ git checkout -qf FETCH_HEAD

travis_fold:end:git.checkout
[0Ktravis_fold:start:services
[0Ktravis_time:start:1453a944
[0K$ sudo service redis-server start

redis-server start/running, process 4707



travis_time:end:1453a944:start=1497297166483302035,finish=1497297166528494243,duration=45192208
[0Ktravis_fold:end:services
[0K

[33;1mSetting environment variables from repository settings[0m

$ export SAUCE_USERNAME=[secure]

$ export SAUCE_ACCESS_KEY=[secure]



travis_fold:start:rvm
[0Ktravis_time:start:14584a60
[0K$ rvm use 2.2.4 --install --binary --fuzzy

[33mruby-2.2.4 is not installed - installing.[0m

[32mSearching for binary rubies, this might take some time.[0m

[32mFound remote file https://rubies.travis-ci.org/ubuntu/14.04/x86_64/ruby-2.2.4.tar.bz2[0m

[32mChecking requirements for ubuntu.[0m

[32mRequirements installation successful.[0m

[32mruby-2.2.4 - #configure[0m

[32mruby-2.2.4 - #download[0m

  % Total    % Received % Xferd  Average Speed   Time    Time     Time  Current

                                 Dload  Upload   Total   Spent    Left  Speed


  0     0    0     0    0     0      0      0 --:--:-- --:--:-- --:--:--     0
  0     0    0     0    0     0      0      0 --:--:-- --:--:-- --:--:--     0


  0 23.3M    0  101k    0     0   164k      0  0:02:25 --:--:--  0:02:25  164k
 30 23.3M   30 7377k    0     0  4531k      0  0:00:05  0:00:01  0:00:04 7211k
100 23.3M  100 23.3M    0     0  11.1M      0  0:00:02  0:00:02 --:--:-- 15.7M

[33mNo checksum for downloaded archive, recording checksum in user configuration.[0m

[32mruby-2.2.4 - #validate archive[0m

[32mruby-2.2.4 - #extract[0m

[32mruby-2.2.4 - #validate binary[0m

[32mruby-2.2.4 - #setup[0m

[32mruby-2.2.4 - #gemset created /home/travis/.rvm/gems/ruby-2.2.4@global[0m

[32mruby-2.2.4 - #importing gemset /home/travis/.rvm/gemsets/global.gems[0m|/-\|/-\|.-\|/-\|/-.|/-\|/-\|.-\|/-\|/-.|/-\|/-\|.-\|/-\|/-.|/-\|/-\|.-\|/-\|/-.|/-\|/-\|.-\|/-\|/-.|/-\|/-\|.-\|/-\|/-.|/-\|/-\|.-\|/-\|/-.|/-\|/-\|.-\|/-\|/-.|/-\|/-\|.-\|/-\|/-.|/-\|/-\|.-\|/-\|/-.|/-\|/-\|.-\|/-\|/-.|/-\|/-\|.-\|/-\|/-.|/-\|/-\|.-\|/-\|/-.|/-\|/-\|.-\|/-\|/-.|/-\|/-\|.-\|/-\|/-.|/-\|/-\|.-\|/-\|/-.|/-\|/-\|.-\|/-\|/-.|/-\|/-\|.-\|/-\|/-.|/-\|/-\|.-\|/-\|/-.|/-\|/-\|.-\|/-\|/-.|/-\|/-\|.-\|/-\|/-.|/-\|/-\|.-\|/-\|/-.|/-\|/-\|.-\|/-\|/-.|/-\|/-\|.-\|/-\|.

[32mruby-2.2.4 - #generating global wrappers[0m|/-\|/-\|.-\|/-\|/-.|/-\|/-\|.-\|/-\|/-.|/-\|/-\|.-\|/-\|/-.|/-\|/-\|.-\|/-.

[32mruby-2.2.4 - #uninstalling gem rubygems-bundler-1.4.4[0m|/.

[32mruby-2.2.4 - #gemset created /home/travis/.rvm/gems/ruby-2.2.4[0m

[32mruby-2.2.4 - #importing gemset /home/travis/.rvm/gemsets/default.gems[0m|/-\|/-\|.-\|/-\|/-.|/-\|/-\|.-\|/-\|/-.|/-\|/-\|.-\|/-\|/-.|/-\|/-\|.-\|/-\|/-.|/-\|/-\|.-\|/-\|/-.|/-\|/-\|.-\|/-\|/-.|/-\|/-\|.-\|/-\|/-.|/-\|/.

[32mruby-2.2.4 - #generating default wrappers[0m|/-\|/-\|.-\|/-\|/-.|/-\|/-\|.-\|/-\|/-.|/-\|/-\|.-\|/-\|/-.|/-\|/-\|.-\|/-\.

[32mUsing /home/travis/.rvm/gems/ruby-2.2.4[0m



travis_time:end:14584a60:start=1497297169544196907,finish=1497297192785054203,duration=23240857296
[0Ktravis_fold:end:rvm
[0K$ export BUNDLE_GEMFILE=$PWD/Gemfile

travis_fold:start:cache.1
[0KSetting up build cache

$ export CASHER_DIR=$HOME/.casher

travis_time:start:04d0f76a
[0K$ Installing caching utilities



travis_time:end:04d0f76a:start=1497297192999357763,finish=1497297193154166367,duration=154808604
[0Ktravis_time:start:0a256c8e
[0K

travis_time:end:0a256c8e:start=1497297193161162763,finish=1497297193166320109,duration=5157346
[0Ktravis_time:start:042f15b7
[0K[32;1mattempting to download cache archive[0m

[32;1mfetching PR.2323/cache-linux-trusty-e3b0c44298fc1c149afbf4c8996fb92427ae41e4649b934ca495991b7852b855--rvm-2.2.4--gemfile-Gemfile.tgz[0m

[32;1mfetching PR.2323/cache--rvm-2.2.4--gemfile-Gemfile.tgz[0m

[32;1mfetching master/cache-linux-trusty-e3b0c44298fc1c149afbf4c8996fb92427ae41e4649b934ca495991b7852b855--rvm-2.2.4--gemfile-Gemfile.tgz[0m

[32;1mfound cache[0m



travis_time:end:042f15b7:start=1497297193171977480,finish=1497297194794554381,duration=1622576901
[0Ktravis_time:start:1d05f402
[0K

travis_time:end:1d05f402:start=1497297194800113894,finish=1497297194804910281,duration=4796387
[0Ktravis_time:start:059f927d
[0K[32;1madding /home/travis/build/department-of-veterans-affairs/caseflow/vendor/bundle to cache[0m

[32;1mcreating directory /home/travis/build/department-of-veterans-affairs/caseflow/vendor/bundle[0m

[32;1madding /home/travis/build/department-of-veterans-affairs/caseflow/client/node_modules to cache[0m

[32;1mcreating directory /home/travis/build/department-of-veterans-affairs/caseflow/client/node_modules[0m



travis_time:end:059f927d:start=1497297194810704945,finish=1497297205313701150,duration=10502996205
[0Ktravis_fold:end:cache.1
[0K

$ ruby --version

ruby 2.2.4p230 (2015-12-16 revision 53155) [x86_64-linux]

$ rvm --version

rvm 1.27.0 (latest) by Wayne E. Seguin <wayneeseguin@gmail.com>, Michal Papis <mpapis@gmail.com> [https://rvm.io/]

$ bundle --version

Bundler version 1.15.1

$ gem --version

2.6.12

travis_fold:start:before_install.1
[0Ktravis_time:start:050425e0
[0K$ mkdir travis-node



travis_time:end:050425e0:start=1497297205742286332,finish=1497297205747380487,duration=5094155
[0Ktravis_fold:end:before_install.1
[0Ktravis_fold:start:before_install.2
[0Ktravis_time:start:166519a1
[0K$ wget https://s3-us-gov-west-1.amazonaws.com/shared-s3/dsva-appeals/node-v6.10.2-linux-x64.tar.xz -O $PWD/travis-node/node-v6.10.2-linux-x64.tar.xz

--2017-06-12 19:53:25--  https://s3-us-gov-west-1.amazonaws.com/shared-s3/dsva-appeals/node-v6.10.2-linux-x64.tar.xz

Resolving s3-us-gov-west-1.amazonaws.com (s3-us-gov-west-1.amazonaws.com)... 52.92.252.4

Connecting to s3-us-gov-west-1.amazonaws.com (s3-us-gov-west-1.amazonaws.com)|52.92.252.4|:443... connected.

HTTP request sent, awaiting response... 200 OK

Length: 9366128 (8.9M) [application/x-www-form-urlencoded]

Saving to: Ã¢â‚¬Ëœ/home/travis/build/department-of-veterans-affairs/caseflow/travis-node/node-v6.10.2-linux-x64.tar.xzÃ¢â‚¬â„¢




 0% [                                       ] 0           --.-K/s              
 0% [                                       ] 60,015       286KB/s             
 1% [                                       ] 181,871      433KB/s             
 3% [>                                      ] 373,359      592KB/s             
 6% [=>                                     ] 617,071      734KB/s             
10% [===>                                   ] 982,639      935KB/s             
16% [=====>                                 ] 1,539,695   1.19MB/s             
24% [========>                              ] 2,323,055   1.54MB/s             
36% [=============>                         ] 3,446,383   2.00MB/s             
52% [===================>                   ] 4,934,255   2.55MB/s             
74% [===========================>           ] 6,936,175   3.22MB/s             
100%[======================================>] 9,366,128   4.04MB/s   in 2.2s   



2017-06-12 19:53:28 (4.04 MB/s) - Ã¢â‚¬Ëœ/home/travis/build/department-of-veterans-affairs/caseflow/travis-node/node-v6.10.2-linux-x64.tar.xzÃ¢â‚¬â„¢ saved [9366128/9366128]





travis_time:end:166519a1:start=1497297205753512248,finish=1497297208270510045,duration=2516997797
[0Ktravis_fold:end:before_install.2
[0Ktravis_fold:start:before_install.3
[0Ktravis_time:start:1b90078c
[0K$ tar xf $PWD/travis-node/node-v6.10.2-linux-x64.tar.xz -C $PWD/travis-node



travis_time:end:1b90078c:start=1497297208276925971,finish=1497297209354987710,duration=1078061739
[0Ktravis_fold:end:before_install.3
[0Ktravis_fold:start:before_install.4
[0Ktravis_time:start:1514777e
[0K$ export PATH=$PWD/travis-node/node-v6.10.2-linux-x64/bin:$PATH



travis_time:end:1514777e:start=1497297209360437940,finish=1497297209364612111,duration=4174171
[0Ktravis_fold:end:before_install.4
[0Ktravis_fold:start:before_install.5
[0Ktravis_time:start:0d173568
[0K$ node -v

v6.10.2



travis_time:end:0d173568:start=1497297209369702395,finish=1497297209375865017,duration=6162622
[0Ktravis_fold:end:before_install.5
[0Ktravis_fold:start:before_install.6
[0Ktravis_time:start:06167c97
[0K$ sudo apt-get update



0% [Working]
            
Ign http://us-central1.gce.archive.ubuntu.com trusty InRelease


            
2% [Waiting for headers] [Connecting to security.ubuntu.com (91.189.91.26)] [Co
                                                                               
Hit http://us-central1.gce.archive.ubuntu.com trusty-updates InRelease


4% [Connecting to security.ubuntu.com (91.189.91.26)] [Connecting to ppa.launch
                                                                               
Hit http://us-central1.gce.archive.ubuntu.com trusty-backports InRelease


4% [Connecting to security.ubuntu.com (91.189.91.26)] [Connecting to ppa.launch
4% [InRelease gpgv 65.9 kB] [Waiting for headers] [Connecting to security.ubunt
                                                                               
Hit http://us-central1.gce.archive.ubuntu.com trusty Release.gpg


8% [InRelease gpgv 65.9 kB] [Connecting to security.ubuntu.com (91.189.91.26)] 
                                                                               
Hit http://us-central1.gce.archive.ubuntu.com trusty Release


8% [InRelease gpgv 65.9 kB] [Connecting to security.ubuntu.com (91.189.91.26)] 
                                                                               
Ign http://repo.mongodb.org trusty/mongodb-org/3.2 InRelease


12% [InRelease gpgv 65.9 kB] [Connecting to security.ubuntu.com (91.189.91.26)]
                                                                               
Hit http://apt.postgresql.org trusty-pgdg InRelease


12% [InRelease gpgv 65.9 kB] [Waiting for headers] [Connecting to ppa.launchpad
                                                                               
Hit http://repo.mongodb.org trusty/mongodb-org/3.2 Release.gpg


15% [InRelease gpgv 65.9 kB] [Waiting for headers] [Connecting to ppa.launchpad
                                                                               
Hit http://dl.hhvm.com trusty InRelease


15% [InRelease gpgv 65.9 kB] [Waiting for headers] [Connecting to ppa.launchpad
                                                                               
Hit http://repo.mongodb.org trusty/mongodb-org/3.2 Release


15% [InRelease gpgv 65.9 kB] [Waiting for headers] [Connecting to ppa.launchpad
                                                                               
Hit http://security.ubuntu.com trusty-security InRelease


15% [InRelease gpgv 65.9 kB] [Connecting to ppa.launchpad.net (91.189.95.83)] [
                                                                               
Ign http://dl.google.com stable InRelease


19% [InRelease gpgv 65.9 kB] [Connecting to ppa.launchpad.net (91.189.95.83)] [
19% [InRelease gpgv 65.9 kB] [Connecting to ppa.launchpad.net (91.189.95.83)] [
                                                                               
14% [Connecting to ppa.launchpad.net (91.189.95.83)] [Waiting for headers]
                                                                          
14% [Connecting to heroku-toolbelt.s3.amazonaws.com] [InRelease gpgv 65.9 kB] [
                                                                               
Hit http://us-central1.gce.archive.ubuntu.com trusty-updates/main Sources


14% [Connecting to heroku-toolbelt.s3.amazonaws.com] [InRelease gpgv 65.9 kB] [
                                                                               
Hit http://dl.google.com stable Release.gpg


13% [Connecting to heroku-toolbelt.s3.amazonaws.com (52.216.225.232)] [Waiting 
13% [Sources 2,173 kB] [Connecting to heroku-toolbelt.s3.amazonaws.com (52.216.
13% [Sources 2,173 kB] [Connecting to heroku-toolbelt.s3.amazonaws.com (52.216.
                                                                               
Hit http://us-central1.gce.archive.ubuntu.com trusty-updates/restricted Sources


13% [Sources 2,173 kB] [Connecting to heroku-toolbelt.s3.amazonaws.com (52.216.
                                                                               
Hit http://us-central1.gce.archive.ubuntu.com trusty-updates/universe Sources


13% [Sources 2,173 kB] [Connecting to heroku-toolbelt.s3.amazonaws.com (52.216.
                                                                               
Hit http://us-central1.gce.archive.ubuntu.com trusty-updates/multiverse Sources


                                                                               
Hit http://us-central1.gce.archive.ubuntu.com trusty-updates/main amd64 Packages


13% [Sources 2,173 kB] [Waiting for headers] [Release gpgv 58.5 kB] [Waiting fo
                                                                               
Hit http://us-central1.gce.archive.ubuntu.com trusty-updates/restricted amd64 Packages


                                                                               
Hit http://us-central1.gce.archive.ubuntu.com trusty-updates/universe amd64 Packages


                                                                               
Hit http://us-central1.gce.archive.ubuntu.com trusty-updates/multiverse amd64 Packages


13% [Sources 2,173 kB] [Waiting for headers] [Release gpgv 58.5 kB] [Waiting fo
                                                                               
Get:1 http://us-central1.gce.archive.ubuntu.com trusty-updates/main i386 Packages [1,177 kB]


11% [Sources 2,173 kB] [Waiting for headers] [Release gpgv 58.5 kB] [1 Packages
                                                                               
Hit http://dl.google.com stable Release


11% [Sources 2,173 kB] [Waiting for headers] [Release gpgv 58.5 kB] [1 Packages
                                                                               
Ign http://toolbelt.heroku.com ./ InRelease


28% [Sources 2,173 kB] [Release gpgv 58.5 kB] [1 Packages 324 kB/1,177 kB 28%] 
                                                                               
Hit http://ppa.launchpad.net trusty InRelease


33% [Sources 2,173 kB] [Release gpgv 58.5 kB] [1 Packages 390 kB/1,177 kB 33%] 
44% [Sources 2,173 kB] [1 Packages 521 kB/1,177 kB 44%] [Waiting for headers] [
44% [Sources 2,173 kB] [InRelease gpgv 51.6 kB] [1 Packages 521 kB/1,177 kB 44%
55% [Sources 2,173 kB] [InRelease gpgv 51.6 kB] [1 Packages 652 kB/1,177 kB 55%
100% [Waiting for headers] [InRelease gpgv 51.6 kB] [1 Packages 1,176 kB/1,177 
                                                                               
100% [Waiting for headers] [InRelease gpgv 51.6 kB] [Waiting for headers]
                                                                         
Hit http://toolbelt.heroku.com ./ Release.gpg


                                                                         
Get:2 http://us-central1.gce.archive.ubuntu.com trusty-updates/restricted i386 Packages [20.9 kB]


                                                                         
Get:3 http://us-central1.gce.archive.ubuntu.com trusty-updates/universe i386 Packages [532 kB]


                                                                         
Get:4 http://us-central1.gce.archive.ubuntu.com trusty-updates/multiverse i386 Packages [16.1 kB]


                                                                         
Hit http://us-central1.gce.archive.ubuntu.com trusty-updates/main Translation-en


                                                                         
100% [Waiting for headers] [Waiting for headers]
                                                
Hit http://ppa.launchpad.net trusty InRelease


100% [Waiting for headers] [Waiting for headers]
                                                
100% [Sources 855 kB] [InRelease gpgv 2,104 B] [Waiting for headers] [Waiting f
100% [1 Packages gzip 0 B] [Sources 855 kB] [InRelease gpgv 2,104 B] [Waiting f
                                                                               
Hit http://us-central1.gce.archive.ubuntu.com trusty-updates/multiverse Translation-en


100% [1 Packages gzip 0 B] [Sources 855 kB] [InRelease gpgv 2,104 B] [Waiting f
                                                                               
Hit http://us-central1.gce.archive.ubuntu.com trusty-updates/restricted Translation-en


100% [1 Packages gzip 0 B] [Sources 855 kB] [InRelease gpgv 2,104 B] [Waiting f
                                                                               
Hit http://us-central1.gce.archive.ubuntu.com trusty-updates/universe Translation-en


100% [1 Packages gzip 0 B] [Sources 855 kB] [InRelease gpgv 2,104 B] [Waiting f
                                                                               
Hit http://us-central1.gce.archive.ubuntu.com trusty-backports/main Sources


                                                                               
Hit http://us-central1.gce.archive.ubuntu.com trusty-backports/restricted Sources


100% [1 Packages gzip 0 B] [Sources 855 kB] [InRelease gpgv 2,104 B] [Waiting f
                                                                               
Hit http://us-central1.gce.archive.ubuntu.com trusty-backports/universe Sources


                                                                               
Hit http://us-central1.gce.archive.ubuntu.com trusty-backports/multiverse Sources


100% [1 Packages gzip 0 B] [Sources 855 kB] [InRelease gpgv 2,104 B] [Waiting f
                                                                               
Hit http://us-central1.gce.archive.ubuntu.com trusty-backports/main amd64 Packages


                                                                               
Hit http://us-central1.gce.archive.ubuntu.com trusty-backports/restricted amd64 Packages


100% [1 Packages gzip 0 B] [Sources 855 kB] [InRelease gpgv 2,104 B] [Waiting f
                                                                               
Hit http://us-central1.gce.archive.ubuntu.com trusty-backports/universe amd64 Packages


                                                                               
Hit http://us-central1.gce.archive.ubuntu.com trusty-backports/multiverse amd64 Packages


100% [1 Packages gzip 0 B] [Sources 855 kB] [InRelease gpgv 2,104 B] [Waiting f
                                                                               
Get:5 http://us-central1.gce.archive.ubuntu.com trusty-backports/main i386 Packages [14.8 kB]


                                                                               
Get:6 http://us-central1.gce.archive.ubuntu.com trusty-backports/restricted i386 Packages [40 B]


100% [1 Packages gzip 0 B] [Sources 855 kB] [InRelease gpgv 2,104 B] [6 Package
                                                                               
Hit http://apt.postgresql.org trusty-pgdg/main amd64 Packages


100% [1 Packages gzip 0 B] [Sources 855 kB] [InRelease gpgv 2,104 B] [Waiting f
                                                                               
Get:7 http://us-central1.gce.archive.ubuntu.com trusty-backports/universe i386 Packages [52.6 kB]


100% [1 Packages gzip 0 B] [Sources 855 kB] [Waiting for headers] [InRelease gp
                                                                               
Get:8 http://us-central1.gce.archive.ubuntu.com trusty-backports/multiverse i386 Packages [1,381 B]


100% [1 Packages gzip 0 B] [Sources 855 kB] [Waiting for headers] [InRelease gp
                                                                               
Hit http://us-central1.gce.archive.ubuntu.com trusty-backports/main Translation-en


100% [1 Packages gzip 0 B] [Sources 855 kB] [Waiting for headers] [InRelease gp
                                                                               
Hit http://us-central1.gce.archive.ubuntu.com trusty-backports/multiverse Translation-en


100% [1 Packages gzip 0 B] [Sources 855 kB] [Waiting for headers] [InRelease gp
                                                                               
Hit http://toolbelt.heroku.com ./ Release


100% [1 Packages gzip 0 B] [Sources 855 kB] [InRelease gpgv 2,104 B] [Waiting f
                                                                               
Get:9 http://apt.postgresql.org trusty-pgdg/main i386 Packages [118 kB]


97% [1 Packages gzip 0 B] [Sources 855 kB] [InRelease gpgv 2,104 B] [Waiting fo
98% [1 Packages gzip 0 B] [InRelease gpgv 2,104 B] [Waiting for headers] [Waiti
98% [1 Packages gzip 0 B] [Sources 31.7 kB] [InRelease gpgv 2,104 B] [Waiting f
98% [1 Packages gzip 0 B] [InRelease gpgv 2,104 B] [Waiting for headers] [Waiti
98% [1 Packages gzip 0 B] [Packages 6,890 kB] [InRelease gpgv 2,104 B] [Waiting
                                                                               
Hit http://ppa.launchpad.net trusty InRelease


98% [1 Packages gzip 0 B] [Packages 6,890 kB] [InRelease gpgv 2,104 B] [Waiting
98% [1 Packages gzip 0 B] [Packages 6,890 kB] [Waiting for headers] [Waiting fo
98% [1 Packages gzip 0 B] [Packages 6,890 kB] [Release gpgv 3,462 B] [Waiting f
                                                                               
Hit http://us-central1.gce.archive.ubuntu.com trusty-backports/restricted Translation-en


98% [1 Packages gzip 0 B] [Packages 6,890 kB] [Release gpgv 3,462 B] [Waiting f
                                                                               
Hit http://us-central1.gce.archive.ubuntu.com trusty-backports/universe Translation-en


98% [1 Packages gzip 0 B] [Packages 6,890 kB] [Release gpgv 3,462 B] [Waiting f
                                                                               
Hit http://us-central1.gce.archive.ubuntu.com trusty/main Sources


98% [1 Packages gzip 0 B] [Packages 6,890 kB] [Release gpgv 3,462 B] [Waiting f
                                                                               
Hit http://us-central1.gce.archive.ubuntu.com trusty/restricted Sources


98% [1 Packages gzip 0 B] [Packages 6,890 kB] [Release gpgv 3,462 B] [Waiting f
                                                                               
Hit http://us-central1.gce.archive.ubuntu.com trusty/universe Sources


98% [1 Packages gzip 0 B] [Packages 6,890 kB] [Release gpgv 3,462 B] [Waiting f
                                                                               
Hit http://us-central1.gce.archive.ubuntu.com trusty/multiverse Sources


98% [1 Packages gzip 0 B] [Packages 6,890 kB] [Release gpgv 3,462 B] [Waiting f
                                                                               
Hit http://us-central1.gce.archive.ubuntu.com trusty/main amd64 Packages


98% [1 Packages gzip 0 B] [Packages 6,890 kB] [Release gpgv 3,462 B] [Waiting f
                                                                               
Hit http://us-central1.gce.archive.ubuntu.com trusty/restricted amd64 Packages


98% [1 Packages gzip 0 B] [Packages 6,890 kB] [Release gpgv 3,462 B] [Waiting f
                                                                               
Hit http://us-central1.gce.archive.ubuntu.com trusty/universe amd64 Packages


98% [1 Packages gzip 0 B] [Packages 6,890 kB] [Release gpgv 3,462 B] [Waiting f
                                                                               
Hit http://us-central1.gce.archive.ubuntu.com trusty/multiverse amd64 Packages


98% [1 Packages gzip 0 B] [Packages 6,890 kB] [Release gpgv 3,462 B] [Waiting f
                                                                               
Get:10 http://us-central1.gce.archive.ubuntu.com trusty/main i386 Packages [1,739 kB]


74% [1 Packages gzip 0 B] [Packages 6,890 kB] [Release gpgv 3,462 B] [10 Packag
                                                                               
Hit http://dl.hhvm.com trusty/main amd64 Packages


78% [1 Packages gzip 0 B] [Packages 6,890 kB] [Release gpgv 3,462 B] [10 Packag
78% [1 Packages gzip 0 B] [Packages 6,890 kB] [10 Packages 272 kB/1,739 kB 16%]
78% [1 Packages gzip 0 B] [Packages 6,890 kB] [InRelease gpgv 65.9 kB] [10 Pack
79% [1 Packages gzip 0 B] [Packages 6,890 kB] [InRelease gpgv 65.9 kB] [10 Pack
                                                                               
Hit http://repo.mongodb.org trusty/mongodb-org/3.2/multiverse amd64 Packages


82% [1 Packages gzip 0 B] [Packages 6,890 kB] [InRelease gpgv 65.9 kB] [10 Pack
                                                                               
Get:11 http://dl.hhvm.com trusty/main i386 Packages [20 B]


82% [1 Packages gzip 0 B] [Packages 6,890 kB] [InRelease gpgv 65.9 kB] [10 Pack
                                                                               
Get:12 http://repo.mongodb.org trusty/mongodb-org/3.2/multiverse i386 Packages [29 B]


82% [1 Packages gzip 0 B] [Packages 6,890 kB] [InRelease gpgv 65.9 kB] [10 Pack
                                                                               
Hit http://ppa.launchpad.net trusty InRelease


89% [1 Packages gzip 0 B] [Packages 6,890 kB] [InRelease gpgv 65.9 kB] [10 Pack
92% [1 Packages gzip 0 B] [Packages 6,890 kB] [10 Packages 1,173 kB/1,739 kB 67
92% [1 Packages gzip 0 B] [Packages 6,890 kB] [Release gpgv 1,189 B] [10 Packag
                                                                               
Hit http://security.ubuntu.com trusty-security/main Sources


95% [1 Packages gzip 0 B] [Packages 6,890 kB] [Release gpgv 1,189 B] [10 Packag
97% [1 Packages gzip 0 B] [Packages 6,890 kB] [10 Packages 1,566 kB/1,739 kB 90
97% [1 Packages gzip 0 B] [Packages 6,890 kB] [InRelease gpgv 15.5 kB] [10 Pack
100% [1 Packages gzip 0 B] [Packages 6,890 kB] [InRelease gpgv 15.5 kB] [Waitin
                                                                               
Hit http://security.ubuntu.com trusty-security/restricted Sources


100% [1 Packages gzip 0 B] [Packages 6,890 kB] [InRelease gpgv 15.5 kB] [Waitin
                                                                               
Hit http://dl.google.com stable/main amd64 Packages


100% [1 Packages gzip 0 B] [Packages 6,890 kB] [InRelease gpgv 15.5 kB] [Waitin
                                                                               
Get:13 http://us-central1.gce.archive.ubuntu.com trusty/restricted i386 Packages [16.4 kB]


                                                                               
Hit http://ppa.launchpad.net trusty InRelease


                                                                               
Ign http://repo.mongodb.org trusty/mongodb-org/3.2/multiverse Translation-en_US


100% [1 Packages gzip 0 B] [Packages 6,890 kB] [Waiting for headers] [Waiting f
                                                                               
Get:14 http://us-central1.gce.archive.ubuntu.com trusty/universe i386 Packages [7,597 kB]


47% [1 Packages gzip 0 B] [Packages 6,890 kB] [14 Packages 22.7 kB/7,597 kB 0%]
48% [1 Packages gzip 0 B] [Packages 6,890 kB] [InRelease gpgv 15.4 kB] [14 Pack
                                                                               
Hit http://security.ubuntu.com trusty-security/universe Sources


49% [1 Packages gzip 0 B] [Packages 6,890 kB] [InRelease gpgv 15.4 kB] [14 Pack
                                                                               
Ign http://repo.mongodb.org trusty/mongodb-org/3.2/multiverse Translation-en


49% [1 Packages gzip 0 B] [Packages 6,890 kB] [InRelease gpgv 15.4 kB] [14 Pack
                                                                               
Hit http://security.ubuntu.com trusty-security/multiverse Sources


51% [1 Packages gzip 0 B] [Packages 6,890 kB] [InRelease gpgv 15.4 kB] [14 Pack
52% [1 Packages gzip 0 B] [Packages 6,890 kB] [14 Packages 678 kB/7,597 kB 9%] 
52% [1 Packages gzip 0 B] [Packages 6,890 kB] [Release gpgv 1,609 B] [14 Packag
52% [1 Packages gzip 0 B] [Packages 6,890 kB] [14 Packages 704 kB/7,597 kB 9%] 
52% [1 Packages gzip 0 B] [Packages 6,890 kB] [InRelease gpgv 15.5 kB] [14 Pack
                                                                               
Hit http://security.ubuntu.com trusty-security/main amd64 Packages


52% [1 Packages gzip 0 B] [Packages 6,890 kB] [InRelease gpgv 15.5 kB] [14 Pack
                                                                               
Ign http://apt.postgresql.org trusty-pgdg/main Translation-en_US


53% [1 Packages gzip 0 B] [Packages 6,890 kB] [InRelease gpgv 15.5 kB] [14 Pack
                                                                               
Ign http://ppa.launchpad.net trusty InRelease


54% [1 Packages gzip 0 B] [Packages 6,890 kB] [InRelease gpgv 15.5 kB] [14 Pack
                                                                               
Hit http://security.ubuntu.com trusty-security/restricted amd64 Packages


54% [1 Packages gzip 0 B] [Packages 6,890 kB] [InRelease gpgv 15.5 kB] [14 Pack
54% [1 Packages gzip 0 B] [Packages 6,890 kB] [InRelease gpgv 15.5 kB] [14 Pack
55% [1 Packages gzip 0 B] [Packages 6,890 kB] [Waiting for headers] [14 Package
55% [1 Packages gzip 0 B] [Packages 6,890 kB] [Waiting for headers] [InRelease 
                                                                               
Ign http://dl.hhvm.com trusty/main Translation-en_US


55% [1 Packages gzip 0 B] [Packages 6,890 kB] [Waiting for headers] [InRelease 
                                                                               
Hit http://security.ubuntu.com trusty-security/universe amd64 Packages


57% [1 Packages gzip 0 B] [Packages 6,890 kB] [Waiting for headers] [InRelease 
57% [1 Packages gzip 0 B] [Packages 6,890 kB] [Waiting for headers] [InRelease 
                                                                               
Hit http://toolbelt.heroku.com ./ Packages


57% [1 Packages gzip 0 B] [Packages 6,890 kB] [InRelease gpgv 15.4 kB] [14 Pack
                                                                               
Ign http://dl.hhvm.com trusty/main Translation-en


58% [1 Packages gzip 0 B] [Packages 6,890 kB] [Waiting for headers] [InRelease 
                                                                               
Ign http://apt.postgresql.org trusty-pgdg/main Translation-en


58% [1 Packages gzip 0 B] [Packages 6,890 kB] [Waiting for headers] [InRelease 
58% [1 Packages gzip 0 B] [Packages 6,890 kB] [Waiting for headers] [14 Package
58% [1 Packages gzip 0 B] [Packages 6,890 kB] [Waiting for headers] [InRelease 
                                                                               
Hit http://security.ubuntu.com trusty-security/multiverse amd64 Packages


58% [1 Packages gzip 0 B] [Packages 6,890 kB] [Waiting for headers] [InRelease 
58% [1 Packages gzip 0 B] [Packages 6,890 kB] [Waiting for headers] [InRelease 
                                                                               
Ign http://ppa.launchpad.net trusty InRelease


59% [1 Packages gzip 0 B] [Packages 6,890 kB] [Waiting for headers] [InRelease 
60% [1 Packages gzip 0 B] [Packages 6,890 kB] [Waiting for headers] [14 Package
                                                                               
Get:15 http://security.ubuntu.com trusty-security/main i386 Packages [715 kB]


57% [1 Packages gzip 0 B] [Packages 6,890 kB] [Waiting for headers] [14 Package
57% [1 Packages gzip 0 B] [Packages 6,890 kB] [Waiting for headers] [14 Package
                                                                               
Hit https://apt.dockerproject.org ubuntu-trusty InRelease


58% [1 Packages gzip 0 B] [Packages 6,890 kB] [Waiting for headers] [14 Package
59% [1 Packages gzip 0 B] [Packages 6,890 kB] [Waiting for headers] [InRelease 
62% [1 Packages gzip 0 B] [Packages 6,890 kB] [InRelease gpgv 48.7 kB] [14 Pack
64% [1 Packages gzip 0 B] [Packages 6,890 kB] [Waiting for headers] [14 Package
64% [Packages 6,890 kB] [Waiting for headers] [14 Packages 2,841 kB/7,597 kB 37
64% [2 Packages gzip 0 B] [Packages 6,890 kB] [Waiting for headers] [14 Package
66% [Packages 6,890 kB] [Waiting for headers] [14 Packages 3,037 kB/7,597 kB 40
                                                                               
Hit https://apt.dockerproject.org ubuntu-trusty/main amd64 Packages


66% [Packages 6,890 kB] [Waiting for headers] [14 Packages 3,037 kB/7,597 kB 40
66% [3 Packages gzip 0 B] [Packages 6,890 kB] [Waiting for headers] [14 Package
67% [3 Packages gzip 0 B] [Packages 6,890 kB] [Waiting for headers] [14 Package
                                                                               
Hit http://ppa.launchpad.net trusty InRelease


67% [3 Packages gzip 0 B] [Packages 6,890 kB] [Waiting for headers] [14 Package
67% [3 Packages gzip 0 B] [Packages 6,890 kB] [Waiting for headers] [InRelease 
                                                                               
Get:16 https://apt.dockerproject.org ubuntu-trusty/main i386 Packages


69% [3 Packages gzip 0 B] [Packages 6,890 kB] [Waiting for headers] [InRelease 
69% [3 Packages gzip 0 B] [Packages 6,890 kB] [Waiting for headers] [InRelease 
                                                                               
Get:17 https://apt.dockerproject.org ubuntu-trusty/main Translation-en_US


71% [3 Packages gzip 0 B] [Packages 6,890 kB] [Waiting for headers] [InRelease 
71% [3 Packages gzip 0 B] [Packages 6,890 kB] [Waiting for headers] [InRelease 
73% [3 Packages gzip 0 B] [Packages 6,890 kB] [Waiting for headers] [14 Package
74% [3 Packages gzip 0 B] [Packages 6,890 kB] [Waiting for headers] [14 Package
                                                                               
Hit http://ppa.launchpad.net trusty InRelease


78% [3 Packages gzip 0 B] [Packages 6,890 kB] [Waiting for headers] [14 Package
78% [3 Packages gzip 0 B] [Packages 6,890 kB] [Waiting for headers] [InRelease 
79% [3 Packages gzip 0 B] [Packages 6,890 kB] [InRelease gpgv 15.5 kB] [14 Pack
79% [3 Packages gzip 0 B] [Packages 6,890 kB] [InRelease gpgv 15.5 kB] [14 Pack
                                                                               
Get:18 http://security.ubuntu.com trusty-security/restricted i386 Packages [17.6 kB]


82% [3 Packages gzip 0 B] [Packages 6,890 kB] [Waiting for headers] [InRelease 
82% [3 Packages gzip 0 B] [Packages 6,890 kB] [Waiting for headers] [InRelease 
82% [3 Packages gzip 0 B] [Packages 6,890 kB] [Waiting for headers] [InRelease 
                                                                               
Ign https://apt.dockerproject.org ubuntu-trusty/main Translation-en_US


83% [3 Packages gzip 0 B] [Packages 6,890 kB] [Waiting for headers] [InRelease 
83% [3 Packages gzip 0 B] [Packages 6,890 kB] [Waiting for headers] [14 Package
                                                                               
Ign http://dl.google.com stable/main Translation-en_US


83% [3 Packages gzip 0 B] [Packages 6,890 kB] [Waiting for headers] [14 Package
89% [3 Packages gzip 0 B] [Waiting for headers] [14 Packages 5,161 kB/7,597 kB 
89% [3 Packages gzip 0 B] [Packages 166 kB] [Waiting for headers] [14 Packages 
                                                                               
Ign https://apt.dockerproject.org ubuntu-trusty/main Translation-en


89% [3 Packages gzip 0 B] [Packages 166 kB] [Waiting for headers] [14 Packages 
90% [3 Packages gzip 0 B] [Waiting for headers] [14 Packages 5,292 kB/7,597 kB 
90% [3 Packages gzip 0 B] [Packages 2,425 kB] [Waiting for headers] [14 Package
                                                                               
Get:19 http://security.ubuntu.com trusty-security/universe i386 Packages [212 kB]


89% [3 Packages gzip 0 B] [Packages 2,425 kB] [Waiting for headers] [14 Package
89% [3 Packages gzip 0 B] [Packages 2,425 kB] [Waiting for headers] [14 Package
90% [3 Packages gzip 0 B] [Packages 2,425 kB] [Waiting for headers] [14 Package
                                                                               
Ign http://toolbelt.heroku.com ./ Translation-en_US


90% [3 Packages gzip 0 B] [Packages 2,425 kB] [14 Packages 5,292 kB/7,597 kB 70
                                                                               
Hit http://ppa.launchpad.net trusty/main amd64 Packages


91% [3 Packages gzip 0 B] [Packages 2,425 kB] [Waiting for headers] [14 Package
                                                                               
Get:20 http://security.ubuntu.com trusty-security/multiverse i386 Packages [4,186 B]


92% [3 Packages gzip 0 B] [Packages 2,425 kB] [Waiting for headers] [14 Package
92% [3 Packages gzip 0 B] [Packages 2,425 kB] [Waiting for headers] [14 Package
                                                                               
Ign http://toolbelt.heroku.com ./ Translation-en


92% [3 Packages gzip 0 B] [Packages 2,425 kB] [14 Packages 5,853 kB/7,597 kB 77
93% [Packages 2,425 kB] [14 Packages 5,986 kB/7,597 kB 79%] [Waiting for header
93% [4 Packages gzip 0 B] [Packages 2,425 kB] [14 Packages 6,118 kB/7,597 kB 81
94% [Packages 2,425 kB] [14 Packages 6,209 kB/7,597 kB 82%] [Waiting for header
94% [5 Packages gzip 0 B] [Packages 2,425 kB] [14 Packages 6,314 kB/7,597 kB 83
95% [Packages 2,425 kB] [14 Packages 6,445 kB/7,597 kB 85%] [Waiting for header
                                                                               
Hit http://security.ubuntu.com trusty-security/main Translation-en


96% [Packages 2,425 kB] [14 Packages 6,602 kB/7,597 kB 87%] [Waiting for header
96% [6 Packages gzip 0 B] [Packages 2,425 kB] [14 Packages 6,602 kB/7,597 kB 87
96% [Packages 2,425 kB] [14 Packages 6,642 kB/7,597 kB 87%] [Waiting for header
96% [7 Packages gzip 0 B] [Packages 2,425 kB] [14 Packages 6,642 kB/7,597 kB 87
                                                                               
Ign http://dl.google.com stable/main Translation-en


97% [7 Packages gzip 0 B] [Packages 2,425 kB] [14 Packages 6,969 kB/7,597 kB 92
98% [Packages 2,425 kB] [14 Packages 7,232 kB/7,597 kB 95%] [Waiting for header
98% [8 Packages gzip 0 B] [Packages 2,425 kB] [14 Packages 7,232 kB/7,597 kB 95
98% [Packages 2,425 kB] [14 Packages 7,258 kB/7,597 kB 96%] [Waiting for header
99% [9 Packages gzip 0 B] [Packages 2,425 kB] [14 Packages 7,297 kB/7,597 kB 96
                                                                               
Hit http://security.ubuntu.com trusty-security/multiverse Translation-en


100% [9 Packages gzip 0 B] [Packages 2,425 kB] [14 Packages 7,559 kB/7,597 kB 9
100% [9 Packages gzip 0 B] [Packages 2,425 kB] [Waiting for headers] [Waiting f
                                                                               
Get:21 http://us-central1.gce.archive.ubuntu.com trusty/multiverse i386 Packages [172 kB]


99% [9 Packages gzip 0 B] [Packages 2,425 kB] [21 Packages 0 B/172 kB 0%] [Wait
100% [9 Packages gzip 0 B] [Packages 2,425 kB] [Waiting for headers] [Waiting f
100% [Packages 2,425 kB] [Waiting for headers] [Waiting for headers] [Waiting f
100% [11 Packages gzip 0 B] [Packages 2,425 kB] [Waiting for headers] [Waiting 
100% [Packages 2,425 kB] [Waiting for headers] [Waiting for headers] [Waiting f
100% [12 Packages gzip 0 B] [Packages 2,425 kB] [Waiting for headers] [Waiting 
                                                                               
Hit http://us-central1.gce.archive.ubuntu.com trusty/main Translation-en


100% [12 Packages gzip 0 B] [Packages 2,425 kB] [Waiting for headers] [Waiting 
                                                                               
Hit http://us-central1.gce.archive.ubuntu.com trusty/multiverse Translation-en


100% [12 Packages gzip 0 B] [Packages 2,425 kB] [Waiting for headers] [Waiting 
                                                                               
Get:22 http://ppa.launchpad.net trusty/main i386 Packages [1,611 B]


100% [12 Packages gzip 0 B] [Packages 2,425 kB] [Waiting for headers] [Waiting 
100% [Packages 2,425 kB] [Waiting for headers] [Waiting for headers] [Waiting f
                                                                               
Hit http://security.ubuntu.com trusty-security/restricted Translation-en


100% [Packages 2,425 kB] [Waiting for headers] [Waiting for headers] [Waiting f
100% [10 Packages gzip 0 B] [Packages 2,425 kB] [Waiting for headers] [Waiting 
100% [10 Packages gzip 0 B] [Waiting for headers] [Waiting for headers] [Waitin
100% [10 Packages gzip 0 B] [Packages 77.5 kB] [Waiting for headers] [Waiting f
100% [10 Packages gzip 0 B] [Waiting for headers] [Waiting for headers] [Waitin
100% [10 Packages gzip 0 B] [Translation-en 6,713 kB] [Waiting for headers] [Wa
                                                                               
Hit http://us-central1.gce.archive.ubuntu.com trusty/restricted Translation-en


100% [10 Packages gzip 0 B] [Translation-en 6,713 kB] [Waiting for headers] [Wa
                                                                               
Hit http://us-central1.gce.archive.ubuntu.com trusty/universe Translation-en


100% [10 Packages gzip 0 B] [Translation-en 6,713 kB] [Waiting for headers] [Wa
                                                                               
Hit http://security.ubuntu.com trusty-security/universe Translation-en


100% [10 Packages gzip 0 B] [Translation-en 6,713 kB] [Waiting for headers] [Wa
                                                                               
Ign http://us-central1.gce.archive.ubuntu.com trusty/main Translation-en_US


100% [10 Packages gzip 0 B] [Translation-en 6,713 kB] [Waiting for headers] [Wa
                                                                               
Ign http://us-central1.gce.archive.ubuntu.com trusty/multiverse Translation-en_US


                                                                               
100% [10 Packages gzip 0 B] [Translation-en 6,713 kB] [Waiting for headers]
                                                                           
Ign http://us-central1.gce.archive.ubuntu.com trusty/restricted Translation-en_US


100% [10 Packages gzip 0 B] [Translation-en 6,713 kB] [Waiting for headers]
                                                                           
Ign http://us-central1.gce.archive.ubuntu.com trusty/universe Translation-en_US


100% [10 Packages gzip 0 B] [Translation-en 6,713 kB] [Waiting for headers]
                                                                           
Hit http://ppa.launchpad.net trusty/main Translation-en


100% [10 Packages gzip 0 B] [Translation-en 6,713 kB] [Waiting for headers]
                                                                           
Hit http://ppa.launchpad.net trusty/main amd64 Packages


100% [10 Packages gzip 0 B] [Translation-en 6,713 kB] [Waiting for headers]
                                                                           
Hit https://packagecloud.io trusty InRelease


100% [10 Packages gzip 0 B] [Translation-en 6,713 kB] [Waiting for headers]
                                                                           
100% [10 Packages gzip 0 B] [Translation-en 6,713 kB] [InRelease gpgv 23.2 kB] 
                                                                               
100% [10 Packages gzip 0 B] [Translation-en 6,713 kB] [Waiting for headers]
                                                                           
Get:23 http://ppa.launchpad.net trusty/main i386 Packages [3,427 B]


                                                                           
100% [10 Packages gzip 0 B] [Translation-en 6,713 kB] [23 Packages 3,427 B/3,42
                                                                               
100% [10 Packages gzip 0 B] [Translation-en 6,713 kB]
                                                     
100% [10 Packages gzip 0 B] [Waiting for headers]
                                                 
100% [10 Packages gzip 0 B] [Translation-en 31.6 kB] [Waiting for headers]
                                                                          
100% [10 Packages gzip 0 B] [Waiting for headers]
                                                 
100% [10 Packages gzip 0 B] [Translation-en 28.6 kB] [Waiting for headers]
                                                                          
100% [10 Packages gzip 0 B] [Waiting for headers]
                                                 
100% [10 Packages gzip 0 B] [Translation-en 1,104 kB] [Waiting for headers]
                                                                           
100% [10 Packages gzip 0 B] [Waiting for headers]
                                                 
100% [10 Packages gzip 0 B] [Sources 34.0 kB] [Waiting for headers]
                                                                   
100% [10 Packages gzip 0 B] [Waiting for headers]
                                                 
100% [10 Packages gzip 0 B] [Sources 0 B] [Waiting for headers]
                                                               
100% [10 Packages gzip 0 B] [Waiting for headers]
                                                 
100% [10 Packages gzip 0 B] [Sources 141 kB] [Waiting for headers]
                                                                  
100% [10 Packages gzip 0 B] [Waiting for headers]
                                                 
100% [10 Packages gzip 0 B] [Sources 4,444 B] [Waiting for headers]
                                                                   
100% [10 Packages gzip 0 B] [Waiting for headers]
                                                 
100% [10 Packages gzip 0 B] [Packages 59.1 kB] [Waiting for headers]
                                                                    
Hit https://packagecloud.io trusty InRelease


100% [10 Packages gzip 0 B] [Packages 59.1 kB] [Waiting for headers]
                                                                    
100% [10 Packages gzip 0 B] [Packages 59.1 kB] [InRelease gpgv 23.9 kB] [Waitin
                                                                               
100% [10 Packages gzip 0 B] [InRelease gpgv 23.9 kB] [Waiting for headers]
                                                                          
100% [10 Packages gzip 0 B] [Packages 0 B] [InRelease gpgv 23.9 kB] [Waiting fo
                                                                               
100% [10 Packages gzip 0 B] [InRelease gpgv 23.9 kB] [Waiting for headers]
                                                                          
100% [10 Packages gzip 0 B] [Packages 220 kB] [InRelease gpgv 23.9 kB] [Waiting
                                                                               
100% [Packages 220 kB] [InRelease gpgv 23.9 kB] [Waiting for headers]
                                                                     
100% [13 Packages gzip 0 B] [Packages 220 kB] [InRelease gpgv 23.9 kB] [Waiting
                                                                               
100% [13 Packages gzip 0 B] [InRelease gpgv 23.9 kB] [Waiting for headers]
                                                                          
100% [13 Packages gzip 0 B] [Packages 3,396 B] [InRelease gpgv 23.9 kB] [Waitin
                                                                               
100% [13 Packages gzip 0 B] [InRelease gpgv 23.9 kB] [Waiting for headers]
                                                                          
100% [13 Packages gzip 0 B] [Packages 509 kB] [InRelease gpgv 23.9 kB] [Waiting
                                                                               
100% [Packages 509 kB] [InRelease gpgv 23.9 kB] [Waiting for headers]
                                                                     
100% [16 Packages gzip 0 B] [Packages 509 kB] [InRelease gpgv 23.9 kB] [Waiting
                                                                               
100% [Packages 509 kB] [InRelease gpgv 23.9 kB] [Waiting for headers]
                                                                     
100% [15 Packages gzip 0 B] [Packages 509 kB] [InRelease gpgv 23.9 kB] [Waiting
                                                                               
Hit http://ppa.launchpad.net trusty/main Translation-en


                                                                               
100% [15 Packages gzip 0 B] [Packages 509 kB] [InRelease gpgv 23.9 kB]
                                                                      
100% [15 Packages gzip 0 B] [Packages 509 kB] [Waiting for headers]
                                                                   
100% [15 Packages gzip 0 B] [Waiting for headers]
                                                 
100% [15 Packages gzip 0 B] [Translation-en 28.1 kB] [Waiting for headers]
                                                                          
100% [15 Packages gzip 0 B] [Waiting for headers]
                                                 
100% [15 Packages gzip 0 B] [Translation-en 2,242 B] [Waiting for headers]
                                                                          
100% [15 Packages gzip 0 B] [Waiting for headers]
                                                 
100% [15 Packages gzip 0 B] [Translation-en 0 B] [Waiting for headers]
                                                                      
100% [15 Packages gzip 0 B] [Waiting for headers]
                                                 
100% [15 Packages gzip 0 B] [Translation-en 155 kB] [Waiting for headers]
                                                                         
100% [15 Packages gzip 0 B] [Waiting for headers]
                                                 
100% [15 Packages gzip 0 B] [Sources 5,000 kB] [Waiting for headers]
                                                                    
Hit https://packagecloud.io trusty/main Sources


100% [15 Packages gzip 0 B] [Sources 5,000 kB] [Waiting for headers]
                                                                    
Hit http://ppa.launchpad.net trusty Release.gpg


                                                                    
100% [15 Packages gzip 0 B] [Sources 5,000 kB]
                                              
100% [Sources 5,000 kB] [Waiting for headers]
                                             
100% [18 Packages gzip 0 B] [Sources 5,000 kB] [Waiting for headers]
                                                                    
100% [Sources 5,000 kB] [Waiting for headers]
                                             
100% [19 Packages gzip 0 B] [Sources 5,000 kB] [Waiting for headers]
                                                                    
100% [19 Packages gzip 0 B] [Waiting for headers]
                                                 
100% [19 Packages gzip 0 B] [Sources 22.9 kB] [Waiting for headers]
                                                                   
100% [19 Packages gzip 0 B] [Waiting for headers]
                                                 
100% [19 Packages gzip 0 B] [Sources 27.9 MB] [Waiting for headers]
                                                                   
Hit https://packagecloud.io trusty/main amd64 Packages


100% [19 Packages gzip 0 B] [Sources 27.9 MB] [Waiting for headers]
                                                                   
Hit http://ppa.launchpad.net trusty/main amd64 Packages


                                                                   
100% [19 Packages gzip 0 B] [Sources 27.9 MB]
                                             
100% [Sources 27.9 MB] [Waiting for headers]
                                            
100% [20 Packages gzip 0 B] [Sources 27.9 MB] [Waiting for headers]
                                                                   
100% [Sources 27.9 MB] [Waiting for headers]
                                            
100% [14 Packages gzip 0 B] [Sources 27.9 MB] [Waiting for headers]
                                                                   
Get:24 http://ppa.launchpad.net trusty/main i386 Packages [7,556 B]


                                                                   
100% [14 Packages gzip 0 B] [Sources 27.9 MB] [24 Packages 7,556 B/7,556 B 100%
                                                                               
100% [14 Packages gzip 0 B] [Sources 27.9 MB] [Waiting for headers]
100% [14 Packages gzip 0 B] [Sources 27.9 MB] [Waiting for headers]
                                                                   
Get:25 https://packagecloud.io trusty/main Translation-en_US


                                                                   
100% [14 Packages gzip 0 B] [Sources 27.9 MB] [Waiting for headers] [25 Transla
                                                                               
Hit https://packagecloud.io trusty/main Sources


                                                                               
100% [14 Packages gzip 0 B] [Sources 27.9 MB] [Waiting for headers]
                                                                   
Hit http://ppa.launchpad.net trusty/main Translation-en


                                                                   
100% [14 Packages gzip 0 B] [Sources 27.9 MB]
                                             
Hit https://packagecloud.io trusty/main amd64 Packages


                                             
100% [14 Packages gzip 0 B] [Sources 27.9 MB] [Waiting for headers]
                                                                   
Hit http://ppa.launchpad.net trusty/main amd64 Packages


                                                                   
100% [14 Packages gzip 0 B] [Sources 27.9 MB]
                                             
Get:26 http://ppa.launchpad.net trusty/main i386 Packages [445 B]


                                             
100% [14 Packages gzip 0 B] [Sources 27.9 MB] [26 Packages 445 B/445 B 100%]
                                                                            
100% [14 Packages gzip 0 B] [Sources 27.9 MB] [Waiting for headers]
100% [14 Packages gzip 0 B] [Sources 27.9 MB] [Waiting for headers]
                                                                   
Get:27 https://packagecloud.io trusty/main Translation-en_US


                                                                   
100% [14 Packages gzip 0 B] [Sources 27.9 MB] [Waiting for headers] [27 Transla
                                                                               
Hit http://ppa.launchpad.net trusty/main Translation-en


                                                                               
100% [14 Packages gzip 0 B] [Sources 27.9 MB]
                                             
Hit http://ppa.launchpad.net trusty Release.gpg


100% [14 Packages gzip 0 B] [Sources 27.9 MB]
                                             
100% [14 Packages gzip 0 B] [Waiting for headers]
                                                 
100% [14 Packages gzip 0 B] [Sources 711 kB] [Waiting for headers]
                                                                  
100% [14 Packages gzip 0 B] [Waiting for headers]
                                                 
100% [14 Packages gzip 0 B] [Packages 8,235 kB] [Waiting for headers]
                                                                     
Hit http://ppa.launchpad.net trusty/main amd64 Packages


                                                                     
100% [14 Packages gzip 0 B] [Packages 8,235 kB]
                                               
Get:28 http://ppa.launchpad.net trusty/main i386 Packages [3,055 B]


                                               
100% [14 Packages gzip 0 B] [Packages 8,235 kB] [28 Packages 3,055 B/3,055 B 10
                                                                               
100% [14 Packages gzip 0 B] [Packages 8,235 kB] [Waiting for headers]
                                                                     
Hit http://ppa.launchpad.net trusty/main Translation-en


                                                                     
100% [14 Packages gzip 0 B] [Packages 8,235 kB]
                                               
100% [14 Packages gzip 0 B] [Waiting for headers]
                                                 
100% [14 Packages gzip 0 B] [Packages 184 kB] [Waiting for headers]
                                                                   
100% [14 Packages gzip 0 B] [Waiting for headers]
                                                 
100% [14 Packages gzip 0 B] [Packages 31.7 MB] [Waiting for headers]
                                                                    
Hit http://ppa.launchpad.net trusty/main amd64 Packages


                                                                    
100% [14 Packages gzip 0 B] [Packages 31.7 MB]
                                              
Ign https://packagecloud.io trusty/main Translation-en_US


                                              
100% [14 Packages gzip 0 B] [Packages 31.7 MB] [Waiting for headers]
                                                                    
Get:29 http://ppa.launchpad.net trusty/main i386 Packages [749 B]


100% [14 Packages gzip 0 B] [Packages 31.7 MB] [Waiting for headers]
                                                                    
Ign https://packagecloud.io trusty/main Translation-en


100% [14 Packages gzip 0 B] [Packages 31.7 MB] [Waiting for headers]
                                                                    
100% [Packages 31.7 MB] [Waiting for headers]
                                             
100% [21 Packages gzip 0 B] [Packages 31.7 MB] [Waiting for headers]
                                                                    
Ign https://packagecloud.io trusty/main Translation-en_US


100% [21 Packages gzip 0 B] [Packages 31.7 MB] [Waiting for headers]
                                                                    
Hit http://ppa.launchpad.net trusty/main Translation-en


100% [21 Packages gzip 0 B] [Packages 31.7 MB] [Waiting for headers]
                                                                    
100% [Packages 31.7 MB] [Waiting for headers]
                                             
100% [22 Packages gzip 0 B] [Packages 31.7 MB] [Waiting for headers]
                                                                    
100% [Packages 31.7 MB] [Waiting for headers]
                                             
100% [23 Packages gzip 0 B] [Packages 31.7 MB] [Waiting for headers]
                                                                    
100% [Packages 31.7 MB] [Waiting for headers]
                                             
100% [24 Packages gzip 0 B] [Packages 31.7 MB] [Waiting for headers]
                                                                    
100% [Packages 31.7 MB] [Waiting for headers]
                                             
100% [Packages gzip 0 B] [Packages 31.7 MB] [Waiting for headers]
                                                                 
100% [Packages 31.7 MB] [Waiting for headers]
                                             
100% [26 Packages gzip 0 B] [Packages 31.7 MB] [Waiting for headers]
                                                                    
100% [Packages 31.7 MB] [Waiting for headers]
                                             
100% [Packages gzip 0 B] [Packages 31.7 MB] [Waiting for headers]
                                                                 
100% [Packages 31.7 MB] [Waiting for headers]
                                             
100% [28 Packages gzip 0 B] [Packages 31.7 MB] [Waiting for headers]
                                                                    
100% [Packages 31.7 MB] [Waiting for headers]
                                             
100% [29 Packages gzip 0 B] [Packages 31.7 MB] [Waiting for headers]
                                                                    
100% [Packages 31.7 MB] [Waiting for headers]
                                             
Ign https://packagecloud.io trusty/main Translation-en


100% [Packages 31.7 MB] [Waiting for headers]
                                             
Hit http://ppa.launchpad.net trusty/main amd64 Packages


100% [Packages 31.7 MB] [Waiting for headers]
                                             
Get:30 http://ppa.launchpad.net trusty/main i386 Packages [3,140 B]


100% [Packages 31.7 MB] [Waiting for headers]
                                             
100% [30 Packages gzip 0 B] [Packages 31.7 MB] [Waiting for headers]
                                                                    
100% [Packages 31.7 MB] [Waiting for headers]
                                             
Hit http://ppa.launchpad.net trusty/main Translation-en


100% [Packages 31.7 MB] [Waiting for headers]
                                             
100% [Waiting for headers]
                          
100% [Packages 664 kB] [Waiting for headers]
                                            
Hit http://ppa.launchpad.net trusty Release


100% [Packages 664 kB] [Waiting for headers]
                                            
100% [Packages 664 kB] [Release gpgv 14.0 kB] [Waiting for headers]
                                                                   
100% [Packages 664 kB] [Waiting for headers]
                                            
100% [Waiting for headers]
                          
100% [Packages 8,706 B] [Waiting for headers]
                                             
100% [Waiting for headers]
                          
100% [Packages 236 kB] [Waiting for headers]
                                            
100% [Waiting for headers]
                          
100% [Sources 663 kB] [Waiting for headers]
                                           
100% [Waiting for headers]
                          
100% [Sources 30.3 kB] [Waiting for headers]
                                            
100% [Waiting for headers]
                          
100% [Packages 4,451 B] [Waiting for headers]
                                             
100% [Waiting for headers]
                          
100% [Sources 232 kB] [Waiting for headers]
                                           
100% [Waiting for headers]
                          
100% [Sources 9,364 B] [Waiting for headers]
                                            
100% [Waiting for headers]
                          
100% [Packages 4,323 kB] [Waiting for headers]
                                              
Hit http://ppa.launchpad.net trusty Release


                                              
100% [Packages 4,323 kB]
                        
100% [Packages 4,323 kB] [Release gpgv 14.0 kB]
                                               
100% [Packages 4,323 kB] [Waiting for headers]
                                              
100% [Waiting for headers]
                          
100% [Packages 131 kB] [Waiting for headers]
                                            
100% [Waiting for headers]
                          
100% [Packages 960 kB] [Waiting for headers]
                                            
100% [Waiting for headers]
                          
100% [Packages 1,070 B] [Waiting for headers]
                                             
100% [Waiting for headers]
                          
100% [Packages 15.0 kB] [Waiting for headers]
                                             
100% [Waiting for headers]
                          
100% [Packages 50.9 kB] [Waiting for headers]
                                             
100% [Waiting for headers]
                          
100% [Packages 4,699 B] [Waiting for headers]
                                             
100% [Waiting for headers]
                          
100% [Translation-en 5,582 kB] [Waiting for headers]
                                                    
Hit http://ppa.launchpad.net trusty/main amd64 Packages


                                                    
100% [Translation-en 5,582 kB]
                              
100% [Waiting for headers]
                          
100% [Translation-en 7,412 B] [Waiting for headers]
                                                   
100% [Waiting for headers]
                          
100% [Translation-en 4,149 kB] [Waiting for headers]
                                                    
100% [Waiting for headers]
                          
100% [Translation-en 409 kB] [Waiting for headers]
                                                  
Get:31 http://ppa.launchpad.net trusty/main i386 Packages [1,039 B]


100% [Translation-en 409 kB] [Waiting for headers]
100% [Translation-en 409 kB] [Waiting for headers]
                                                  
100% [Waiting for headers]
                          
100% [Translation-en 25.9 kB] [Waiting for headers]
                                                   
100% [Waiting for headers]
                          
100% [Translation-en 21.2 kB] [Waiting for headers]
                                                   
100% [Waiting for headers]
                          
100% [Translation-en 18.6 MB] [Waiting for headers]
                                                   
100% [Waiting for headers]
                          
100% [Translation-en 482 kB] [Waiting for headers]
                                                  
100% [Waiting for headers]
                          
100% [Translation-en 3,337 B] [Waiting for headers]
                                                   
100% [Waiting for headers]
                          
100% [Packages 11.8 kB] [Waiting for headers]
                                             
100% [Waiting for headers]
                          
100% [Translation-en 13.0 kB] [Waiting for headers]
                                                   
100% [Waiting for headers]
                          
100% [Sources 0 B] [Waiting for headers]
                                        
100% [Waiting for headers]
                          
100% [Packages 16.2 kB] [Waiting for headers]
                                             
100% [Waiting for headers]
                          
100% [Packages 34.8 kB] [Waiting for headers]
                                             
100% [Waiting for headers]
                          
100% [Sources 0 B] [Waiting for headers]
                                        
100% [Waiting for headers]
                          
100% [Translation-en 17.7 kB] [Waiting for headers]
                                                   
100% [Waiting for headers]
                          
100% [Packages 10.1 kB] [Waiting for headers]
                                             
100% [Waiting for headers]
                          
100% [Packages 616 B] [Waiting for headers]
                                           
100% [Waiting for headers]
                          
100% [Translation-en 621 B] [Waiting for headers]
                                                 
100% [Waiting for headers]
                          
100% [Packages 10.3 kB] [Waiting for headers]
                                             
100% [Waiting for headers]
                          
100% [Translation-en 11.0 kB] [Waiting for headers]
                                                   
100% [Waiting for headers]
                          
100% [Packages 1,542 B] [Waiting for headers]
                                             
100% [Waiting for headers]
                          
100% [Translation-en 998 B] [Waiting for headers]
                                                 
100% [Waiting for headers]
                          
100% [Packages 19.8 kB] [Waiting for headers]
                                             
100% [Waiting for headers]
                          
100% [Translation-en 6,192 B] [Waiting for headers]
                                                   
100% [Waiting for headers]
                          
100% [Packages 2,131 B] [Waiting for headers]
                                             
100% [Waiting for headers]
                          
Hit http://ppa.launchpad.net trusty/main amd64 Packages


                          
100% [Working]
              
100% [Packages 2,126 B] [Waiting for headers]
                                             
100% [Waiting for headers]
                          
Get:32 http://ppa.launchpad.net trusty/main i386 Packages [1,043 B]


                          
100% [32 Packages 1,043 B/1,043 B 100%]
                                       
100% [Working]
              
100% [Waiting for headers]
100% [Waiting for headers]
100% [Waiting for headers]
                          
Ign http://ppa.launchpad.net trusty/main Translation-en_US


                          
100% [Working]
              
Ign http://ppa.launchpad.net trusty/main Translation-en


100% [Working]
              
Ign http://ppa.launchpad.net trusty/main Translation-en_US


              
100% [Working]                                                     23.8 MB/s 0s
                                                                               
Ign http://ppa.launchpad.net trusty/main Translation-en


100% [Working]                                                     23.8 MB/s 0s
                                                                               
Fetched 12.4 MB in 6s (2,011 kB/s)


Reading package lists... 0%

Reading package lists... 0%

Reading package lists... 1%

Reading package lists... 5%

Reading package lists... 5%

Reading package lists... 5%

Reading package lists... 5%

Reading package lists... 23%

Reading package lists... 26%

Reading package lists... 26%

Reading package lists... 26%

Reading package lists... 26%

Reading package lists... 32%

Reading package lists... 32%

Reading package lists... 32%

Reading package lists... 32%

Reading package lists... 51%

Reading package lists... 53%

Reading package lists... 53%

Reading package lists... 53%

Reading package lists... 53%

Reading package lists... 56%

Reading package lists... 56%

Reading package lists... 56%

Reading package lists... 56%

Reading package lists... 56%

Reading package lists... 56%

Reading package lists... 69%

Reading package lists... 69%

Reading package lists... 73%

Reading package lists... 73%

Reading package lists... 73%

Reading package lists... 73%

Reading package lists... 75%

Reading package lists... 75%

Reading package lists... 75%

Reading package lists... 75%

Reading package lists... 78%

Reading package lists... 79%

Reading package lists... 79%

Reading package lists... 79%

Reading package lists... 79%

Reading package lists... 81%

Reading package lists... 81%

Reading package lists... 81%

Reading package lists... 81%

Reading package lists... 85%

Reading package lists... 85%

Reading package lists... 85%

Reading package lists... 85%

Reading package lists... 85%

Reading package lists... 85%

Reading package lists... 86%

Reading package lists... 86%

Reading package lists... 86%

Reading package lists... 86%

Reading package lists... 86%

Reading package lists... 86%

Reading package lists... 86%

Reading package lists... 86%

Reading package lists... 86%

Reading package lists... 86%

Reading package lists... 86%

Reading package lists... 86%

Reading package lists... 86%

Reading package lists... 86%

Reading package lists... 87%

Reading package lists... 87%

Reading package lists... 87%

Reading package lists... 87%

Reading package lists... 87%

Reading package lists... 87%

Reading package lists... 87%

Reading package lists... 87%

Reading package lists... 87%

Reading package lists... 87%

Reading package lists... 87%

Reading package lists... 87%

Reading package lists... 90%

Reading package lists... 90%

Reading package lists... 90%

Reading package lists... 90%

Reading package lists... 90%

Reading package lists... 90%

Reading package lists... 90%

Reading package lists... 90%

Reading package lists... 93%

Reading package lists... 93%

Reading package lists... 93%

Reading package lists... 93%

Reading package lists... 94%

Reading package lists... 94%

Reading package lists... 94%

Reading package lists... 94%

Reading package lists... 97%

Reading package lists... 97%

Reading package lists... 97%

Reading package lists... 97%

Reading package lists... 97%

Reading package lists... 97%

Reading package lists... 98%

Reading package lists... 98%

Reading package lists... 98%

Reading package lists... 98%

Reading package lists... 98%

Reading package lists... 98%

Reading package lists... 98%

Reading package lists... 98%

Reading package lists... 98%

Reading package lists... 98%

Reading package lists... 98%

Reading package lists... 98%

Reading package lists... 98%

Reading package lists... 98%

Reading package lists... 98%

Reading package lists... 98%

Reading package lists... 98%

Reading package lists... 98%

Reading package lists... 98%

Reading package lists... 98%

Reading package lists... 98%

Reading package lists... 98%

Reading package lists... 98%

Reading package lists... 98%

Reading package lists... 98%

Reading package lists... 98%

Reading package lists... 98%

Reading package lists... 98%

Reading package lists... 98%

Reading package lists... 98%

Reading package lists... 98%

Reading package lists... 98%

Reading package lists... 98%

Reading package lists... 98%

Reading package lists... 98%

Reading package lists... 98%

Reading package lists... 98%

Reading package lists... 98%

Reading package lists... 98%

Reading package lists... 98%

Reading package lists... 98%

Reading package lists... 98%

Reading package lists... 99%

Reading package lists... 99%

Reading package lists... 99%

Reading package lists... 99%

Reading package lists... 99%

Reading package lists... 99%

Reading package lists... 99%

Reading package lists... 99%

Reading package lists... 99%

Reading package lists... 99%

Reading package lists... 99%

Reading package lists... 99%

Reading package lists... 99%

Reading package lists... 99%

Reading package lists... 99%

Reading package lists... 99%

Reading package lists... 99%

Reading package lists... 99%

Reading package lists... 99%

Reading package lists... 99%

Reading package lists... 99%

Reading package lists... 99%

Reading package lists... 99%

Reading package lists... 99%

Reading package lists... 99%

Reading package lists... 99%

Reading package lists... 99%

Reading package lists... 99%

Reading package lists... 99%

Reading package lists... 99%

Reading package lists... 99%

Reading package lists... 99%

Reading package lists... 99%

Reading package lists... 99%

Reading package lists... 99%

Reading package lists... 99%

Reading package lists... 99%

Reading package lists... 99%

Reading package lists... Done




travis_time:end:06167c97:start=1497297209381151814,finish=1497297219148896940,duration=9767745126
[0Ktravis_fold:end:before_install.6
[0Ktravis_fold:start:before_install.7
[0Ktravis_time:start:140bbbd3
[0K$ wget https://s3-us-gov-west-1.amazonaws.com/dsva-appeals-devops/chromium-chromedriver_53.0.2785.143-0ubuntu0.14.04.1.1145_amd64.deb -O $PWD/chromium-chromedriver.deb

--2017-06-12 19:53:39--  https://s3-us-gov-west-1.amazonaws.com/dsva-appeals-devops/chromium-chromedriver_53.0.2785.143-0ubuntu0.14.04.1.1145_amd64.deb

Resolving s3-us-gov-west-1.amazonaws.com (s3-us-gov-west-1.amazonaws.com)... 52.92.253.0

Connecting to s3-us-gov-west-1.amazonaws.com (s3-us-gov-west-1.amazonaws.com)|52.92.253.0|:443... connected.

HTTP request sent, awaiting response... 200 OK

Length: 381990 (373K) [binary/octet-stream]

Saving to: Ã¢â‚¬Ëœ/home/travis/build/department-of-veterans-affairs/caseflow/chromium-chromedriver.debÃ¢â‚¬â„¢




 0% [                                       ] 0           --.-K/s              
20% [======>                                ] 77,455       365KB/s             
52% [===================>                   ] 199,311      469KB/s             
100%[======================================>] 381,990      654KB/s   in 0.6s   



2017-06-12 19:53:39 (654 KB/s) - Ã¢â‚¬Ëœ/home/travis/build/department-of-veterans-affairs/caseflow/chromium-chromedriver.debÃ¢â‚¬â„¢ saved [381990/381990]





travis_time:end:140bbbd3:start=1497297219154267444,finish=1497297219997758103,duration=843490659
[0Ktravis_fold:end:before_install.7
[0Ktravis_fold:start:before_install.8
[0Ktravis_time:start:13412d69
[0K$ sudo dpkg -i $PWD/chromium-chromedriver.deb

Selecting previously unselected package chromium-chromedriver.

(Reading database ... 
(Reading database ... 5%
(Reading database ... 10%
(Reading database ... 15%
(Reading database ... 20%
(Reading database ... 25%
(Reading database ... 30%
(Reading database ... 35%
(Reading database ... 40%
(Reading database ... 45%
(Reading database ... 50%
(Reading database ... 55%
(Reading database ... 60%
(Reading database ... 65%
(Reading database ... 70%
(Reading database ... 75%
(Reading database ... 80%
(Reading database ... 85%
(Reading database ... 90%
(Reading database ... 95%
(Reading database ... 100%
(Reading database ... 88286 files and directories currently installed.)

Preparing to unpack .../chromium-chromedriver.deb ...

Unpacking chromium-chromedriver (53.0.2785.143-0ubuntu0.14.04.1.1145) ...

Setting up chromium-chromedriver (53.0.2785.143-0ubuntu0.14.04.1.1145) ...



travis_time:end:13412d69:start=1497297220003810746,finish=1497297221126097239,duration=1122286493
[0Ktravis_fold:end:before_install.8
[0Ktravis_fold:start:before_install.9
[0Ktravis_time:start:18fc8aec
[0K$ sudo apt-get install -f


Reading package lists... 0%

Reading package lists... 0%

Reading package lists... 8%

Reading package lists... Done



Building dependency tree... 0%

Building dependency tree... 0%

Building dependency tree... 50%

Building dependency tree... 50%

Building dependency tree       



Reading state information... 0%

Reading state information... 0%

Reading state information... Done


0 upgraded, 0 newly installed, 0 to remove and 212 not upgraded.



travis_time:end:18fc8aec:start=1497297221131412662,finish=1497297222151896140,duration=1020483478
[0Ktravis_fold:end:before_install.9
[0Ktravis_fold:start:install.bundler
[0Ktravis_time:start:2059eb8b
[0K$ bundle install --deployment --without development staging production

Fetching gem metadata from https://rubygems.org/..........

Fetching version metadata from https://rubygems.org/..

Fetching dependency metadata from https://rubygems.org/.

Using rake 12.0.0

Using aws-sigv4 1.0.0

Using jmespath 1.3.1

Using sass 3.4.23

Using thor 0.19.4

Using i18n 0.8.1

Using json 1.8.6

Using minitest 5.10.1

Using thread_safe 0.3.6

Using builder 3.2.3

Using erubis 2.7.0

Using mini_portile2 2.1.0

Using rack 1.6.5

Using mime-types-data 3.2016.0521

Using arel 6.0.4

Using concurrent-ruby 1.0.5

Using bundler 1.15.1

Using moment_timezone-rails 0.5.0

Using sqlite3 1.3.13

Using tilt 2.0.7

Using execjs 2.7.0

Using public_suffix 2.0.5

Using connection_pool 2.2.1

Using rainbow 2.2.1

Using multi_json 1.12.1

Using rdoc 4.3.0

Using jsonapi-renderer 0.1.2

Using puma 2.16.0

Using wannabe_bool 0.6.0

Using socksify 1.7.1

Using nori 2.6.0

Using cliver 0.3.2

Using safe_shell 1.0.3

Using multipart-post 2.0.0

Using parallel 1.11.1

Using libv8 3.16.14.19 (x86_64-linux)

Using ref 2.0.0

Using pg 0.20.0

Using httpclient 2.8.3

Using redis 3.3.3

Using where-or 0.1.5

Using quantile 0.2.0

Using request_store 1.3.2

Using aasm 4.11.0

Using byebug 9.0.6

Using coderay 1.1.1

Using method_source 0.8.2

Using slop 3.6.0

Using rb-readline 0.5.4

Using ast 2.3.0

Using powerpack 0.1.1

Using ruby-progressbar 1.8.1

Using brakeman 3.6.0

Using rspec-support 3.5.0

Using diff-lcs 1.3

Using ffi 1.9.18

Using rubyzip 1.2.1

Using websocket 1.2.4

Using docile 1.1.5

Using simplecov-html 0.10.0

Using timecop 0.8.1

Using websocket-extensions 0.1.2

Using colorize 0.8.1

Using database_cleaner 1.5.3

Using aws-sdk-core 2.9.17

Using uswds-rails 1.0.0 from https://github.com/18F/uswds-rails-gem.git (at master@aa12ddd)

Using font-awesome-sass 4.7.0

Using scss_lint 0.52.0

Using bourbon 4.2.7

Using neat 2.0.0

Using tzinfo 1.2.2

Using gyoku 1.3.1

Using nokogiri 1.7.1

Using rack-test 0.6.3

Using rack-protection 1.5.3

Using mime-types 3.1

Using sprockets 3.7.1

Using bundler-audit 0.5.0

Using uglifier 3.1.9

Using addressable 2.5.0

Using sdoc 0.4.2

Using httpi 2.4.2

Using pdf-forms 1.1.1

Using faraday 0.11.0

Using parallel_tests 2.14.0

Using therubyracer 0.12.3

Using redis-store 1.2.0

Using redis-namespace 1.5.3

Using prometheus-client 0.6.0

Using pry 0.10.4

Using parser 2.4.0.0

Using rspec-core 3.5.4

Using rspec-expectations 3.5.0

Using rspec-mocks 3.5.0

Using childprocess 0.7.0

Using simplecov 0.12.0

Using websocket-driver 0.6.5

Using aws-sdk-resources 2.9.17

Using activesupport 4.2.7.1

Using et-orbi 1.0.2

Using loofah 2.0.3

Using akami 1.3.1

Using xmldsig 0.3.2

Using xmlmapper 0.7.2

Using xpath 2.0.0

Using sidekiq 4.2.10

Using mail 2.6.4

Using launchy 2.4.3

Using wasabi 3.5.0

Using sentry-raven 2.4.0

Using jshint 1.5.0

Using redis-rack 1.6.0

Using rubocop 0.36.0

Using rspec 3.5.0

Using selenium-webdriver 3.4.0

Using aws-sdk 2.9.17

Using rails-deprecated_sanitizer 1.0.3

Using globalid 0.3.7

Using activemodel 4.2.7.1

Using jbuilder 2.6.3

Using case_transform 0.2

Using redis-activesupport 5.0.1

Using rufus-scheduler 3.4.0

Using rails-html-sanitizer 1.0.3

Using capybara 2.13.0

Using savon 2.11.1

Using sniffybara 0.0.1 from https://github.com/department-of-veterans-affairs/sniffybara.git (at master@d5f9421)

Using rails-dom-testing 1.0.8

Using activejob 4.2.7.1

Using activerecord 4.2.7.1

Using xmlenc 0.6.9

Using sidekiq-cron 0.4.5

Using poltergeist 1.14.0

Using bgs 0.1 from https://github.com/department-of-veterans-affairs/ruby-bgs.git (at b84a5ba@b84a5ba)

Using actionview 4.2.7.1

Using zero_downtime_migrations 0.0.7

Using connect_vbms 1.0.0 from https://github.com/department-of-veterans-affairs/connect_vbms.git (at f561599@f561599)

Using actionpack 4.2.7.1

Using railties 4.2.7.1

Using actionmailer 4.2.7.1

Using sprockets-rails 3.2.0

Using active_model_serializers 0.10.6

Using redis-actionpack 5.0.1

Using d3-rails 4.8.0

Using jquery-rails 4.3.1

Using momentjs-rails 2.17.1

Using rspec-rails 3.5.2

Using rails 4.2.7.1

Using sass-rails 5.0.6

Using konacha 4.0.0

Using redis-rails 5.0.1

Using caseflow 0.1.6 from https://github.com/department-of-veterans-affairs/caseflow-commons (at 53bc0cb@53bc0cb)

Using react_on_rails 6.8.1

Using pdfjs_viewer-rails 0.0.9 from https://github.com/senny/pdfjs_viewer-rails.git (at a4249ea@a4249ea)

Bundle complete! 59 Gemfile dependencies, 154 gems now installed.

Gems in the groups development, staging and production were not installed.

Bundled gems are installed into ./vendor/bundle.



travis_time:end:2059eb8b:start=1497297222158361900,finish=1497297227098797366,duration=4940435466
[0Ktravis_fold:end:install.bundler
[0Ktravis_fold:start:before_script.1
[0Ktravis_time:start:0ae6d000
[0K$ node -v

v6.10.2



travis_time:end:0ae6d000:start=1497297227104390874,finish=1497297227110481048,duration=6090174
[0Ktravis_fold:end:before_script.1
[0Ktravis_fold:start:before_script.2
[0Ktravis_time:start:370aedb9
[0K$ npm -v

3.10.10



travis_time:end:370aedb9:start=1497297227115703790,finish=1497297227352672843,duration=236969053
[0Ktravis_fold:end:before_script.2
[0Ktravis_fold:start:before_script.3
[0Ktravis_time:start:06221f2c
[0K$ cd ./client && npm install --no-optional

[37;40mnpm[0m [0m[30;43mWARN[0m [0m[35moptional[0m SKIPPING OPTIONAL DEPENDENCY: fsevents@1.1.1 (node_modules/fsevents):

[0m[37;40mnpm[0m [0m[30;43mWARN[0m [0m[35mnotsup[0m SKIPPING OPTIONAL DEPENDENCY: Unsupported platform for fsevents@1.1.1: wanted {"os":"darwin","arch":"any"} (current: {"os":"linux","arch":"x64"})

[0m

travis_time:end:06221f2c:start=1497297227357811335,finish=1497297244925463902,duration=17567652567
[0Ktravis_fold:end:before_script.3
[0Ktravis_fold:start:before_script.4
[0Ktravis_time:start:02e679f4
[0K$ sudo apt-get install pdftk


Reading package lists... 0%

Reading package lists... 100%

Reading package lists... Done



Building dependency tree... 0%

Building dependency tree... 0%

Building dependency tree... 50%

Building dependency tree... 50%

Building dependency tree       



Reading state information... 0%

Reading state information... 0%

Reading state information... Done


The following extra packages will be installed:

  gcj-4.8-jre-lib libgcj-common libgcj14

Suggested packages:

  libgcj14-dbg libgcj14-awt xpdf-utils

The following NEW packages will be installed:

  gcj-4.8-jre-lib libgcj-common libgcj14 pdftk

0 upgraded, 4 newly installed, 0 to remove and 212 not upgraded.

Need to get 20.8 MB of archives.

After this operation, 70.3 MB of additional disk space will be used.



0% [Working]
            
Get:1 http://us-central1.gce.archive.ubuntu.com/ubuntu/ trusty/main libgcj-common all 1:4.8.2-1ubuntu6 [137 kB]


            
0% [1 libgcj-common 13.7 kB/137 kB 10%]
                                       
1% [Working]
            
Get:2 http://us-central1.gce.archive.ubuntu.com/ubuntu/ trusty-updates/main libgcj14 amd64 4.8.4-2ubuntu1~14.04.3 [9,234 kB]


            
1% [2 libgcj14 16.4 kB/9,234 kB 0%]
                                   
45% [Working]
             
Get:3 http://us-central1.gce.archive.ubuntu.com/ubuntu/ trusty-updates/main gcj-4.8-jre-lib all 4.8.4-2ubuntu1~14.04.3 [10.4 MB]


             
45% [3 gcj-4.8-jre-lib 65.6 kB/10.4 MB 1%]
                                          
95% [Working]
             
Get:4 http://us-central1.gce.archive.ubuntu.com/ubuntu/ trusty/universe pdftk amd64 2.01-1 [1,044 kB]


             
95% [4 pdftk 22.9 kB/1,044 kB 2%]
                                 
100% [Working]
              
Fetched 20.8 MB in 0s (52.2 MB/s)

Selecting previously unselected package libgcj-common.

(Reading database ... 
(Reading database ... 5%
(Reading database ... 10%
(Reading database ... 15%
(Reading database ... 20%
(Reading database ... 25%
(Reading database ... 30%
(Reading database ... 35%
(Reading database ... 40%
(Reading database ... 45%
(Reading database ... 50%
(Reading database ... 55%
(Reading database ... 60%
(Reading database ... 65%
(Reading database ... 70%
(Reading database ... 75%
(Reading database ... 80%
(Reading database ... 85%
(Reading database ... 90%
(Reading database ... 95%
(Reading database ... 100%
(Reading database ... 88290 files and directories currently installed.)

Preparing to unpack .../libgcj-common_1%3a4.8.2-1ubuntu6_all.deb ...

Unpacking libgcj-common (1:4.8.2-1ubuntu6) ...

Selecting previously unselected package libgcj14:amd64.

Preparing to unpack .../libgcj14_4.8.4-2ubuntu1~14.04.3_amd64.deb ...

Unpacking libgcj14:amd64 (4.8.4-2ubuntu1~14.04.3) ...

Selecting previously unselected package gcj-4.8-jre-lib.

Preparing to unpack .../gcj-4.8-jre-lib_4.8.4-2ubuntu1~14.04.3_all.deb ...

Unpacking gcj-4.8-jre-lib (4.8.4-2ubuntu1~14.04.3) ...

Selecting previously unselected package pdftk.

Preparing to unpack .../pdftk_2.01-1_amd64.deb ...

Unpacking pdftk (2.01-1) ...

Processing triggers for ccache (3.1.9-1) ...

Updating symlinks in /usr/lib/ccache ...

Processing triggers for man-db (2.6.7.1-1ubuntu1) ...

Setting up libgcj-common (1:4.8.2-1ubuntu6) ...

Setting up libgcj14:amd64 (4.8.4-2ubuntu1~14.04.3) ...

Setting up gcj-4.8-jre-lib (4.8.4-2ubuntu1~14.04.3) ...

Setting up pdftk (2.01-1) ...

Processing triggers for libc-bin (2.19-0ubuntu6.9) ...



travis_time:end:02e679f4:start=1497297244931699412,finish=1497297250007965299,duration=5076265887
[0Ktravis_fold:end:before_script.4
[0Ktravis_fold:start:before_script.5
[0Ktravis_time:start:09929678
[0K$ RAILS_ENV=test bundle exec rake db:create

(in /home/travis/build/department-of-veterans-affairs/caseflow)



travis_time:end:09929678:start=1497297250013801353,finish=1497297253303875857,duration=3290074504
[0Ktravis_fold:end:before_script.5
[0Ktravis_fold:start:before_script.6
[0Ktravis_time:start:2c1b6588
[0K$ RAILS_ENV=test bundle exec rake db:schema:load

(in /home/travis/build/department-of-veterans-affairs/caseflow)

-- enable_extension("plpgsql")

   -> 0.0181s

-- create_table("annotations", {:force=>:cascade})

   -> 0.0055s

-- add_index("annotations", ["document_id"], {:name=>"index_annotations_on_document_id", :using=>:btree})

   -> 0.0026s

-- add_index("annotations", ["user_id"], {:name=>"index_annotations_on_user_id", :using=>:btree})

   -> 0.0024s

-- create_table("api_keys", {:force=>:cascade})

   -> 0.0026s

-- add_index("api_keys", ["consumer_name"], {:name=>"index_api_keys_on_consumer_name", :unique=>true, :using=>:btree})

   -> 0.0023s

-- add_index("api_keys", ["key_digest"], {:name=>"index_api_keys_on_key_digest", :unique=>true, :using=>:btree})

   -> 0.0023s

-- create_table("appeals", {:force=>:cascade})

   -> 0.0107s

-- add_index("appeals", ["vacols_id"], {:name=>"index_appeals_on_vacols_id", :unique=>true, :using=>:btree})

   -> 0.0028s

-- create_table("certification_cancellations", {:force=>:cascade})

   -> 0.0026s

-- add_index("certification_cancellations", ["certification_id"], {:name=>"index_certification_cancellations_on_certification_id", :unique=>true, :using=>:btree})

   -> 0.0026s

-- create_table("certifications", {:force=>:cascade})

   -> 0.0034s

-- add_index("certifications", ["user_id"], {:name=>"index_certifications_on_user_id", :using=>:btree})

   -> 0.0025s

-- create_table("claim_establishments", {:force=>:cascade})

   -> 0.0031s

-- create_table("document_views", {:force=>:cascade})

   -> 0.0024s

-- add_index("document_views", ["document_id", "user_id"], {:name=>"index_document_views_on_document_id_and_user_id", :unique=>true, :using=>:btree})

   -> 0.0029s

-- create_table("documents", {:force=>:cascade})

   -> 0.0028s

-- add_index("documents", ["vbms_document_id"], {:name=>"index_documents_on_vbms_document_id", :unique=>true, :using=>:btree})

   -> 0.0024s

-- create_table("documents_tags", {:id=>false, :force=>:cascade})

   -> 0.0014s

-- add_index("documents_tags", ["document_id", "tag_id"], {:name=>"index_documents_tags_on_document_id_and_tag_id", :unique=>true, :using=>:btree})

   -> 0.0033s

-- create_table("form8s", {:force=>:cascade})

   -> 0.0046s

-- add_index("form8s", ["certification_id"], {:name=>"index_form8s_on_certification_id", :using=>:btree})

   -> 0.0023s

-- create_table("hearings", {:force=>:cascade})

   -> 0.0027s

-- create_table("issues", {:force=>:cascade})

   -> 0.0033s

-- create_table("tags", {:force=>:cascade})

   -> 0.0028s

-- add_index("tags", ["text"], {:name=>"index_tags_on_text", :unique=>true, :using=>:btree})

   -> 0.0022s

-- create_table("tasks", {:force=>:cascade})

   -> 0.0029s

-- create_table("team_quotas", {:force=>:cascade})

   -> 0.0024s

-- add_index("team_quotas", ["date", "task_type"], {:name=>"index_team_quotas_on_date_and_task_type", :unique=>true, :using=>:btree})

   -> 0.0025s

-- create_table("user_quotas", {:force=>:cascade})

   -> 0.0021s

-- add_index("user_quotas", ["team_quota_id", "user_id"], {:name=>"index_user_quotas_on_team_quota_id_and_user_id", :unique=>true, :using=>:btree})

   -> 0.0026s

-- create_table("users", {:force=>:cascade})

   -> 0.0027s

-- add_index("users", ["station_id", "css_id"], {:name=>"index_users_on_station_id_and_css_id", :unique=>true, :using=>:btree})

   -> 0.0023s

-- add_foreign_key("annotations", "users")

   -> 0.0019s

-- add_foreign_key("certifications", "users")

   -> 0.0016s

-- initialize_schema_migrations_table()

   -> 0.0094s



travis_time:end:2c1b6588:start=1497297253309915453,finish=1497297256924615594,duration=3614700141
[0Ktravis_fold:end:before_script.6
[0Ktravis_fold:start:before_script.7
[0Ktravis_time:start:09fd8240
[0K$ export PATH=$PATH:/usr/lib/chromium-browser/



travis_time:end:09fd8240:start=1497297256929855579,finish=1497297256934304106,duration=4448527
[0Ktravis_fold:end:before_script.7
[0Ktravis_fold:start:before_script.8
[0Ktravis_time:start:105ff1dd
[0K$ export DISPLAY=:99.0



travis_time:end:105ff1dd:start=1497297256939649218,finish=1497297256943956433,duration=4307215
[0Ktravis_fold:end:before_script.8
[0Ktravis_fold:start:before_script.9
[0Ktravis_time:start:1295efb3
[0K$ sh -e /etc/init.d/xvfb start

Starting virtual X frame buffer: Xvfb.



travis_time:end:1295efb3:start=1497297256949090225,finish=1497297256957936738,duration=8846513
[0Ktravis_fold:end:before_script.9
[0Ktravis_fold:start:before_script.10
[0Ktravis_time:start:06e23505
[0K$ sleep 3



travis_time:end:06e23505:start=1497297256963359386,finish=1497297259969316911,duration=3005957525
[0Ktravis_fold:end:before_script.10
[0Ktravis_time:start:183d9f94
[0K$ bundle exec rake spec

(in /home/travis/build/department-of-veterans-affairs/caseflow)

I, [2017-06-12T19:54:23.099198 #8673]  INFO -- : Removed /home/travis/build/department-of-veterans-affairs/caseflow/public/assets

/home/travis/.rvm/rubies/ruby-2.2.4/bin/ruby -I/home/travis/build/department-of-veterans-affairs/caseflow/vendor/bundle/ruby/2.2.0/gems/rspec-core-3.5.4/lib:/home/travis/build/department-of-veterans-affairs/caseflow/vendor/bundle/ruby/2.2.0/gems/rspec-support-3.5.0/lib /home/travis/build/department-of-veterans-affairs/caseflow/vendor/bundle/ruby/2.2.0/gems/rspec-core-3.5.4/exe/rspec --pattern spec/\*\*\{,/\*/\*\*\}/\*_spec.rb



====> React On Rails: Checking app/assets/webpack for outdated/missing bundles





Detected are the following stale generated files:

app/assets/webpack/webpack-bundle.js



React on Rails will ensure your JavaScript generated files are up to date, using your

/client level package.json `npm run build:test` command.





Building Webpack assets...

Completed building Webpack assets.

Run options: include {:focus=>true}



Reader

  Short list of documents

[36m

All visited screens will be scanned for 508 accessibility compliance.[0m

[32m    Progress indicator[0m

[32m    User visits help page[0m

[32m    Clicking outside pdf or next pdf removes annotation mode[0m

[32m    Next and Previous buttons move between docs[0m

[32m    Arrow keys to navigate through documents[0m

[32m    PdfListView Dropdown[0m

[32m    Add comment[0m

[33m    Scrolling renders pages (PENDING: No reason given)[0m

[32m    Zooming changes the size of pages[0m

[32m    Open single document view and open/close sidebar[0m

[32m    Categories[0m

[32m    Tags[0m

[32m    Search and Filter[0m

[32m    When user search term is not found[0m

[32m    Download PDF file[0m

    When there is an existing annotation

[32m      Expand All button[0m

[32m      Jump to section for a comment[0m

[32m      Scroll to comment[0m

[32m      Scroll to comment icon[0m

[32m      Scrolling pages changes page numbers[0m

[32m      Switch between pages[0m

  Large number of documents

[32m    Open a document and return to list[0m

[31m    Open a document, navigate using buttons to see a new doc, and return to list (FAILED - 1)[0m

  When user is not whitelisted

[31m    it redirects to unauthorized (FAILED - 2)[0m



Pending: (Failures listed here are expected and do not affect your suite's status)

[33m

  1) Reader Short list of documents Scrolling renders pages[0m

     [36m# No reason given[0m

[36m     # ./spec/feature/reader_spec.rb:451

[0m



Failures:



  1) Reader Large number of documents Open a document, navigate using buttons to see a new doc, and return to list

     [31mGot 0 failures and 2 other errors:[0m



     1.1) [31mFailure/Error: [0m(num_documents - [1;34m1[0m).times { find([31m[1;31m"[0m[31m#button-next[1;31m"[0m[31m[0m).click }[0m

          [31m[0m

          [31mSelenium::WebDriver::Error::NoSuchDriverError:[0m

          [31m  no such session[0m

          [31m    (Driver info: chromedriver=2.22,platform=Linux 4.4.0-51-generic x86_64)[0m

          [36m# ./spec/feature/reader_spec.rb:703:in `block (4 levels) in <top (required)>'[0m

          [36m# ./spec/feature/reader_spec.rb:703:in `times'[0m

          [36m# ./spec/feature/reader_spec.rb:703:in `block (3 levels) in <top (required)>'[0m

          [36m# ------------------[0m

          [36m# --- Caused by: ---[0m

          [36m# Selenium::WebDriver::Error::UnknownError:[0m

          [36m#   unknown error: session deleted because of page crash[0m

          [36m#   from unknown error: cannot determine loading status[0m

          [36m#   from tab crashed[0m

          [36m#     (Session info: chrome=53.0.2785.143)[0m

          [36m#     (Driver info: chromedriver=2.22,platform=Linux 4.4.0-51-generic x86_64)[0m

          [36m#   ./spec/feature/reader_spec.rb:703:in `block (4 levels) in <top (required)>'[0m



     1.2) [31mFailure/Error: [0me = error[0m

          [31m[0m

          [31mSelenium::WebDriver::Error::NoSuchDriverError:[0m

          [31m  no such session[0m

          [31m    (Driver info: chromedriver=2.22,platform=Linux 4.4.0-51-generic x86_64)[0m

          [36m# /home/travis/build/department-of-veterans-affairs/caseflow/vendor/bundle/ruby/2.2.0/gems/selenium-webdriver-3.4.0/lib/selenium/webdriver/remote/response.rb:69:in `assert_ok'[0m

          [36m# /home/travis/build/department-of-veterans-affairs/caseflow/vendor/bundle/ruby/2.2.0/gems/selenium-webdriver-3.4.0/lib/selenium/webdriver/remote/response.rb:32:in `initialize'[0m

          [36m# /home/travis/build/department-of-veterans-affairs/caseflow/vendor/bundle/ruby/2.2.0/gems/selenium-webdriver-3.4.0/lib/selenium/webdriver/remote/http/common.rb:83:in `new'[0m

          [36m# /home/travis/build/department-of-veterans-affairs/caseflow/vendor/bundle/ruby/2.2.0/gems/selenium-webdriver-3.4.0/lib/selenium/webdriver/remote/http/common.rb:83:in `create_response'[0m

          [36m# /home/travis/build/department-of-veterans-affairs/caseflow/vendor/bundle/ruby/2.2.0/gems/selenium-webdriver-3.4.0/lib/selenium/webdriver/remote/http/default.rb:107:in `request'[0m

          [36m# /home/travis/build/department-of-veterans-affairs/caseflow/vendor/bundle/ruby/2.2.0/gems/selenium-webdriver-3.4.0/lib/selenium/webdriver/remote/http/common.rb:61:in `call'[0m

          [36m# /home/travis/build/department-of-veterans-affairs/caseflow/vendor/bundle/ruby/2.2.0/gems/selenium-webdriver-3.4.0/lib/selenium/webdriver/remote/bridge.rb:678:in `raw_execute'[0m

          [36m# /home/travis/build/department-of-veterans-affairs/caseflow/vendor/bundle/ruby/2.2.0/gems/selenium-webdriver-3.4.0/lib/selenium/webdriver/remote/bridge.rb:656:in `execute'[0m

          [36m# /home/travis/build/department-of-veterans-affairs/caseflow/vendor/bundle/ruby/2.2.0/gems/selenium-webdriver-3.4.0/lib/selenium/webdriver/remote/bridge.rb:371:in `delete_all_cookies'[0m

          [36m# /home/travis/build/department-of-veterans-affairs/caseflow/vendor/bundle/ruby/2.2.0/gems/selenium-webdriver-3.4.0/lib/selenium/webdriver/common/options.rb:83:in `delete_all_cookies'[0m

          [36m# /home/travis/build/department-of-veterans-affairs/caseflow/vendor/bundle/ruby/2.2.0/gems/capybara-2.13.0/lib/capybara/selenium/driver.rb:112:in `reset!'[0m

          [36m# /home/travis/build/department-of-veterans-affairs/caseflow/vendor/bundle/ruby/2.2.0/gems/capybara-2.13.0/lib/capybara/session.rb:112:in `reset!'[0m

          [36m# /home/travis/build/department-of-veterans-affairs/caseflow/vendor/bundle/ruby/2.2.0/gems/capybara-2.13.0/lib/capybara.rb:336:in `block in reset_sessions!'[0m

          [36m# /home/travis/build/department-of-veterans-affairs/caseflow/vendor/bundle/ruby/2.2.0/gems/capybara-2.13.0/lib/capybara.rb:336:in `reverse_each'[0m

          [36m# /home/travis/build/department-of-veterans-affairs/caseflow/vendor/bundle/ruby/2.2.0/gems/capybara-2.13.0/lib/capybara.rb:336:in `reset_sessions!'[0m

          [36m# /home/travis/build/department-of-veterans-affairs/caseflow/vendor/bundle/ruby/2.2.0/gems/capybara-2.13.0/lib/capybara/rspec.rb:21:in `block (2 levels) in <top (required)>'[0m

          [36m# /home/travis/build/department-of-veterans-affairs/caseflow/vendor/bundle/ruby/2.2.0/gems/rspec-core-3.5.4/lib/rspec/core/example.rb:443:in `instance_exec'[0m

          [36m# /home/travis/build/department-of-veterans-affairs/caseflow/vendor/bundle/ruby/2.2.0/gems/rspec-core-3.5.4/lib/rspec/core/example.rb:443:in `instance_exec'[0m

          [36m# /home/travis/build/department-of-veterans-affairs/caseflow/vendor/bundle/ruby/2.2.0/gems/rspec-core-3.5.4/lib/rspec/core/hooks.rb:357:in `run'[0m

          [36m# /home/travis/build/department-of-veterans-affairs/caseflow/vendor/bundle/ruby/2.2.0/gems/rspec-core-3.5.4/lib/rspec/core/hooks.rb:507:in `block in run_owned_hooks_for'[0m

          [36m# /home/travis/build/department-of-veterans-affairs/caseflow/vendor/bundle/ruby/2.2.0/gems/rspec-core-3.5.4/lib/rspec/core/hooks.rb:506:in `each'[0m

          [36m# /home/travis/build/department-of-veterans-affairs/caseflow/vendor/bundle/ruby/2.2.0/gems/rspec-core-3.5.4/lib/rspec/core/hooks.rb:506:in `run_owned_hooks_for'[0m

          [36m# /home/travis/build/department-of-veterans-affairs/caseflow/vendor/bundle/ruby/2.2.0/gems/rspec-core-3.5.4/lib/rspec/core/hooks.rb:593:in `block in run_example_hooks_for'[0m

          [36m# /home/travis/build/department-of-veterans-affairs/caseflow/vendor/bundle/ruby/2.2.0/gems/rspec-core-3.5.4/lib/rspec/core/hooks.rb:592:in `each'[0m

          [36m# /home/travis/build/department-of-veterans-affairs/caseflow/vendor/bundle/ruby/2.2.0/gems/rspec-core-3.5.4/lib/rspec/core/hooks.rb:592:in `run_example_hooks_for'[0m

          [36m# /home/travis/build/department-of-veterans-affairs/caseflow/vendor/bundle/ruby/2.2.0/gems/rspec-core-3.5.4/lib/rspec/core/hooks.rb:463:in `run'[0m

          [36m# /home/travis/build/department-of-veterans-affairs/caseflow/vendor/bundle/ruby/2.2.0/gems/rspec-core-3.5.4/lib/rspec/core/example.rb:503:in `run_after_example'[0m

          [36m# /home/travis/build/department-of-veterans-affairs/caseflow/vendor/bundle/ruby/2.2.0/gems/rspec-core-3.5.4/lib/rspec/core/example.rb:269:in `block in run'[0m

          [36m# /home/travis/build/department-of-veterans-affairs/caseflow/vendor/bundle/ruby/2.2.0/gems/rspec-core-3.5.4/lib/rspec/core/example.rb:496:in `block in with_around_and_singleton_context_hooks'[0m

          [36m# /home/travis/build/department-of-veterans-affairs/caseflow/vendor/bundle/ruby/2.2.0/gems/rspec-core-3.5.4/lib/rspec/core/example.rb:453:in `block in with_around_example_hooks'[0m

          [36m# /home/travis/build/department-of-veterans-affairs/caseflow/vendor/bundle/ruby/2.2.0/gems/rspec-core-3.5.4/lib/rspec/core/hooks.rb:464:in `block in run'[0m

          [36m# /home/travis/build/department-of-veterans-affairs/caseflow/vendor/bundle/ruby/2.2.0/gems/rspec-core-3.5.4/lib/rspec/core/hooks.rb:604:in `block in run_around_example_hooks_for'[0m

          [36m# /home/travis/build/department-of-veterans-affairs/caseflow/vendor/bundle/ruby/2.2.0/gems/rspec-core-3.5.4/lib/rspec/core/example.rb:338:in `call'[0m

          [36m# /home/travis/build/department-of-veterans-affairs/caseflow/vendor/bundle/ruby/2.2.0/gems/rspec-core-3.5.4/lib/rspec/core/example.rb:338:in `call'[0m

          [36m# /home/travis/build/department-of-veterans-affairs/caseflow/vendor/bundle/ruby/2.2.0/gems/rspec-rails-3.5.2/lib/rspec/rails/adapters.rb:127:in `block (2 levels) in <module:MinitestLifecycleAdapter>'[0m

          [36m# /home/travis/build/department-of-veterans-affairs/caseflow/vendor/bundle/ruby/2.2.0/gems/rspec-core-3.5.4/lib/rspec/core/example.rb:443:in `instance_exec'[0m

          [36m# /home/travis/build/department-of-veterans-affairs/caseflow/vendor/bundle/ruby/2.2.0/gems/rspec-core-3.5.4/lib/rspec/core/example.rb:443:in `instance_exec'[0m

          [36m# /home/travis/build/department-of-veterans-affairs/caseflow/vendor/bundle/ruby/2.2.0/gems/rspec-core-3.5.4/lib/rspec/core/hooks.rb:375:in `execute_with'[0m

          [36m# /home/travis/build/department-of-veterans-affairs/caseflow/vendor/bundle/ruby/2.2.0/gems/rspec-core-3.5.4/lib/rspec/core/hooks.rb:606:in `block (2 levels) in run_around_example_hooks_for'[0m

          [36m# /home/travis/build/department-of-veterans-affairs/caseflow/vendor/bundle/ruby/2.2.0/gems/rspec-core-3.5.4/lib/rspec/core/example.rb:338:in `call'[0m

          [36m# /home/travis/build/department-of-veterans-affairs/caseflow/vendor/bundle/ruby/2.2.0/gems/rspec-core-3.5.4/lib/rspec/core/example.rb:338:in `call'[0m

          [36m# /home/travis/build/department-of-veterans-affairs/caseflow/vendor/bundle/ruby/2.2.0/gems/rspec-core-3.5.4/lib/rspec/core/hooks.rb:607:in `run_around_example_hooks_for'[0m

          [36m# /home/travis/build/department-of-veterans-affairs/caseflow/vendor/bundle/ruby/2.2.0/gems/rspec-core-3.5.4/lib/rspec/core/hooks.rb:464:in `run'[0m

          [36m# /home/travis/build/department-of-veterans-affairs/caseflow/vendor/bundle/ruby/2.2.0/gems/rspec-core-3.5.4/lib/rspec/core/example.rb:453:in `with_around_example_hooks'[0m

          [36m# /home/travis/build/department-of-veterans-affairs/caseflow/vendor/bundle/ruby/2.2.0/gems/rspec-core-3.5.4/lib/rspec/core/example.rb:496:in `with_around_and_singleton_context_hooks'[0m

          [36m# /home/travis/build/department-of-veterans-affairs/caseflow/vendor/bundle/ruby/2.2.0/gems/rspec-core-3.5.4/lib/rspec/core/example.rb:251:in `run'[0m

          [36m# /home/travis/build/department-of-veterans-affairs/caseflow/vendor/bundle/ruby/2.2.0/gems/rspec-core-3.5.4/lib/rspec/core/example_group.rb:627:in `block in run_examples'[0m

          [36m# /home/travis/build/department-of-veterans-affairs/caseflow/vendor/bundle/ruby/2.2.0/gems/rspec-core-3.5.4/lib/rspec/core/example_group.rb:623:in `map'[0m

          [36m# /home/travis/build/department-of-veterans-affairs/caseflow/vendor/bundle/ruby/2.2.0/gems/rspec-core-3.5.4/lib/rspec/core/example_group.rb:623:in `run_examples'[0m

          [36m# /home/travis/build/department-of-veterans-affairs/caseflow/vendor/bundle/ruby/2.2.0/gems/rspec-core-3.5.4/lib/rspec/core/example_group.rb:589:in `run'[0m

          [36m# /home/travis/build/department-of-veterans-affairs/caseflow/vendor/bundle/ruby/2.2.0/gems/rspec-core-3.5.4/lib/rspec/core/example_group.rb:590:in `block in run'[0m

          [36m# /home/travis/build/department-of-veterans-affairs/caseflow/vendor/bundle/ruby/2.2.0/gems/rspec-core-3.5.4/lib/rspec/core/example_group.rb:590:in `map'[0m

          [36m# /home/travis/build/department-of-veterans-affairs/caseflow/vendor/bundle/ruby/2.2.0/gems/rspec-core-3.5.4/lib/rspec/core/example_group.rb:590:in `run'[0m

          [36m# /home/travis/build/department-of-veterans-affairs/caseflow/vendor/bundle/ruby/2.2.0/gems/rspec-core-3.5.4/lib/rspec/core/runner.rb:113:in `block (3 levels) in run_specs'[0m

          [36m# /home/travis/build/department-of-veterans-affairs/caseflow/vendor/bundle/ruby/2.2.0/gems/rspec-core-3.5.4/lib/rspec/core/runner.rb:113:in `map'[0m

          [36m# /home/travis/build/department-of-veterans-affairs/caseflow/vendor/bundle/ruby/2.2.0/gems/rspec-core-3.5.4/lib/rspec/core/runner.rb:113:in `block (2 levels) in run_specs'[0m

          [36m# /home/travis/build/department-of-veterans-affairs/caseflow/vendor/bundle/ruby/2.2.0/gems/rspec-core-3.5.4/lib/rspec/core/configuration.rb:1835:in `with_suite_hooks'[0m

          [36m# /home/travis/build/department-of-veterans-affairs/caseflow/vendor/bundle/ruby/2.2.0/gems/rspec-core-3.5.4/lib/rspec/core/runner.rb:112:in `block in run_specs'[0m

          [36m# /home/travis/build/department-of-veterans-affairs/caseflow/vendor/bundle/ruby/2.2.0/gems/rspec-core-3.5.4/lib/rspec/core/reporter.rb:77:in `report'[0m

          [36m# /home/travis/build/department-of-veterans-affairs/caseflow/vendor/bundle/ruby/2.2.0/gems/rspec-core-3.5.4/lib/rspec/core/runner.rb:111:in `run_specs'[0m

          [36m# /home/travis/build/department-of-veterans-affairs/caseflow/vendor/bundle/ruby/2.2.0/gems/rspec-core-3.5.4/lib/rspec/core/runner.rb:87:in `run'[0m

          [36m# /home/travis/build/department-of-veterans-affairs/caseflow/vendor/bundle/ruby/2.2.0/gems/rspec-core-3.5.4/lib/rspec/core/runner.rb:71:in `run'[0m

          [36m# /home/travis/build/department-of-veterans-affairs/caseflow/vendor/bundle/ruby/2.2.0/gems/rspec-core-3.5.4/lib/rspec/core/runner.rb:45:in `invoke'[0m

          [36m# /home/travis/build/department-of-veterans-affairs/caseflow/vendor/bundle/ruby/2.2.0/gems/rspec-core-3.5.4/exe/rspec:4:in `<main>'[0m

          [36m# [0m

          [36m#   Showing full backtrace because every line was filtered out.[0m

          [36m#   See docs for RSpec::Configuration#backtrace_exclusion_patterns and[0m

          [36m#   RSpec::Configuration#backtrace_inclusion_patterns for more information.[0m



  2) Reader When user is not whitelisted it redirects to unauthorized

     [31mGot 0 failures and 2 other errors:[0m



     2.1) [31mFailure/Error: [0mvisit [31m[1;31m"[0m[31m/reader/appeal/#{appeal.vacols_id}[0m[31m/documents[1;31m"[0m[31m[0m[0m

          [31m[0m

          [31mSelenium::WebDriver::Error::NoSuchDriverError:[0m

          [31m  no such session[0m

          [31m    (Driver info: chromedriver=2.22,platform=Linux 4.4.0-51-generic x86_64)[0m

          [36m# ./spec/feature/reader_spec.rb:719:in `block (3 levels) in <top (required)>'[0m



     2.2) [31mFailure/Error: [0me = error[0m

          [31m[0m

          [31mSelenium::WebDriver::Error::NoSuchDriverError:[0m

          [31m  no such session[0m

          [31m    (Driver info: chromedriver=2.22,platform=Linux 4.4.0-51-generic x86_64)[0m

          [36m# /home/travis/build/department-of-veterans-affairs/caseflow/vendor/bundle/ruby/2.2.0/gems/selenium-webdriver-3.4.0/lib/selenium/webdriver/remote/response.rb:69:in `assert_ok'[0m

          [36m# /home/travis/build/department-of-veterans-affairs/caseflow/vendor/bundle/ruby/2.2.0/gems/selenium-webdriver-3.4.0/lib/selenium/webdriver/remote/response.rb:32:in `initialize'[0m

          [36m# /home/travis/build/department-of-veterans-affairs/caseflow/vendor/bundle/ruby/2.2.0/gems/selenium-webdriver-3.4.0/lib/selenium/webdriver/remote/http/common.rb:83:in `new'[0m

          [36m# /home/travis/build/department-of-veterans-affairs/caseflow/vendor/bundle/ruby/2.2.0/gems/selenium-webdriver-3.4.0/lib/selenium/webdriver/remote/http/common.rb:83:in `create_response'[0m

          [36m# /home/travis/build/department-of-veterans-affairs/caseflow/vendor/bundle/ruby/2.2.0/gems/selenium-webdriver-3.4.0/lib/selenium/webdriver/remote/http/default.rb:107:in `request'[0m

          [36m# /home/travis/build/department-of-veterans-affairs/caseflow/vendor/bundle/ruby/2.2.0/gems/selenium-webdriver-3.4.0/lib/selenium/webdriver/remote/http/common.rb:61:in `call'[0m

          [36m# /home/travis/build/department-of-veterans-affairs/caseflow/vendor/bundle/ruby/2.2.0/gems/selenium-webdriver-3.4.0/lib/selenium/webdriver/remote/bridge.rb:678:in `raw_execute'[0m

          [36m# /home/travis/build/department-of-veterans-affairs/caseflow/vendor/bundle/ruby/2.2.0/gems/selenium-webdriver-3.4.0/lib/selenium/webdriver/remote/bridge.rb:656:in `execute'[0m

          [36m# /home/travis/build/department-of-veterans-affairs/caseflow/vendor/bundle/ruby/2.2.0/gems/selenium-webdriver-3.4.0/lib/selenium/webdriver/remote/bridge.rb:371:in `delete_all_cookies'[0m

          [36m# /home/travis/build/department-of-veterans-affairs/caseflow/vendor/bundle/ruby/2.2.0/gems/selenium-webdriver-3.4.0/lib/selenium/webdriver/common/options.rb:83:in `delete_all_cookies'[0m

          [36m# /home/travis/build/department-of-veterans-affairs/caseflow/vendor/bundle/ruby/2.2.0/gems/capybara-2.13.0/lib/capybara/selenium/driver.rb:112:in `reset!'[0m

          [36m# /home/travis/build/department-of-veterans-affairs/caseflow/vendor/bundle/ruby/2.2.0/gems/capybara-2.13.0/lib/capybara/session.rb:112:in `reset!'[0m

          [36m# /home/travis/build/department-of-veterans-affairs/caseflow/vendor/bundle/ruby/2.2.0/gems/capybara-2.13.0/lib/capybara.rb:336:in `block in reset_sessions!'[0m

          [36m# /home/travis/build/department-of-veterans-affairs/caseflow/vendor/bundle/ruby/2.2.0/gems/capybara-2.13.0/lib/capybara.rb:336:in `reverse_each'[0m

          [36m# /home/travis/build/department-of-veterans-affairs/caseflow/vendor/bundle/ruby/2.2.0/gems/capybara-2.13.0/lib/capybara.rb:336:in `reset_sessions!'[0m

          [36m# /home/travis/build/department-of-veterans-affairs/caseflow/vendor/bundle/ruby/2.2.0/gems/capybara-2.13.0/lib/capybara/rspec.rb:21:in `block (2 levels) in <top (required)>'[0m

          [36m# /home/travis/build/department-of-veterans-affairs/caseflow/vendor/bundle/ruby/2.2.0/gems/rspec-core-3.5.4/lib/rspec/core/example.rb:443:in `instance_exec'[0m

          [36m# /home/travis/build/department-of-veterans-affairs/caseflow/vendor/bundle/ruby/2.2.0/gems/rspec-core-3.5.4/lib/rspec/core/example.rb:443:in `instance_exec'[0m

          [36m# /home/travis/build/department-of-veterans-affairs/caseflow/vendor/bundle/ruby/2.2.0/gems/rspec-core-3.5.4/lib/rspec/core/hooks.rb:357:in `run'[0m

          [36m# /home/travis/build/department-of-veterans-affairs/caseflow/vendor/bundle/ruby/2.2.0/gems/rspec-core-3.5.4/lib/rspec/core/hooks.rb:507:in `block in run_owned_hooks_for'[0m

          [36m# /home/travis/build/department-of-veterans-affairs/caseflow/vendor/bundle/ruby/2.2.0/gems/rspec-core-3.5.4/lib/rspec/core/hooks.rb:506:in `each'[0m

          [36m# /home/travis/build/department-of-veterans-affairs/caseflow/vendor/bundle/ruby/2.2.0/gems/rspec-core-3.5.4/lib/rspec/core/hooks.rb:506:in `run_owned_hooks_for'[0m

          [36m# /home/travis/build/department-of-veterans-affairs/caseflow/vendor/bundle/ruby/2.2.0/gems/rspec-core-3.5.4/lib/rspec/core/hooks.rb:593:in `block in run_example_hooks_for'[0m

          [36m# /home/travis/build/department-of-veterans-affairs/caseflow/vendor/bundle/ruby/2.2.0/gems/rspec-core-3.5.4/lib/rspec/core/hooks.rb:592:in `each'[0m

          [36m# /home/travis/build/department-of-veterans-affairs/caseflow/vendor/bundle/ruby/2.2.0/gems/rspec-core-3.5.4/lib/rspec/core/hooks.rb:592:in `run_example_hooks_for'[0m

          [36m# /home/travis/build/department-of-veterans-affairs/caseflow/vendor/bundle/ruby/2.2.0/gems/rspec-core-3.5.4/lib/rspec/core/hooks.rb:463:in `run'[0m

          [36m# /home/travis/build/department-of-veterans-affairs/caseflow/vendor/bundle/ruby/2.2.0/gems/rspec-core-3.5.4/lib/rspec/core/example.rb:503:in `run_after_example'[0m

          [36m# /home/travis/build/department-of-veterans-affairs/caseflow/vendor/bundle/ruby/2.2.0/gems/rspec-core-3.5.4/lib/rspec/core/example.rb:269:in `block in run'[0m

          [36m# /home/travis/build/department-of-veterans-affairs/caseflow/vendor/bundle/ruby/2.2.0/gems/rspec-core-3.5.4/lib/rspec/core/example.rb:496:in `block in with_around_and_singleton_context_hooks'[0m

          [36m# /home/travis/build/department-of-veterans-affairs/caseflow/vendor/bundle/ruby/2.2.0/gems/rspec-core-3.5.4/lib/rspec/core/example.rb:453:in `block in with_around_example_hooks'[0m

          [36m# /home/travis/build/department-of-veterans-affairs/caseflow/vendor/bundle/ruby/2.2.0/gems/rspec-core-3.5.4/lib/rspec/core/hooks.rb:464:in `block in run'[0m

          [36m# /home/travis/build/department-of-veterans-affairs/caseflow/vendor/bundle/ruby/2.2.0/gems/rspec-core-3.5.4/lib/rspec/core/hooks.rb:604:in `block in run_around_example_hooks_for'[0m

          [36m# /home/travis/build/department-of-veterans-affairs/caseflow/vendor/bundle/ruby/2.2.0/gems/rspec-core-3.5.4/lib/rspec/core/example.rb:338:in `call'[0m

          [36m# /home/travis/build/department-of-veterans-affairs/caseflow/vendor/bundle/ruby/2.2.0/gems/rspec-core-3.5.4/lib/rspec/core/example.rb:338:in `call'[0m

          [36m# /home/travis/build/department-of-veterans-affairs/caseflow/vendor/bundle/ruby/2.2.0/gems/rspec-rails-3.5.2/lib/rspec/rails/adapters.rb:127:in `block (2 levels) in <module:MinitestLifecycleAdapter>'[0m

          [36m# /home/travis/build/department-of-veterans-affairs/caseflow/vendor/bundle/ruby/2.2.0/gems/rspec-core-3.5.4/lib/rspec/core/example.rb:443:in `instance_exec'[0m

          [36m# /home/travis/build/department-of-veterans-affairs/caseflow/vendor/bundle/ruby/2.2.0/gems/rspec-core-3.5.4/lib/rspec/core/example.rb:443:in `instance_exec'[0m

          [36m# /home/travis/build/department-of-veterans-affairs/caseflow/vendor/bundle/ruby/2.2.0/gems/rspec-core-3.5.4/lib/rspec/core/hooks.rb:375:in `execute_with'[0m

          [36m# /home/travis/build/department-of-veterans-affairs/caseflow/vendor/bundle/ruby/2.2.0/gems/rspec-core-3.5.4/lib/rspec/core/hooks.rb:606:in `block (2 levels) in run_around_example_hooks_for'[0m

          [36m# /home/travis/build/department-of-veterans-affairs/caseflow/vendor/bundle/ruby/2.2.0/gems/rspec-core-3.5.4/lib/rspec/core/example.rb:338:in `call'[0m

          [36m# /home/travis/build/department-of-veterans-affairs/caseflow/vendor/bundle/ruby/2.2.0/gems/rspec-core-3.5.4/lib/rspec/core/example.rb:338:in `call'[0m

          [36m# /home/travis/build/department-of-veterans-affairs/caseflow/vendor/bundle/ruby/2.2.0/gems/rspec-core-3.5.4/lib/rspec/core/hooks.rb:607:in `run_around_example_hooks_for'[0m

          [36m# /home/travis/build/department-of-veterans-affairs/caseflow/vendor/bundle/ruby/2.2.0/gems/rspec-core-3.5.4/lib/rspec/core/hooks.rb:464:in `run'[0m

          [36m# /home/travis/build/department-of-veterans-affairs/caseflow/vendor/bundle/ruby/2.2.0/gems/rspec-core-3.5.4/lib/rspec/core/example.rb:453:in `with_around_example_hooks'[0m

          [36m# /home/travis/build/department-of-veterans-affairs/caseflow/vendor/bundle/ruby/2.2.0/gems/rspec-core-3.5.4/lib/rspec/core/example.rb:496:in `with_around_and_singleton_context_hooks'[0m

          [36m# /home/travis/build/department-of-veterans-affairs/caseflow/vendor/bundle/ruby/2.2.0/gems/rspec-core-3.5.4/lib/rspec/core/example.rb:251:in `run'[0m

          [36m# /home/travis/build/department-of-veterans-affairs/caseflow/vendor/bundle/ruby/2.2.0/gems/rspec-core-3.5.4/lib/rspec/core/example_group.rb:627:in `block in run_examples'[0m

          [36m# /home/travis/build/department-of-veterans-affairs/caseflow/vendor/bundle/ruby/2.2.0/gems/rspec-core-3.5.4/lib/rspec/core/example_group.rb:623:in `map'[0m

          [36m# /home/travis/build/department-of-veterans-affairs/caseflow/vendor/bundle/ruby/2.2.0/gems/rspec-core-3.5.4/lib/rspec/core/example_group.rb:623:in `run_examples'[0m

          [36m# /home/travis/build/department-of-veterans-affairs/caseflow/vendor/bundle/ruby/2.2.0/gems/rspec-core-3.5.4/lib/rspec/core/example_group.rb:589:in `run'[0m

          [36m# /home/travis/build/department-of-veterans-affairs/caseflow/vendor/bundle/ruby/2.2.0/gems/rspec-core-3.5.4/lib/rspec/core/example_group.rb:590:in `block in run'[0m

          [36m# /home/travis/build/department-of-veterans-affairs/caseflow/vendor/bundle/ruby/2.2.0/gems/rspec-core-3.5.4/lib/rspec/core/example_group.rb:590:in `map'[0m

          [36m# /home/travis/build/department-of-veterans-affairs/caseflow/vendor/bundle/ruby/2.2.0/gems/rspec-core-3.5.4/lib/rspec/core/example_group.rb:590:in `run'[0m

          [36m# /home/travis/build/department-of-veterans-affairs/caseflow/vendor/bundle/ruby/2.2.0/gems/rspec-core-3.5.4/lib/rspec/core/runner.rb:113:in `block (3 levels) in run_specs'[0m

          [36m# /home/travis/build/department-of-veterans-affairs/caseflow/vendor/bundle/ruby/2.2.0/gems/rspec-core-3.5.4/lib/rspec/core/runner.rb:113:in `map'[0m

          [36m# /home/travis/build/department-of-veterans-affairs/caseflow/vendor/bundle/ruby/2.2.0/gems/rspec-core-3.5.4/lib/rspec/core/runner.rb:113:in `block (2 levels) in run_specs'[0m

          [36m# /home/travis/build/department-of-veterans-affairs/caseflow/vendor/bundle/ruby/2.2.0/gems/rspec-core-3.5.4/lib/rspec/core/configuration.rb:1835:in `with_suite_hooks'[0m

          [36m# /home/travis/build/department-of-veterans-affairs/caseflow/vendor/bundle/ruby/2.2.0/gems/rspec-core-3.5.4/lib/rspec/core/runner.rb:112:in `block in run_specs'[0m

          [36m# /home/travis/build/department-of-veterans-affairs/caseflow/vendor/bundle/ruby/2.2.0/gems/rspec-core-3.5.4/lib/rspec/core/reporter.rb:77:in `report'[0m

          [36m# /home/travis/build/department-of-veterans-affairs/caseflow/vendor/bundle/ruby/2.2.0/gems/rspec-core-3.5.4/lib/rspec/core/runner.rb:111:in `run_specs'[0m

          [36m# /home/travis/build/department-of-veterans-affairs/caseflow/vendor/bundle/ruby/2.2.0/gems/rspec-core-3.5.4/lib/rspec/core/runner.rb:87:in `run'[0m

          [36m# /home/travis/build/department-of-veterans-affairs/caseflow/vendor/bundle/ruby/2.2.0/gems/rspec-core-3.5.4/lib/rspec/core/runner.rb:71:in `run'[0m

          [36m# /home/travis/build/department-of-veterans-affairs/caseflow/vendor/bundle/ruby/2.2.0/gems/rspec-core-3.5.4/lib/rspec/core/runner.rb:45:in `invoke'[0m

          [36m# /home/travis/build/department-of-veterans-affairs/caseflow/vendor/bundle/ruby/2.2.0/gems/rspec-core-3.5.4/exe/rspec:4:in `<main>'[0m

          [36m# [0m

          [36m#   Showing full backtrace because every line was filtered out.[0m

          [36m#   See docs for RSpec::Configuration#backtrace_exclusion_patterns and[0m

          [36m#   RSpec::Configuration#backtrace_inclusion_patterns for more information.[0m



Finished in 2 minutes 17.1 seconds (files took 27.84 seconds to load)

[31m24 examples, 2 failures, 1 pending[0m



Failed examples:



[31mrspec ./spec/feature/reader_spec.rb:698[0m [36m# Reader Large number of documents Open a document, navigate using buttons to see a new doc, and return to list[0m

[31mrspec ./spec/feature/reader_spec.rb:718[0m [36m# Reader When user is not whitelisted it redirects to unauthorized[0m



Coverage report generated for Test Run to /home/travis/build/department-of-veterans-affairs/caseflow/coverage. 3645 / 6639 LOC (54.9%) covered.

/home/travis/.rvm/rubies/ruby-2.2.4/bin/ruby -I/home/travis/build/department-of-veterans-affairs/caseflow/vendor/bundle/ruby/2.2.0/gems/rspec-core-3.5.4/lib:/home/travis/build/department-of-veterans-affairs/caseflow/vendor/bundle/ruby/2.2.0/gems/rspec-support-3.5.0/lib /home/travis/build/department-of-veterans-affairs/caseflow/vendor/bundle/ruby/2.2.0/gems/rspec-core-3.5.4/exe/rspec --pattern spec/\*\*\{,/\*/\*\*\}/\*_spec.rb failed



travis_time:end:183d9f94:start=1497297259976206476,finish=1497297430528156632,duration=170551950156
[0K

[31;1mThe command "bundle exec rake spec" exited with 1.[0m

travis_time:start:278090e3
[0K$ bundle exec rake ci:other

(in /home/travis/build/department-of-veterans-affairs/caseflow)



Verifying code coverage

Coverage report generated for Test Run to /home/travis/build/department-of-veterans-affairs/caseflow/coverage. 3645 / 6639 LOC (54.9%) covered.

[31mFile /home/travis/build/department-of-veterans-affairs/caseflow/app/models/dispatch_stats.rb is only 8% covered.                   This is below the expected minimum coverage per file of 90%

[0m



travis_time:end:278090e3:start=1497297430534739888,finish=1497297434120007886,duration=3585267998
[0K

[31;1mThe command "bundle exec rake ci:other" exited with 1.[0m

travis_time:start:0fb99af6
[0K$ mv node_modules node_modules_bak && npm install --production --no-optional && npm run build:production

caseflow-frontend@0.0.1 /home/travis/build/department-of-veterans-affairs/caseflow/client

Ã¢â€Å“Ã¢â€â‚¬Ã¢â€â‚¬ [40m[33macorn@4.0.11[39m[49m 

Ã¢â€Å“Ã¢â€â‚¬Ã¢â€â‚¬ [40m[33macorn-dynamic-import@2.0.2[39m[49m 

Ã¢â€Å“Ã¢â€â‚¬Ã¢â€â‚¬ [40m[33majv@4.10.0[39m[49m 

Ã¢â€Å“Ã¢â€â‚¬Ã¢â€â‚¬ [40m[33majv-keywords@1.3.0[39m[49m 

Ã¢â€Å“Ã¢â€â‚¬Ã¢â€â‚¬ [40m[33malign-text@0.1.4[39m[49m 

Ã¢â€Å“Ã¢â€â‚¬Ã¢â€â‚¬ [40m[33mamdefine@1.0.1[39m[49m 

Ã¢â€Å“Ã¢â€â‚¬Ã¢â€â‚¬ [40m[33mansi-regex@2.0.0[39m[49m 

Ã¢â€Å“Ã¢â€â‚¬Ã¢â€â‚¬ [40m[33mansi-styles@2.2.1[39m[49m 

Ã¢â€Å“Ã¢â€â‚¬Ã¢â€â‚¬ [40m[33manymatch@1.3.0[39m[49m 

Ã¢â€Å“Ã¢â€â‚¬Ã¢â€â‚¬ [40m[33marr-diff@2.0.0[39m[49m 

Ã¢â€Å“Ã¢â€â‚¬Ã¢â€â‚¬ [40m[33marr-flatten@1.0.1[39m[49m 

Ã¢â€Å“Ã¢â€â‚¬Ã¢â€â‚¬ [40m[33marray-unique@0.2.1[39m[49m 

Ã¢â€Å“Ã¢â€â‚¬Ã¢â€â‚¬ [40m[33marrify@1.0.1[39m[49m 

Ã¢â€Å“Ã¢â€â‚¬Ã¢â€â‚¬ [40m[33masap@2.0.5[39m[49m 

Ã¢â€Å“Ã¢â€â‚¬Ã¢â€â‚¬ [40m[33masn1.js@4.9.1[39m[49m 

Ã¢â€Å“Ã¢â€â‚¬Ã¢â€â‚¬ [40m[33massert@1.4.1[39m[49m 

Ã¢â€Å“Ã¢â€â‚¬Ã¢â€â‚¬ [40m[33masync@2.3.0[39m[49m 

Ã¢â€Å“Ã¢â€â‚¬Ã¢â€â‚¬ [40m[33masync-each@1.0.1[39m[49m 

Ã¢â€Å“Ã¢â€â‚¬Ã¢â€Â¬ [40m[33mbabel-code-frame@6.22.0[39m[49m 

Ã¢â€â€š Ã¢â€â€Ã¢â€â‚¬Ã¢â€â‚¬ [40m[33mjs-tokens@3.0.1[39m[49m 

Ã¢â€Å“Ã¢â€â‚¬Ã¢â€Â¬ [40m[33mbabel-core@6.24.1[39m[49m 

Ã¢â€â€š Ã¢â€â€Ã¢â€â‚¬Ã¢â€â‚¬ [40m[33mbabel-runtime@6.23.0[39m[49m 

Ã¢â€Å“Ã¢â€â‚¬Ã¢â€Â¬ [40m[33mbabel-generator@6.24.1[39m[49m 

Ã¢â€â€š Ã¢â€â€Ã¢â€â‚¬Ã¢â€â‚¬ [40m[33mbabel-runtime@6.23.0[39m[49m 

Ã¢â€Å“Ã¢â€â‚¬Ã¢â€Â¬ [40m[33mbabel-helper-bindify-decorators@6.24.1[39m[49m 

Ã¢â€â€š Ã¢â€â€Ã¢â€â‚¬Ã¢â€â‚¬ [40m[33mbabel-runtime@6.23.0[39m[49m 

Ã¢â€Å“Ã¢â€â‚¬Ã¢â€Â¬ [40m[33mbabel-helper-builder-binary-assignment-operator-visitor@6.24.1[39m[49m 

Ã¢â€â€š Ã¢â€â€Ã¢â€â‚¬Ã¢â€â‚¬ [40m[33mbabel-runtime@6.23.0[39m[49m 

Ã¢â€Å“Ã¢â€â‚¬Ã¢â€Â¬ [40m[33mbabel-helper-builder-react-jsx@6.24.1[39m[49m 

Ã¢â€â€š Ã¢â€â€Ã¢â€â‚¬Ã¢â€â‚¬ [40m[33mbabel-runtime@6.23.0[39m[49m 

Ã¢â€Å“Ã¢â€â‚¬Ã¢â€Â¬ [40m[33mbabel-helper-call-delegate@6.24.1[39m[49m 

Ã¢â€â€š Ã¢â€â€Ã¢â€â‚¬Ã¢â€â‚¬ [40m[33mbabel-runtime@6.23.0[39m[49m 

Ã¢â€Å“Ã¢â€â‚¬Ã¢â€Â¬ [40m[33mbabel-helper-define-map@6.24.1[39m[49m 

Ã¢â€â€š Ã¢â€â€Ã¢â€â‚¬Ã¢â€â‚¬ [40m[33mbabel-runtime@6.23.0[39m[49m 

Ã¢â€Å“Ã¢â€â‚¬Ã¢â€Â¬ [40m[33mbabel-helper-explode-assignable-expression@6.24.1[39m[49m 

Ã¢â€â€š Ã¢â€â€Ã¢â€â‚¬Ã¢â€â‚¬ [40m[33mbabel-runtime@6.23.0[39m[49m 

Ã¢â€Å“Ã¢â€â‚¬Ã¢â€Â¬ [40m[33mbabel-helper-explode-class@6.24.1[39m[49m 

Ã¢â€â€š Ã¢â€â€Ã¢â€â‚¬Ã¢â€â‚¬ [40m[33mbabel-runtime@6.23.0[39m[49m 

Ã¢â€Å“Ã¢â€â‚¬Ã¢â€Â¬ [40m[33mbabel-helper-function-name@6.24.1[39m[49m 

Ã¢â€â€š Ã¢â€â€Ã¢â€â‚¬Ã¢â€â‚¬ [40m[33mbabel-runtime@6.23.0[39m[49m 

Ã¢â€Å“Ã¢â€â‚¬Ã¢â€Â¬ [40m[33mbabel-helper-get-function-arity@6.24.1[39m[49m 

Ã¢â€â€š Ã¢â€â€Ã¢â€â‚¬Ã¢â€â‚¬ [40m[33mbabel-runtime@6.23.0[39m[49m 

Ã¢â€Å“Ã¢â€â‚¬Ã¢â€Â¬ [40m[33mbabel-helper-hoist-variables@6.24.1[39m[49m 

Ã¢â€â€š Ã¢â€â€Ã¢â€â‚¬Ã¢â€â‚¬ [40m[33mbabel-runtime@6.23.0[39m[49m 

Ã¢â€Å“Ã¢â€â‚¬Ã¢â€Â¬ [40m[33mbabel-helper-optimise-call-expression@6.24.1[39m[49m 

Ã¢â€â€š Ã¢â€â€Ã¢â€â‚¬Ã¢â€â‚¬ [40m[33mbabel-runtime@6.23.0[39m[49m 

Ã¢â€Å“Ã¢â€â‚¬Ã¢â€Â¬ [40m[33mbabel-helper-regex@6.24.1[39m[49m 

Ã¢â€â€š Ã¢â€â€Ã¢â€â‚¬Ã¢â€â‚¬ [40m[33mbabel-runtime@6.23.0[39m[49m 

Ã¢â€Å“Ã¢â€â‚¬Ã¢â€Â¬ [40m[33mbabel-helper-remap-async-to-generator@6.24.1[39m[49m 

Ã¢â€â€š Ã¢â€â€Ã¢â€â‚¬Ã¢â€â‚¬ [40m[33mbabel-runtime@6.23.0[39m[49m 

Ã¢â€Å“Ã¢â€â‚¬Ã¢â€Â¬ [40m[33mbabel-helper-replace-supers@6.24.1[39m[49m 

Ã¢â€â€š Ã¢â€â€Ã¢â€â‚¬Ã¢â€â‚¬ [40m[33mbabel-runtime@6.23.0[39m[49m 

Ã¢â€Å“Ã¢â€â‚¬Ã¢â€Â¬ [40m[33mbabel-helpers@6.24.1[39m[49m 

Ã¢â€â€š Ã¢â€â€Ã¢â€â‚¬Ã¢â€â‚¬ [40m[33mbabel-runtime@6.23.0[39m[49m 

Ã¢â€Å“Ã¢â€â‚¬Ã¢â€â‚¬ [40m[33mbabel-loader@6.4.1[39m[49m 

Ã¢â€Å“Ã¢â€â‚¬Ã¢â€Â¬ [40m[33mbabel-messages@6.23.0[39m[49m 

Ã¢â€â€š Ã¢â€â€Ã¢â€â‚¬Ã¢â€â‚¬ [40m[33mbabel-runtime@6.23.0[39m[49m 

Ã¢â€Å“Ã¢â€â‚¬Ã¢â€Â¬ [40m[33mbabel-plugin-check-es2015-constants@6.22.0[39m[49m 

Ã¢â€â€š Ã¢â€â€Ã¢â€â‚¬Ã¢â€â‚¬ [40m[33mbabel-runtime@6.23.0[39m[49m 

Ã¢â€Å“Ã¢â€â‚¬Ã¢â€â‚¬ [40m[33mbabel-plugin-syntax-async-functions@6.13.0[39m[49m 

Ã¢â€Å“Ã¢â€â‚¬Ã¢â€â‚¬ [40m[33mbabel-plugin-syntax-async-generators@6.13.0[39m[49m 

Ã¢â€Å“Ã¢â€â‚¬Ã¢â€â‚¬ [40m[33mbabel-plugin-syntax-class-constructor-call@6.18.0[39m[49m 

Ã¢â€Å“Ã¢â€â‚¬Ã¢â€â‚¬ [40m[33mbabel-plugin-syntax-class-properties@6.13.0[39m[49m 

Ã¢â€Å“Ã¢â€â‚¬Ã¢â€â‚¬ [40m[33mbabel-plugin-syntax-decorators@6.13.0[39m[49m 

Ã¢â€Å“Ã¢â€â‚¬Ã¢â€â‚¬ [40m[33mbabel-plugin-syntax-do-expressions@6.13.0[39m[49m 

Ã¢â€Å“Ã¢â€â‚¬Ã¢â€â‚¬ [40m[33mbabel-plugin-syntax-dynamic-import@6.18.0[39m[49m 

Ã¢â€Å“Ã¢â€â‚¬Ã¢â€â‚¬ [40m[33mbabel-plugin-syntax-exponentiation-operator@6.13.0[39m[49m 

Ã¢â€Å“Ã¢â€â‚¬Ã¢â€â‚¬ [40m[33mbabel-plugin-syntax-export-extensions@6.13.0[39m[49m 

Ã¢â€Å“Ã¢â€â‚¬Ã¢â€â‚¬ [40m[33mbabel-plugin-syntax-flow@6.18.0[39m[49m 

Ã¢â€Å“Ã¢â€â‚¬Ã¢â€â‚¬ [40m[33mbabel-plugin-syntax-function-bind@6.13.0[39m[49m 

Ã¢â€Å“Ã¢â€â‚¬Ã¢â€â‚¬ [40m[33mbabel-plugin-syntax-jsx@6.18.0[39m[49m 

Ã¢â€Å“Ã¢â€â‚¬Ã¢â€â‚¬ [40m[33mbabel-plugin-syntax-object-rest-spread@6.13.0[39m[49m 

Ã¢â€Å“Ã¢â€â‚¬Ã¢â€â‚¬ [40m[33mbabel-plugin-syntax-trailing-function-commas@6.22.0[39m[49m 

Ã¢â€Å“Ã¢â€â‚¬Ã¢â€Â¬ [40m[33mbabel-plugin-transform-async-generator-functions@6.24.1[39m[49m 

Ã¢â€â€š Ã¢â€â€Ã¢â€â‚¬Ã¢â€â‚¬ [40m[33mbabel-runtime@6.23.0[39m[49m 

Ã¢â€Å“Ã¢â€â‚¬Ã¢â€Â¬ [40m[33mbabel-plugin-transform-async-to-generator@6.24.1[39m[49m 

Ã¢â€â€š Ã¢â€â€Ã¢â€â‚¬Ã¢â€â‚¬ [40m[33mbabel-runtime@6.23.0[39m[49m 

Ã¢â€Å“Ã¢â€â‚¬Ã¢â€Â¬ [40m[33mbabel-plugin-transform-class-constructor-call@6.24.1[39m[49m 

Ã¢â€â€š Ã¢â€â€Ã¢â€â‚¬Ã¢â€â‚¬ [40m[33mbabel-runtime@6.23.0[39m[49m 

Ã¢â€Å“Ã¢â€â‚¬Ã¢â€Â¬ [40m[33mbabel-plugin-transform-class-properties@6.24.1[39m[49m 

Ã¢â€â€š Ã¢â€â€Ã¢â€â‚¬Ã¢â€â‚¬ [40m[33mbabel-runtime@6.23.0[39m[49m 

Ã¢â€Å“Ã¢â€â‚¬Ã¢â€Â¬ [40m[33mbabel-plugin-transform-decorators@6.24.1[39m[49m 

Ã¢â€â€š Ã¢â€â€Ã¢â€â‚¬Ã¢â€â‚¬ [40m[33mbabel-runtime@6.23.0[39m[49m 

Ã¢â€Å“Ã¢â€â‚¬Ã¢â€Â¬ [40m[33mbabel-plugin-transform-do-expressions@6.22.0[39m[49m 

Ã¢â€â€š Ã¢â€â€Ã¢â€â‚¬Ã¢â€â‚¬ [40m[33mbabel-runtime@6.23.0[39m[49m 

Ã¢â€Å“Ã¢â€â‚¬Ã¢â€Â¬ [40m[33mbabel-plugin-transform-es2015-arrow-functions@6.22.0[39m[49m 

Ã¢â€â€š Ã¢â€â€Ã¢â€â‚¬Ã¢â€â‚¬ [40m[33mbabel-runtime@6.23.0[39m[49m 

Ã¢â€Å“Ã¢â€â‚¬Ã¢â€Â¬ [40m[33mbabel-plugin-transform-es2015-block-scoped-functions@6.22.0[39m[49m 

Ã¢â€â€š Ã¢â€â€Ã¢â€â‚¬Ã¢â€â‚¬ [40m[33mbabel-runtime@6.23.0[39m[49m 

Ã¢â€Å“Ã¢â€â‚¬Ã¢â€Â¬ [40m[33mbabel-plugin-transform-es2015-block-scoping@6.24.1[39m[49m 

Ã¢â€â€š Ã¢â€â€Ã¢â€â‚¬Ã¢â€â‚¬ [40m[33mbabel-runtime@6.23.0[39m[49m 

Ã¢â€Å“Ã¢â€â‚¬Ã¢â€Â¬ [40m[33mbabel-plugin-transform-es2015-classes@6.24.1[39m[49m 

Ã¢â€â€š Ã¢â€â€Ã¢â€â‚¬Ã¢â€â‚¬ [40m[33mbabel-runtime@6.23.0[39m[49m 

Ã¢â€Å“Ã¢â€â‚¬Ã¢â€Â¬ [40m[33mbabel-plugin-transform-es2015-computed-properties@6.24.1[39m[49m 

Ã¢â€â€š Ã¢â€â€Ã¢â€â‚¬Ã¢â€â‚¬ [40m[33mbabel-runtime@6.23.0[39m[49m 

Ã¢â€Å“Ã¢â€â‚¬Ã¢â€Â¬ [40m[33mbabel-plugin-transform-es2015-destructuring@6.23.0[39m[49m 

Ã¢â€â€š Ã¢â€â€Ã¢â€â‚¬Ã¢â€â‚¬ [40m[33mbabel-runtime@6.23.0[39m[49m 

Ã¢â€Å“Ã¢â€â‚¬Ã¢â€Â¬ [40m[33mbabel-plugin-transform-es2015-duplicate-keys@6.24.1[39m[49m 

Ã¢â€â€š Ã¢â€â€Ã¢â€â‚¬Ã¢â€â‚¬ [40m[33mbabel-runtime@6.23.0[39m[49m 

Ã¢â€Å“Ã¢â€â‚¬Ã¢â€Â¬ [40m[33mbabel-plugin-transform-es2015-for-of@6.23.0[39m[49m 

Ã¢â€â€š Ã¢â€â€Ã¢â€â‚¬Ã¢â€â‚¬ [40m[33mbabel-runtime@6.23.0[39m[49m 

Ã¢â€Å“Ã¢â€â‚¬Ã¢â€Â¬ [40m[33mbabel-plugin-transform-es2015-function-name@6.24.1[39m[49m 

Ã¢â€â€š Ã¢â€â€Ã¢â€â‚¬Ã¢â€â‚¬ [40m[33mbabel-runtime@6.23.0[39m[49m 

Ã¢â€Å“Ã¢â€â‚¬Ã¢â€Â¬ [40m[33mbabel-plugin-transform-es2015-literals@6.22.0[39m[49m 

Ã¢â€â€š Ã¢â€â€Ã¢â€â‚¬Ã¢â€â‚¬ [40m[33mbabel-runtime@6.23.0[39m[49m 

Ã¢â€Å“Ã¢â€â‚¬Ã¢â€Â¬ [40m[33mbabel-plugin-transform-es2015-modules-amd@6.24.1[39m[49m 

Ã¢â€â€š Ã¢â€â€Ã¢â€â‚¬Ã¢â€â‚¬ [40m[33mbabel-runtime@6.23.0[39m[49m 

Ã¢â€Å“Ã¢â€â‚¬Ã¢â€Â¬ [40m[33mbabel-plugin-transform-es2015-modules-commonjs@6.24.1[39m[49m 

Ã¢â€â€š Ã¢â€â€Ã¢â€â‚¬Ã¢â€â‚¬ [40m[33mbabel-runtime@6.23.0[39m[49m 

Ã¢â€Å“Ã¢â€â‚¬Ã¢â€Â¬ [40m[33mbabel-plugin-transform-es2015-modules-systemjs@6.24.1[39m[49m 

Ã¢â€â€š Ã¢â€â€Ã¢â€â‚¬Ã¢â€â‚¬ [40m[33mbabel-runtime@6.23.0[39m[49m 

Ã¢â€Å“Ã¢â€â‚¬Ã¢â€Â¬ [40m[33mbabel-plugin-transform-es2015-modules-umd@6.24.1[39m[49m 

Ã¢â€â€š Ã¢â€â€Ã¢â€â‚¬Ã¢â€â‚¬ [40m[33mbabel-runtime@6.23.0[39m[49m 

Ã¢â€Å“Ã¢â€â‚¬Ã¢â€Â¬ [40m[33mbabel-plugin-transform-es2015-object-super@6.24.1[39m[49m 

Ã¢â€â€š Ã¢â€â€Ã¢â€â‚¬Ã¢â€â‚¬ [40m[33mbabel-runtime@6.23.0[39m[49m 

Ã¢â€Å“Ã¢â€â‚¬Ã¢â€Â¬ [40m[33mbabel-plugin-transform-es2015-parameters@6.24.1[39m[49m 

Ã¢â€â€š Ã¢â€â€Ã¢â€â‚¬Ã¢â€â‚¬ [40m[33mbabel-runtime@6.23.0[39m[49m 

Ã¢â€Å“Ã¢â€â‚¬Ã¢â€Â¬ [40m[33mbabel-plugin-transform-es2015-shorthand-properties@6.24.1[39m[49m 

Ã¢â€â€š Ã¢â€â€Ã¢â€â‚¬Ã¢â€â‚¬ [40m[33mbabel-runtime@6.23.0[39m[49m 

Ã¢â€Å“Ã¢â€â‚¬Ã¢â€Â¬ [40m[33mbabel-plugin-transform-es2015-spread@6.22.0[39m[49m 

Ã¢â€â€š Ã¢â€â€Ã¢â€â‚¬Ã¢â€â‚¬ [40m[33mbabel-runtime@6.23.0[39m[49m 

Ã¢â€Å“Ã¢â€â‚¬Ã¢â€Â¬ [40m[33mbabel-plugin-transform-es2015-sticky-regex@6.24.1[39m[49m 

Ã¢â€â€š Ã¢â€â€Ã¢â€â‚¬Ã¢â€â‚¬ [40m[33mbabel-runtime@6.23.0[39m[49m 

Ã¢â€Å“Ã¢â€â‚¬Ã¢â€Â¬ [40m[33mbabel-plugin-transform-es2015-template-literals@6.22.0[39m[49m 

Ã¢â€â€š Ã¢â€â€Ã¢â€â‚¬Ã¢â€â‚¬ [40m[33mbabel-runtime@6.23.0[39m[49m 

Ã¢â€Å“Ã¢â€â‚¬Ã¢â€Â¬ [40m[33mbabel-plugin-transform-es2015-typeof-symbol@6.23.0[39m[49m 

Ã¢â€â€š Ã¢â€â€Ã¢â€â‚¬Ã¢â€â‚¬ [40m[33mbabel-runtime@6.23.0[39m[49m 

Ã¢â€Å“Ã¢â€â‚¬Ã¢â€Â¬ [40m[33mbabel-plugin-transform-es2015-unicode-regex@6.24.1[39m[49m 

Ã¢â€â€š Ã¢â€â€Ã¢â€â‚¬Ã¢â€â‚¬ [40m[33mbabel-runtime@6.23.0[39m[49m 

Ã¢â€Å“Ã¢â€â‚¬Ã¢â€Â¬ [40m[33mbabel-plugin-transform-exponentiation-operator@6.24.1[39m[49m 

Ã¢â€â€š Ã¢â€â€Ã¢â€â‚¬Ã¢â€â‚¬ [40m[33mbabel-runtime@6.23.0[39m[49m 

Ã¢â€Å“Ã¢â€â‚¬Ã¢â€Â¬ [40m[33mbabel-plugin-transform-export-extensions@6.22.0[39m[49m 

Ã¢â€â€š Ã¢â€â€Ã¢â€â‚¬Ã¢â€â‚¬ [40m[33mbabel-runtime@6.23.0[39m[49m 

Ã¢â€Å“Ã¢â€â‚¬Ã¢â€Â¬ [40m[33mbabel-plugin-transform-flow-strip-types@6.22.0[39m[49m 

Ã¢â€â€š Ã¢â€â€Ã¢â€â‚¬Ã¢â€â‚¬ [40m[33mbabel-runtime@6.23.0[39m[49m 

Ã¢â€Å“Ã¢â€â‚¬Ã¢â€Â¬ [40m[33mbabel-plugin-transform-function-bind@6.22.0[39m[49m 

Ã¢â€â€š Ã¢â€â€Ã¢â€â‚¬Ã¢â€â‚¬ [40m[33mbabel-runtime@6.23.0[39m[49m 

Ã¢â€Å“Ã¢â€â‚¬Ã¢â€Â¬ [40m[33mbabel-plugin-transform-object-rest-spread@6.23.0[39m[49m 

Ã¢â€â€š Ã¢â€â€Ã¢â€â‚¬Ã¢â€â‚¬ [40m[33mbabel-runtime@6.23.0[39m[49m 

Ã¢â€Å“Ã¢â€â‚¬Ã¢â€Â¬ [40m[33mbabel-plugin-transform-react-display-name@6.23.0[39m[49m 

Ã¢â€â€š Ã¢â€â€Ã¢â€â‚¬Ã¢â€â‚¬ [40m[33mbabel-runtime@6.23.0[39m[49m 

Ã¢â€Å“Ã¢â€â‚¬Ã¢â€Â¬ [40m[33mbabel-plugin-transform-react-jsx@6.24.1[39m[49m 

Ã¢â€â€š Ã¢â€â€Ã¢â€â‚¬Ã¢â€â‚¬ [40m[33mbabel-runtime@6.23.0[39m[49m 

Ã¢â€Å“Ã¢â€â‚¬Ã¢â€Â¬ [40m[33mbabel-plugin-transform-react-jsx-self@6.22.0[39m[49m 

Ã¢â€â€š Ã¢â€â€Ã¢â€â‚¬Ã¢â€â‚¬ [40m[33mbabel-runtime@6.23.0[39m[49m 

Ã¢â€Å“Ã¢â€â‚¬Ã¢â€Â¬ [40m[33mbabel-plugin-transform-react-jsx-source@6.22.0[39m[49m 

Ã¢â€â€š Ã¢â€â€Ã¢â€â‚¬Ã¢â€â‚¬ [40m[33mbabel-runtime@6.23.0[39m[49m 

Ã¢â€Å“Ã¢â€â‚¬Ã¢â€â‚¬ [40m[33mbabel-plugin-transform-regenerator@6.24.1[39m[49m 

Ã¢â€Å“Ã¢â€â‚¬Ã¢â€Â¬ [40m[33mbabel-plugin-transform-strict-mode@6.24.1[39m[49m 

Ã¢â€â€š Ã¢â€â€Ã¢â€â‚¬Ã¢â€â‚¬ [40m[33mbabel-runtime@6.23.0[39m[49m 

Ã¢â€Å“Ã¢â€â‚¬Ã¢â€Â¬ [40m[33mbabel-polyfill@6.23.0[39m[49m 

Ã¢â€â€š Ã¢â€â€Ã¢â€â‚¬Ã¢â€â‚¬ [40m[33mbabel-runtime@6.23.0[39m[49m 

Ã¢â€Å“Ã¢â€â‚¬Ã¢â€â‚¬ [40m[33mbabel-preset-es2015@6.24.1[39m[49m 

Ã¢â€Å“Ã¢â€â‚¬Ã¢â€â‚¬ [40m[33mbabel-preset-flow@6.23.0[39m[49m 

Ã¢â€Å“Ã¢â€â‚¬Ã¢â€â‚¬ [40m[33mbabel-preset-react@6.24.1[39m[49m 

Ã¢â€Å“Ã¢â€â‚¬Ã¢â€â‚¬ [40m[33mbabel-preset-stage-0@6.24.1[39m[49m 

Ã¢â€Å“Ã¢â€â‚¬Ã¢â€â‚¬ [40m[33mbabel-preset-stage-1@6.24.1[39m[49m 

Ã¢â€Å“Ã¢â€â‚¬Ã¢â€â‚¬ [40m[33mbabel-preset-stage-2@6.24.1[39m[49m 

Ã¢â€Å“Ã¢â€â‚¬Ã¢â€â‚¬ [40m[33mbabel-preset-stage-3@6.24.1[39m[49m 

Ã¢â€Å“Ã¢â€â‚¬Ã¢â€Â¬ [40m[33mbabel-register@6.24.1[39m[49m 

Ã¢â€â€š Ã¢â€â€Ã¢â€â‚¬Ã¢â€â‚¬ [40m[33mbabel-runtime@6.23.0[39m[49m 

Ã¢â€Å“Ã¢â€â‚¬Ã¢â€Â¬ [40m[33mbabel-runtime@6.18.0[39m[49m 

Ã¢â€â€š Ã¢â€â€Ã¢â€â‚¬Ã¢â€â‚¬ [40m[33mregenerator-runtime@0.9.6[39m[49m 

Ã¢â€Å“Ã¢â€â‚¬Ã¢â€Â¬ [40m[33mbabel-template@6.24.1[39m[49m 

Ã¢â€â€š Ã¢â€â€Ã¢â€â‚¬Ã¢â€â‚¬ [40m[33mbabel-runtime@6.23.0[39m[49m 

Ã¢â€Å“Ã¢â€â‚¬Ã¢â€Â¬ [40m[33mbabel-traverse@6.24.1[39m[49m 

Ã¢â€â€š Ã¢â€â€Ã¢â€â‚¬Ã¢â€â‚¬ [40m[33mbabel-runtime@6.23.0[39m[49m 

Ã¢â€Å“Ã¢â€â‚¬Ã¢â€Â¬ [40m[33mbabel-types@6.24.1[39m[49m 

Ã¢â€â€š Ã¢â€â€Ã¢â€â‚¬Ã¢â€â‚¬ [40m[33mbabel-runtime@6.23.0[39m[49m 

Ã¢â€Å“Ã¢â€â‚¬Ã¢â€â‚¬ [40m[33mbabylon@6.16.1[39m[49m 

Ã¢â€Å“Ã¢â€â‚¬Ã¢â€â‚¬ [40m[33mbalanced-match@0.4.2[39m[49m 

Ã¢â€Å“Ã¢â€â‚¬Ã¢â€â‚¬ [40m[33mbase64-js@1.2.0[39m[49m 

Ã¢â€Å“Ã¢â€â‚¬Ã¢â€â‚¬ [40m[33mbig.js@3.1.3[39m[49m 

Ã¢â€Å“Ã¢â€â‚¬Ã¢â€â‚¬ [40m[33mbinary-extensions@1.8.0[39m[49m 

Ã¢â€Å“Ã¢â€â‚¬Ã¢â€â‚¬ [40m[33mbn.js@4.11.6[39m[49m 

Ã¢â€Å“Ã¢â€â‚¬Ã¢â€â‚¬ [40m[33mbrace-expansion@1.1.6[39m[49m 

Ã¢â€Å“Ã¢â€â‚¬Ã¢â€â‚¬ [40m[33mbraces@1.8.5[39m[49m 

Ã¢â€Å“Ã¢â€â‚¬Ã¢â€â‚¬ [40m[33mbrorand@1.1.0[39m[49m 

Ã¢â€Å“Ã¢â€â‚¬Ã¢â€â‚¬ [40m[33mbrowserify-aes@1.0.6[39m[49m 

Ã¢â€Å“Ã¢â€â‚¬Ã¢â€â‚¬ [40m[33mbrowserify-cipher@1.0.0[39m[49m 

Ã¢â€Å“Ã¢â€â‚¬Ã¢â€â‚¬ [40m[33mbrowserify-des@1.0.0[39m[49m 

Ã¢â€Å“Ã¢â€â‚¬Ã¢â€â‚¬ [40m[33mbrowserify-rsa@4.0.1[39m[49m 

Ã¢â€Å“Ã¢â€â‚¬Ã¢â€â‚¬ [40m[33mbrowserify-sign@4.0.4[39m[49m 

Ã¢â€Å“Ã¢â€â‚¬Ã¢â€â‚¬ [40m[33mbrowserify-zlib@0.1.4[39m[49m 

Ã¢â€Å“Ã¢â€â‚¬Ã¢â€â‚¬ [40m[33mbuffer@4.9.1[39m[49m 

Ã¢â€Å“Ã¢â€â‚¬Ã¢â€â‚¬ [40m[33mbuffer-shims@1.0.0[39m[49m 

Ã¢â€Å“Ã¢â€â‚¬Ã¢â€â‚¬ [40m[33mbuffer-xor@1.0.3[39m[49m 

Ã¢â€Å“Ã¢â€â‚¬Ã¢â€â‚¬ [40m[33mbuiltin-modules@1.1.1[39m[49m 

Ã¢â€Å“Ã¢â€â‚¬Ã¢â€â‚¬ [40m[33mbuiltin-status-codes@3.0.0[39m[49m 

Ã¢â€Å“Ã¢â€â‚¬Ã¢â€â‚¬ [40m[33mcamelcase@1.2.1[39m[49m 

Ã¢â€Å“Ã¢â€â‚¬Ã¢â€â‚¬ [40m[33mcenter-align@0.1.3[39m[49m 

Ã¢â€Å“Ã¢â€â‚¬Ã¢â€â‚¬ [40m[33mchalk@1.1.3[39m[49m 

Ã¢â€Å“Ã¢â€â‚¬Ã¢â€â‚¬ [40m[33mchokidar@1.6.1[39m[49m 

Ã¢â€Å“Ã¢â€â‚¬Ã¢â€â‚¬ [40m[33mcipher-base@1.0.3[39m[49m 

Ã¢â€Å“Ã¢â€â‚¬Ã¢â€â‚¬ [40m[33mclassnames@2.2.5[39m[49m 

Ã¢â€Å“Ã¢â€â‚¬Ã¢â€Â¬ [40m[33mcliui@2.1.0[39m[49m 

Ã¢â€â€š Ã¢â€â€Ã¢â€â‚¬Ã¢â€â‚¬ [40m[33mwordwrap@0.0.2[39m[49m 

Ã¢â€Å“Ã¢â€â‚¬Ã¢â€â‚¬ [40m[33mco@4.6.0[39m[49m 

Ã¢â€Å“Ã¢â€â‚¬Ã¢â€â‚¬ [40m[33mcode-point-at@1.1.0[39m[49m 

Ã¢â€Å“Ã¢â€â‚¬Ã¢â€â‚¬ [40m[33mcommander@2.9.0[39m[49m 

Ã¢â€Å“Ã¢â€â‚¬Ã¢â€â‚¬ [40m[33mcommondir@1.0.1[39m[49m 

Ã¢â€Å“Ã¢â€â‚¬Ã¢â€â‚¬ [40m[33mconcat-map@0.0.1[39m[49m 

Ã¢â€Å“Ã¢â€â‚¬Ã¢â€â‚¬ [40m[33mconsole-browserify@1.1.0[39m[49m 

Ã¢â€Å“Ã¢â€â‚¬Ã¢â€â‚¬ [40m[33mconstants-browserify@1.0.0[39m[49m 

Ã¢â€Å“Ã¢â€â‚¬Ã¢â€â‚¬ [40m[33mconvert-source-map@1.5.0[39m[49m 

Ã¢â€Å“Ã¢â€â‚¬Ã¢â€â‚¬ [40m[33mcopy-to-clipboard@3.0.5[39m[49m 

Ã¢â€Å“Ã¢â€â‚¬Ã¢â€â‚¬ [40m[33mcore-js@2.4.1[39m[49m 

Ã¢â€Å“Ã¢â€â‚¬Ã¢â€â‚¬ [40m[33mcore-util-is@1.0.2[39m[49m 

Ã¢â€Å“Ã¢â€â‚¬Ã¢â€â‚¬ [40m[33mcreate-ecdh@4.0.0[39m[49m 

Ã¢â€Å“Ã¢â€â‚¬Ã¢â€â‚¬ [40m[33mcreate-hash@1.1.2[39m[49m 

Ã¢â€Å“Ã¢â€â‚¬Ã¢â€â‚¬ [40m[33mcreate-hmac@1.1.4[39m[49m 

Ã¢â€Å“Ã¢â€â‚¬Ã¢â€Â¬ [40m[33mcreate-react-class@15.5.2[39m[49m 

Ã¢â€â€š Ã¢â€â€Ã¢â€â‚¬Ã¢â€â‚¬ [40m[33mobject-assign@4.1.1[39m[49m 

Ã¢â€Å“Ã¢â€â‚¬Ã¢â€â‚¬ [40m[33mcreate-stylesheet@0.3.0[39m[49m 

Ã¢â€Å“Ã¢â€â‚¬Ã¢â€â‚¬ [40m[33mcrypto-browserify@3.11.0[39m[49m 

Ã¢â€Å“Ã¢â€â‚¬Ã¢â€â‚¬ [40m[33mdate-now@0.1.4[39m[49m 

Ã¢â€Å“Ã¢â€â‚¬Ã¢â€â‚¬ [40m[33mdebug@2.6.3[39m[49m 

Ã¢â€Å“Ã¢â€â‚¬Ã¢â€â‚¬ [40m[33mdecamelize@1.2.0[39m[49m 

Ã¢â€Å“Ã¢â€â‚¬Ã¢â€â‚¬ [40m[33mdeep-diff@0.3.4[39m[49m 

Ã¢â€Å“Ã¢â€â‚¬Ã¢â€â‚¬ [40m[33mdeep-is@0.1.3[39m[49m 

Ã¢â€Å“Ã¢â€â‚¬Ã¢â€â‚¬ [40m[33mdes.js@1.0.0[39m[49m 

Ã¢â€Å“Ã¢â€â‚¬Ã¢â€â‚¬ [40m[33mdetect-indent@4.0.0[39m[49m 

Ã¢â€Å“Ã¢â€â‚¬Ã¢â€â‚¬ [40m[33mdiffie-hellman@5.0.2[39m[49m 

Ã¢â€Å“Ã¢â€â‚¬Ã¢â€â‚¬ [40m[33mdom-walk@0.1.1[39m[49m 

Ã¢â€Å“Ã¢â€â‚¬Ã¢â€â‚¬ [40m[33mdomain-browser@1.1.7[39m[49m 

Ã¢â€Å“Ã¢â€â‚¬Ã¢â€â‚¬ [40m[33melliptic@6.4.0[39m[49m 

Ã¢â€Å“Ã¢â€â‚¬Ã¢â€â‚¬ [40m[33memojis-list@2.1.0[39m[49m 

Ã¢â€Å“Ã¢â€â‚¬Ã¢â€â‚¬ [40m[33mencoding@0.1.12[39m[49m 

Ã¢â€Å“Ã¢â€â‚¬Ã¢â€â‚¬ [40m[33menhanced-resolve@3.1.0[39m[49m 

Ã¢â€Å“Ã¢â€â‚¬Ã¢â€â‚¬ [40m[33merrno@0.1.4[39m[49m 

Ã¢â€Å“Ã¢â€â‚¬Ã¢â€â‚¬ [40m[33merror-ex@1.3.1[39m[49m 

Ã¢â€Å“Ã¢â€â‚¬Ã¢â€â‚¬ [40m[33merror-stack-parser@1.3.6[39m[49m 

Ã¢â€Å“Ã¢â€â‚¬Ã¢â€â‚¬ [40m[33mes5-shim@4.5.9[39m[49m 

Ã¢â€Å“Ã¢â€â‚¬Ã¢â€â‚¬ [40m[33mescape-string-regexp@1.0.5[39m[49m 

Ã¢â€Å“Ã¢â€â‚¬Ã¢â€â‚¬ [40m[33mesprima@2.7.3[39m[49m 

Ã¢â€Å“Ã¢â€â‚¬Ã¢â€â‚¬ [40m[33mesutils@2.0.2[39m[49m 

Ã¢â€Å“Ã¢â€â‚¬Ã¢â€â‚¬ [40m[33mevents@1.1.1[39m[49m 

Ã¢â€Å“Ã¢â€â‚¬Ã¢â€â‚¬ [40m[33mevp_bytestokey@1.0.0[39m[49m 

Ã¢â€Å“Ã¢â€â‚¬Ã¢â€â‚¬ [40m[33mexpand-brackets@0.1.5[39m[49m 

Ã¢â€Å“Ã¢â€â‚¬Ã¢â€â‚¬ [40m[33mexpand-range@1.8.2[39m[49m 

Ã¢â€Å“Ã¢â€â‚¬Ã¢â€â‚¬ [40m[33mexpose-loader@0.7.3[39m[49m 

Ã¢â€Å“Ã¢â€â‚¬Ã¢â€â‚¬ [40m[33mextglob@0.3.2[39m[49m 

Ã¢â€Å“Ã¢â€â‚¬Ã¢â€â‚¬ [40m[33mfast-levenshtein@2.0.5[39m[49m 

Ã¢â€Å“Ã¢â€â‚¬Ã¢â€Â¬ [40m[33mfbjs@0.8.12[39m[49m 

Ã¢â€â€š Ã¢â€â€Ã¢â€â‚¬Ã¢â€â‚¬ [40m[33mcore-js@1.2.7[39m[49m 

Ã¢â€Å“Ã¢â€â‚¬Ã¢â€â‚¬ [40m[33mfilename-regex@2.0.0[39m[49m 

Ã¢â€Å“Ã¢â€â‚¬Ã¢â€â‚¬ [40m[33mfill-range@2.2.3[39m[49m 

Ã¢â€Å“Ã¢â€â‚¬Ã¢â€â‚¬ [40m[33mfind-cache-dir@0.1.1[39m[49m 

Ã¢â€Å“Ã¢â€â‚¬Ã¢â€â‚¬ [40m[33mfind-up@1.1.2[39m[49m 

Ã¢â€Å“Ã¢â€â‚¬Ã¢â€â‚¬ [40m[33mfor-in@1.0.2[39m[49m 

Ã¢â€Å“Ã¢â€â‚¬Ã¢â€â‚¬ [40m[33mfor-own@0.1.5[39m[49m 

Ã¢â€Å“Ã¢â€â‚¬Ã¢â€â‚¬ [40m[33mgenerate-function@2.0.0[39m[49m 

Ã¢â€Å“Ã¢â€â‚¬Ã¢â€â‚¬ [40m[33mgenerate-object-property@1.2.0[39m[49m 

Ã¢â€Å“Ã¢â€â‚¬Ã¢â€â‚¬ [40m[33mget-caller-file@1.0.2[39m[49m 

Ã¢â€Å“Ã¢â€â‚¬Ã¢â€â‚¬ [40m[33mglob-base@0.3.0[39m[49m 

Ã¢â€Å“Ã¢â€â‚¬Ã¢â€â‚¬ [40m[33mglob-parent@2.0.0[39m[49m 

Ã¢â€Å“Ã¢â€â‚¬Ã¢â€Â¬ [40m[33mglobal@4.3.2[39m[49m 

Ã¢â€â€š Ã¢â€â€Ã¢â€â‚¬Ã¢â€â‚¬ [40m[33mprocess@0.5.2[39m[49m 

Ã¢â€Å“Ã¢â€â‚¬Ã¢â€â‚¬ [40m[33mglobals@9.17.0[39m[49m 

Ã¢â€Å“Ã¢â€â‚¬Ã¢â€â‚¬ [40m[33mgraceful-fs@4.1.11[39m[49m 

Ã¢â€Å“Ã¢â€â‚¬Ã¢â€â‚¬ [40m[33mgraceful-readlink@1.0.1[39m[49m 

Ã¢â€Å“Ã¢â€â‚¬Ã¢â€â‚¬ [40m[33mhas-ansi@2.0.0[39m[49m 

Ã¢â€Å“Ã¢â€â‚¬Ã¢â€â‚¬ [40m[33mhas-flag@1.0.0[39m[49m 

Ã¢â€Å“Ã¢â€â‚¬Ã¢â€â‚¬ [40m[33mhash.js@1.0.3[39m[49m 

Ã¢â€Å“Ã¢â€â‚¬Ã¢â€Â¬ [40m[33mhistory@4.5.1[39m[49m 

Ã¢â€â€š Ã¢â€Å“Ã¢â€â‚¬Ã¢â€â‚¬ [40m[33mresolve-pathname@2.0.2[39m[49m 

Ã¢â€â€š Ã¢â€Å“Ã¢â€â‚¬Ã¢â€â‚¬ [40m[33mvalue-equal@0.2.0[39m[49m 

Ã¢â€â€š Ã¢â€â€Ã¢â€â‚¬Ã¢â€â‚¬ [40m[33mwarning@3.0.0[39m[49m 

Ã¢â€Å“Ã¢â€â‚¬Ã¢â€â‚¬ [40m[33mhmac-drbg@1.0.1[39m[49m 

Ã¢â€Å“Ã¢â€â‚¬Ã¢â€â‚¬ [40m[33mhoist-non-react-statics@1.2.0[39m[49m 

Ã¢â€Å“Ã¢â€â‚¬Ã¢â€â‚¬ [40m[33mhome-or-tmp@2.0.0[39m[49m 

Ã¢â€Å“Ã¢â€â‚¬Ã¢â€â‚¬ [40m[33mhosted-git-info@2.4.1[39m[49m 

Ã¢â€Å“Ã¢â€â‚¬Ã¢â€â‚¬ [40m[33mhttps-browserify@0.0.1[39m[49m 

Ã¢â€Å“Ã¢â€â‚¬Ã¢â€â‚¬ [40m[33miconv-lite@0.4.15[39m[49m 

Ã¢â€Å“Ã¢â€â‚¬Ã¯Â¿Â½Ã¯Â¿Â½Ã¯Â¿Â½ [40m[33mieee754@1.1.8[39m[49m 

Ã¢â€Å“Ã¢â€â‚¬Ã¢â€â‚¬ [40m[33mimmutability-helper@2.1.2[39m[49m 

Ã¢â€Å“Ã¢â€â‚¬Ã¢â€Â¬ [40m[33mimports-loader@0.7.1[39m[49m 

Ã¢â€â€š Ã¢â€â€Ã¢â€â‚¬Ã¢â€â‚¬ [40m[33mloader-utils@1.1.0[39m[49m 

Ã¢â€Å“Ã¢â€â‚¬Ã¢â€â‚¬ [40m[33mindexof@0.0.1[39m[49m 

Ã¢â€Å“Ã¢â€â‚¬Ã¢â€â‚¬ [40m[33minherits@2.0.3[39m[49m 

Ã¢â€Å“Ã¢â€â‚¬Ã¢â€â‚¬ [40m[33minterpret@1.0.1[39m[49m 

Ã¢â€Å“Ã¢â€â‚¬Ã¢â€â‚¬ [40m[33minvariant@2.2.2[39m[49m 

Ã¢â€Å“Ã¢â€â‚¬Ã¢â€â‚¬ [40m[33minvert-kv@1.0.0[39m[49m 

Ã¢â€Å“Ã¢â€â‚¬Ã¢â€â‚¬ [40m[33mis-arrayish@0.2.1[39m[49m 

Ã¢â€Å“Ã¢â€â‚¬Ã¢â€â‚¬ [40m[33mis-binary-path@1.0.1[39m[49m 

Ã¢â€Å“Ã¢â€â‚¬Ã¢â€â‚¬ [40m[33mis-buffer@1.1.5[39m[49m 

Ã¢â€Å“Ã¢â€â‚¬Ã¢â€â‚¬ [40m[33mis-builtin-module@1.0.0[39m[49m 

Ã¢â€Å“Ã¢â€â‚¬Ã¢â€â‚¬ [40m[33mis-dotfile@1.0.2[39m[49m 

Ã¢â€Å“Ã¢â€â‚¬Ã¢â€â‚¬ [40m[33mis-equal-shallow@0.1.3[39m[49m 

Ã¢â€Å“Ã¢â€â‚¬Ã¢â€â‚¬ [40m[33mis-extendable@0.1.1[39m[49m 

Ã¢â€Å“Ã¢â€â‚¬Ã¢â€â‚¬ [40m[33mis-extglob@1.0.0[39m[49m 

Ã¢â€Å“Ã¢â€â‚¬Ã¢â€â‚¬ [40m[33mis-finite@1.0.2[39m[49m 

Ã¢â€Å“Ã¢â€â‚¬Ã¢â€â‚¬ [40m[33mis-fullwidth-code-point@1.0.0[39m[49m 

Ã¢â€Å“Ã¢â€â‚¬Ã¢â€â‚¬ [40m[33mis-glob@2.0.1[39m[49m 

Ã¢â€Å“Ã¢â€â‚¬Ã¢â€â‚¬ [40m[33mis-my-json-valid@2.15.0[39m[49m 

Ã¢â€Å“Ã¢â€â‚¬Ã¢â€â‚¬ [40m[33mis-number@2.1.0[39m[49m 

Ã¢â€Å“Ã¢â€â‚¬Ã¢â€â‚¬ [40m[33mis-posix-bracket@0.1.1[39m[49m 

Ã¢â€Å“Ã¢â€â‚¬Ã¢â€â‚¬ [40m[33mis-primitive@2.0.0[39m[49m 

Ã¢â€Å“Ã¢â€â‚¬Ã¢â€â‚¬ [40m[33mis-property@1.0.2[39m[49m 

Ã¢â€Å“Ã¢â€â‚¬Ã¢â€â‚¬ [40m[33mis-stream@1.1.0[39m[49m 

Ã¢â€Å“Ã¢â€â‚¬Ã¢â€â‚¬ [40m[33mis-utf8@0.2.1[39m[49m 

Ã¢â€Å“Ã¢â€â‚¬Ã¢â€â‚¬ [40m[33misarray@1.0.0[39m[49m 

Ã¢â€Å“Ã¢â€â‚¬Ã¢â€â‚¬ [40m[33misobject@2.1.0[39m[49m 

Ã¢â€Å“Ã¢â€â‚¬Ã¢â€â‚¬ [40m[33misomorphic-fetch@2.2.1[39m[49m 

Ã¢â€Å“Ã¢â€â‚¬Ã¢â€â‚¬ [40m[33mjs-tokens@2.0.0[39m[49m 

Ã¢â€Å“Ã¢â€â‚¬Ã¢â€Â¬ [40m[33mjsdom@9.8.3[39m[49m 

Ã¢â€â€š Ã¢â€Å“Ã¢â€â‚¬Ã¢â€â‚¬ [40m[33mabab@1.0.3[39m[49m 

Ã¢â€â€š Ã¢â€Å“Ã¢â€â‚¬Ã¢â€â‚¬ [40m[33macorn@2.7.0[39m[49m 

Ã¢â€â€š Ã¢â€Å“Ã¢â€â‚¬Ã¢â€â‚¬ [40m[33macorn-globals@1.0.9[39m[49m 

Ã¢â€â€š Ã¢â€Å“Ã¢â€â‚¬Ã¢â€â‚¬ [40m[33marray-equal@1.0.0[39m[49m 

Ã¢â€â€š Ã¢â€Å“Ã¢â€â‚¬Ã¢â€â‚¬ [40m[33mcontent-type-parser@1.0.1[39m[49m 

Ã¢â€â€š Ã¢â€Å“Ã¢â€â‚¬Ã¢â€â‚¬ [40m[33mcssom@0.3.1[39m[49m 

Ã¢â€â€š Ã¢â€Å“Ã¢â€â‚¬Ã¢â€â‚¬ [40m[33mcssstyle@0.2.37[39m[49m 

Ã¢â€â€š Ã¢â€Å“Ã¢â€â‚¬Ã¢â€Â¬ [40m[33mescodegen@1.8.1[39m[49m 

Ã¢â€â€š Ã¢â€â€š Ã¢â€Å“Ã¢â€â‚¬Ã¢â€â‚¬ [40m[33mestraverse@1.9.3[39m[49m 

Ã¢â€â€š Ã¢â€â€š Ã¢â€â€Ã¢â€â‚¬Ã¢â€Â¬ [40m[33msource-map@0.2.0[39m[49m 

Ã¢â€â€š Ã¢â€â€š   Ã¢â€â€Ã¢â€â‚¬Ã¢â€â‚¬ [40m[33mamdefine@1.0.1[39m[49m 

Ã¢â€â€š Ã¢â€Å“Ã¢â€â‚¬Ã¢â€â‚¬ [40m[33mhtml-encoding-sniffer@1.0.1[39m[49m 

Ã¢â€â€š Ã¢â€Å“Ã¢â€â‚¬Ã¢â€â‚¬ [40m[33miconv-lite@0.4.15[39m[49m 

Ã¢â€â€š Ã¢â€Å“Ã¢â€â‚¬Ã¢â€â‚¬ [40m[33mnwmatcher@1.3.9[39m[49m 

Ã¢â€â€š Ã¢â€Å“Ã¢â€â‚¬Ã¢â€â‚¬ [40m[33mparse5@1.5.1[39m[49m 

Ã¢â€â€š Ã¢â€Å“Ã¢â€â‚¬Ã¢â€Â¬ [40m[33mrequest@2.79.0[39m[49m 

Ã¢â€â€š Ã¢â€â€š Ã¢â€Å“Ã¢â€â‚¬Ã¢â€â‚¬ [40m[33maws-sign2@0.6.0[39m[49m 

Ã¢â€â€š Ã¢â€â€š Ã¢â€Å“Ã¢â€â‚¬Ã¢â€â‚¬ [40m[33maws4@1.5.0[39m[49m 

Ã¢â€â€š Ã¢â€â€š Ã¢â€Å“Ã¢â€â‚¬Ã¢â€â‚¬ [40m[33mcaseless@0.11.0[39m[49m 

Ã¢â€â€š Ã¢â€â€š Ã¢â€Å“Ã¢â€â‚¬Ã¢â€Â¬ [40m[33mcombined-stream@1.0.5[39m[49m 

Ã¢â€â€š Ã¢â€â€š Ã¢â€â€š Ã¢â€â€Ã¢â€â‚¬Ã¢â€â‚¬ [40m[33mdelayed-stream@1.0.0[39m[49m 

Ã¢â€â€š Ã¢â€â€š Ã¢â€Å“Ã¢â€â‚¬Ã¢â€â‚¬ [40m[33mextend@3.0.0[39m[49m 

Ã¢â€â€š Ã¢â€â€š Ã¢â€Å“Ã¢â€â‚¬Ã¢â€â‚¬ [40m[33mforever-agent@0.6.1[39m[49m 

Ã¢â€â€š Ã¢â€â€š Ã¢â€Å“Ã¢â€â‚¬Ã¢â€Â¬ [40m[33mform-data@2.1.2[39m[49m 

Ã¢â€â€š Ã¢â€â€š Ã¢â€â€š Ã¢â€â€Ã¢â€â‚¬Ã¢â€â‚¬ [40m[33masynckit@0.4.0[39m[49m 

Ã¢â€â€š Ã¢â€â€š Ã¢â€Å“Ã¢â€â‚¬Ã¢â€â‚¬ [40m[33mhar-validator@2.0.6[39m[49m 

Ã¢â€â€š Ã¢â€â€š Ã¢â€Å“Ã¢â€â‚¬Ã¢â€Â¬ [40m[33mhawk@3.1.3[39m[49m 

Ã¢â€â€š Ã¢â€â€š Ã¢â€â€š Ã¢â€Å“Ã¢â€â‚¬Ã¢â€â‚¬ [40m[33mboom@2.10.1[39m[49m 

Ã¢â€â€š Ã¢â€â€š Ã¢â€â€š Ã¢â€Å“Ã¢â€â‚¬Ã¢â€â‚¬ [40m[33mcryptiles@2.0.5[39m[49m 

Ã¢â€â€š Ã¢â€â€š Ã¢â€â€š Ã¢â€Å“Ã¢â€â‚¬Ã¢â€â‚¬ [40m[33mhoek@2.16.3[39m[49m 

Ã¢â€â€š Ã¢â€â€š Ã¢â€â€š Ã¢â€â€Ã¢â€â‚¬Ã¢â€â‚¬ [40m[33msntp@1.0.9[39m[49m 

Ã¢â€â€š Ã¢â€â€š Ã¢â€Å“Ã¢â€â‚¬Ã¢â€Â¬ [40m[33mhttp-signature@1.1.1[39m[49m 

Ã¢â€â€š Ã¢â€â€š Ã¢â€â€š Ã¢â€Å“Ã¢â€â‚¬Ã¢â€â‚¬ [40m[33massert-plus@0.2.0[39m[49m 

Ã¢â€â€š Ã¢â€â€š Ã¢â€â€š Ã¢â€Å“Ã¢â€â‚¬Ã¢â€Â¬ [40m[33mjsprim@1.3.1[39m[49m 

Ã¢â€â€š Ã¢â€â€š Ã¢â€â€š Ã¢â€â€š Ã¢â€Å“Ã¢â€â‚¬Ã¢â€â‚¬ [40m[33mextsprintf@1.0.2[39m[49m 

Ã¢â€â€š Ã¢â€â€š Ã¢â€â€š Ã¢â€â€š Ã¢â€Å“Ã¢â€â‚¬Ã¢â€â‚¬ [40m[33mjson-schema@0.2.3[39m[49m 

Ã¢â€â€š Ã¢â€â€š Ã¢â€â€š Ã¢â€â€š Ã¢â€â€Ã¢â€â‚¬Ã¢â€â‚¬ [40m[33mverror@1.3.6[39m[49m 

Ã¢â€â€š Ã¢â€â€š Ã¢â€â€š Ã¢â€â€Ã¢â€â‚¬Ã¢â€Â¬ [40m[33msshpk@1.10.1[39m[49m 

Ã¢â€â€š Ã¢â€â€š Ã¢â€â€š   Ã¢â€Å“Ã¢â€â‚¬Ã¢â€â‚¬ [40m[33masn1@0.2.3[39m[49m 

Ã¢â€â€š Ã¢â€â€š Ã¢â€â€š   Ã¢â€Å“Ã¢â€â‚¬Ã¢â€â‚¬ [40m[33massert-plus@1.0.0[39m[49m 

Ã¢â€â€š Ã¢â€â€š Ã¢â€â€š   Ã¢â€Å“Ã¢â€â‚¬Ã¢â€â‚¬ [40m[33mbcrypt-pbkdf@1.0.0[39m[49m 

Ã¢â€â€š Ã¢â€â€š Ã¢â€â€š   Ã¢â€Å“Ã¢â€â‚¬Ã¢â€â‚¬ [40m[33mdashdash@1.14.1[39m[49m 

Ã¢â€â€š Ã¢â€â€š Ã¢â€â€š   Ã¢â€Å“Ã¢â€â‚¬Ã¢â€â‚¬ [40m[33mecc-jsbn@0.1.1[39m[49m 

Ã¢â€â€š Ã¢â€â€š Ã¢â€â€š   Ã¢â€Å“Ã¢â€â‚¬Ã¢â€â‚¬ [40m[33mgetpass@0.1.6[39m[49m 

Ã¢â€â€š Ã¢â€â€š Ã¢â€â€š   Ã¢â€Å“Ã¢â€â‚¬Ã¢â€â‚¬ [40m[33mjodid25519@1.0.2[39m[49m 

Ã¢â€â€š Ã¢â€â€š Ã¢â€â€š   Ã¢â€Å“Ã¢â€â‚¬Ã¢â€â‚¬ [40m[33mjsbn@0.1.0[39m[49m 

Ã¢â€â€š Ã¢â€â€š Ã¢â€â€š   Ã¢â€â€Ã¢â€â‚¬Ã¢â€â‚¬ [40m[33mtweetnacl@0.14.3[39m[49m 

Ã¢â€â€š Ã¢â€â€š Ã¢â€Å“Ã¢â€â‚¬Ã¢â€â‚¬ [40m[33mis-typedarray@1.0.0[39m[49m 

Ã¢â€â€š Ã¢â€â€š Ã¢â€Å“Ã¢â€â‚¬Ã¢â€â‚¬ [40m[33misstream@0.1.2[39m[49m 

Ã¢â€â€š Ã¢â€â€š Ã¢â€Å“Ã¢â€â‚¬Ã¢â€â‚¬ [40m[33mjson-stringify-safe@5.0.1[39m[49m 

Ã¢â€â€š Ã¢â€â€š Ã¢â€Å“Ã¢â€â‚¬Ã¢â€Â¬ [40m[33mmime-types@2.1.13[39m[49m 

Ã¢â€â€š Ã¢â€â€š Ã¢â€â€š Ã¢â€â€Ã¢â€â‚¬Ã¢â€â‚¬ [40m[33mmime-db@1.25.0[39m[49m 

Ã¢â€â€š Ã¢â€â€š Ã¢â€Å“Ã¢â€â‚¬Ã¢â€â‚¬ [40m[33moauth-sign@0.8.2[39m[49m 

Ã¢â€â€š Ã¢â€â€š Ã¢â€Å“Ã¢â€â‚¬Ã¢â€â‚¬ [40m[33mqs@6.3.0[39m[49m 

Ã¢â€â€š Ã¢â€â€š Ã¢â€Å“Ã¢â€â‚¬Ã¢â€â‚¬ [40m[33mstringstream@0.0.5[39m[49m 

Ã¢â€â€š Ã¢â€â€š Ã¢â€Å“Ã¢â€â‚¬Ã¢â€â‚¬ [40m[33mtunnel-agent@0.4.3[39m[49m 

Ã¢â€â€š Ã¢â€â€š Ã¢â€â€Ã¢â€â‚¬Ã¢â€â‚¬ [40m[33muuid@3.0.0[39m[49m 

Ã¢â€â€š Ã¢â€Å“Ã¢â€â‚¬Ã¢â€â‚¬ [40m[33msax@1.2.1[39m[49m 

Ã¢â€â€š Ã¢â€Å“Ã¢â€â‚¬Ã¢â€â‚¬ [40m[33msymbol-tree@3.1.4[39m[49m 

Ã¢â€â€š Ã¢â€Å“Ã¢â€â‚¬Ã¢â€â‚¬ [40m[33mtough-cookie@2.3.2[39m[49m 

Ã¢â€â€š Ã¢â€Å“Ã¢â€â‚¬Ã¢â€â‚¬ [40m[33mwebidl-conversions@3.0.1[39m[49m 

Ã¢â€â€š Ã¢â€Å“Ã¢â€â‚¬Ã¢â€Â¬ [40m[33mwhatwg-encoding@1.0.1[39m[49m 

Ã¢â€â€š Ã¢â€â€š Ã¢â€â€Ã¢â€â‚¬Ã¢â€â‚¬ [40m[33miconv-lite@0.4.13[39m[49m 

Ã¢â€â€š Ã¢â€Å“Ã¢â€â‚¬Ã¢â€Â¬ [40m[33mwhatwg-url@3.1.0[39m[49m 

Ã¢â€â€š Ã¢â€â€š Ã¢â€â€Ã¢â€â‚¬Ã¢â€â‚¬ [40m[33mtr46@0.0.3[39m[49m 

Ã¢â€â€š Ã¢â€â€Ã¢â€â‚¬Ã¢â€â‚¬ [40m[33mxml-name-validator@2.0.1[39m[49m 

Ã¢â€Å“Ã¢â€â‚¬Ã¢â€â‚¬ [40m[33mjsesc@1.3.0[39m[49m 

Ã¢â€Å“Ã¢â€â‚¬Ã¢â€â‚¬ [40m[33mjson-loader@0.5.4[39m[49m 

Ã¢â€Å“Ã¢â€â‚¬Ã¢â€â‚¬ [40m[33mjson-stable-stringify@1.0.1[39m[49m 

Ã¢â€Å“Ã¢â€â‚¬Ã¢â€â‚¬ [40m[33mjson5@0.5.1[39m[49m 

Ã¢â€Å“Ã¢â€â‚¬Ã¢â€â‚¬ [40m[33mjsonify@0.0.0[39m[49m 

Ã¢â€Å“Ã¢â€â‚¬Ã¢â€â‚¬ [40m[33mjsonpointer@4.0.1[39m[49m 

Ã¢â€Å“Ã¢â€â‚¬Ã¢â€â‚¬ [40m[33mkind-of@3.1.0[39m[49m 

Ã¢â€Å“Ã¢â€â‚¬Ã¢â€â‚¬ [40m[33mlazy-cache@1.0.4[39m[49m 

Ã¢â€Å“Ã¢â€â‚¬Ã¢â€â‚¬ [40m[33mlcid@1.0.0[39m[49m 

Ã¢â€Å“Ã¢â€â‚¬Ã¢â€â‚¬ [40m[33mlevn@0.3.0[39m[49m 

Ã¢â€Å“Ã¢â€â‚¬Ã¢â€Â¬ [40m[33mload-json-file@1.1.0[39m[49m 

Ã¢â€â€š Ã¢â€â€Ã¢â€â‚¬Ã¢â€â‚¬ [40m[33mstrip-bom@2.0.0[39m[49m 

Ã¢â€Å“Ã¢â€â‚¬Ã¢â€â‚¬ [40m[33mloader-runner@2.3.0[39m[49m 

Ã¢â€Å“Ã¢â€â‚¬Ã¢â€â‚¬ [40m[33mloader-utils@0.2.17[39m[49m 

Ã¢â€Å“Ã¢â€â‚¬Ã¢â€â‚¬ [40m[33mlodash@4.17.2[39m[49m 

Ã¢â€Å“Ã¢â€â‚¬Ã¢â€â‚¬ [40m[33mlodash-es@4.17.4[39m[49m 

Ã¢â€Å“Ã¢â€â‚¬Ã¢â€â‚¬ [40m[33mlongest@1.0.1[39m[49m 

Ã¢â€Å“Ã¢â€â‚¬Ã¢â€â‚¬ [40m[33mloose-envify@1.3.0[39m[49m 

Ã¢â€Å“Ã¢â€â‚¬Ã¢â€â‚¬ [40m[33mmemory-fs@0.4.1[39m[49m 

Ã¢â€Å“Ã¢â€â‚¬Ã¢â€â‚¬ [40m[33mmicromatch@2.3.11[39m[49m 

Ã¢â€Å“Ã¢â€â‚¬Ã¢â€â‚¬ [40m[33mmiller-rabin@4.0.0[39m[49m 

Ã¢â€Å“Ã¢â€â‚¬Ã¢â€â‚¬ [40m[33mmin-document@2.19.0[39m[49m 

Ã¢â€Å“Ã¢â€â‚¬Ã¢â€â‚¬ [40m[33mminimalistic-assert@1.0.0[39m[49m 

Ã¢â€Å“Ã¢â€â‚¬Ã¢â€â‚¬ [40m[33mminimalistic-crypto-utils@1.0.1[39m[49m 

Ã¢â€Å“Ã¢â€â‚¬Ã¢â€â‚¬ [40m[33mminimatch@3.0.3[39m[49m 

Ã¢â€Å“Ã¢â€â‚¬Ã¢â€â‚¬ [40m[33mminimist@0.0.8[39m[49m 

Ã¢â€Å“Ã¢â€â‚¬Ã¢â€â‚¬ [40m[33mmkdirp@0.5.1[39m[49m 

Ã¢â€Å“Ã¢â€â‚¬Ã¢â€â‚¬ [40m[33mmoment@2.18.1[39m[49m 

Ã¢â€Å“Ã¢â€â‚¬Ã¢â€â‚¬ [40m[33mms@0.7.2[39m[49m 

Ã¢â€Å“Ã¢â€â‚¬Ã¢â€â‚¬ [40m[33mnan@2.6.1[39m[49m 

Ã¢â€Å“Ã¢â€â‚¬Ã¢â€â‚¬ [40m[33mnode-ensure@0.0.0[39m[49m 

Ã¢â€Å“Ã¢â€â‚¬Ã¢â€â‚¬ [40m[33mnode-fetch@1.6.3[39m[49m 

Ã¢â€Å“Ã¢â€â‚¬Ã¢â€â‚¬ [40m[33mnode-libs-browser@2.0.0[39m[49m 

Ã¢â€Å“Ã¢â€â‚¬Ã¢â€â‚¬ [40m[33mnormalize-package-data@2.3.6[39m[49m 

Ã¢â€Å“Ã¢â€â‚¬Ã¢â€â‚¬ [40m[33mnormalize-path@2.1.1[39m[49m 

Ã¢â€Å“Ã¢â€â‚¬Ã¢â€â‚¬ [40m[33mnumber-is-nan@1.0.1[39m[49m 

Ã¢â€Å“Ã¢â€â‚¬Ã¢â€â‚¬ [40m[33mobject-assign@4.1.0[39m[49m 

Ã¢â€Å“Ã¢â€â‚¬Ã¢â€â‚¬ [40m[33mobject.omit@2.0.1[39m[49m 

Ã¢â€Å“Ã¢â€â‚¬Ã¢â€â‚¬ [40m[33moptionator@0.8.2[39m[49m 

Ã¢â€Å“Ã¢â€â‚¬Ã¢â€â‚¬ [40m[33mos-browserify@0.2.1[39m[49m 

Ã¢â€Å“Ã¢â€â‚¬Ã¢â€â‚¬ [40m[33mos-homedir@1.0.2[39m[49m 

Ã¢â€Å“Ã¢â€â‚¬Ã¢â€â‚¬ [40m[33mos-locale@1.4.0[39m[49m 

Ã¢â€Å“Ã¢â€â‚¬Ã¢â€â‚¬ [40m[33mos-tmpdir@1.0.2[39m[49m 

Ã¢â€Å“Ã¢â€â‚¬Ã¢â€â‚¬ [40m[33mpako@0.2.9[39m[49m 

Ã¢â€Å“Ã¢â€â‚¬Ã¢â€â‚¬ [40m[33mparse-asn1@5.1.0[39m[49m 

Ã¢â€Å“Ã¢â€â‚¬Ã¢â€â‚¬ [40m[33mparse-glob@3.0.4[39m[49m 

Ã¢â€Å“Ã¢â€â‚¬Ã¢â€â‚¬ [40m[33mparse-json@2.2.0[39m[49m 

Ã¢â€Å“Ã¢â€â‚¬Ã¢â€â‚¬ [40m[33mpath-browserify@0.0.0[39m[49m 

Ã¢â€Å“Ã¢â€â‚¬Ã¢â€â‚¬ [40m[33mpath-exists@2.1.0[39m[49m 

Ã¢â€Å“Ã¢â€â‚¬Ã¢â€â‚¬ [40m[33mpath-is-absolute@1.0.1[39m[49m 

Ã¢â€Å“Ã¢â€â‚¬Ã¢â€Â¬ [40m[33mpath-to-regexp@1.7.0[39m[49m 

Ã¢â€â€š Ã¢â€â€Ã¢â€â‚¬Ã¢â€â‚¬ [40m[33misarray@0.0.1[39m[49m 

Ã¢â€Å“Ã¢â€â‚¬Ã¢â€â‚¬ [40m[33mpath-type@1.1.0[39m[49m 

Ã¢â€Å“Ã¢â€â‚¬Ã¢â€â‚¬ [40m[33mpbkdf2@3.0.9[39m[49m 

Ã¢â€Å“Ã¢â€â‚¬Ã¢â€â‚¬ [40m[33mpdf-annotate.js@1.0.0[39m[49m 

Ã¢â€Å“Ã¢â€â‚¬Ã¢â€â‚¬ [40m[33mpdfjs-dist@1.6.414[39m[49m 

Ã¢â€Å“Ã¢â€â‚¬Ã¢â€â‚¬ [40m[33mpify@2.3.0[39m[49m 

Ã¢â€Å“Ã¢â€â‚¬Ã¢â€â‚¬ [40m[33mpinkie@2.0.4[39m[49m 

Ã¢â€Å“Ã¢â€â‚¬Ã¢â€â‚¬ [40m[33mpinkie-promise@2.0.1[39m[49m 

Ã¢â€Å“Ã¢â€â‚¬Ã¢â€â‚¬ [40m[33mpkg-dir@1.0.0[39m[49m 

Ã¢â€Å“Ã¢â€â‚¬Ã¢â€â‚¬ [40m[33mprelude-ls@1.1.2[39m[49m 

Ã¢â€Å“Ã¢â€â‚¬Ã¢â€â‚¬ [40m[33mpresent@1.0.0[39m[49m 

Ã¢â€Å“Ã¢â€â‚¬Ã¢â€â‚¬ [40m[33mpreserve@0.2.0[39m[49m 

Ã¢â€Å“Ã¢â€â‚¬Ã¢â€â‚¬ [40m[33mprivate@0.1.7[39m[49m 

Ã¢â€Å“Ã¢â€â‚¬Ã¢â€â‚¬ [40m[33mprocess@0.11.9[39m[49m 

Ã¢â€Å“Ã¢â€â‚¬Ã¢â€â‚¬ [40m[33mprocess-nextick-args@1.0.7[39m[49m 

Ã¢â€Å“Ã¢â€â‚¬Ã¢â€â‚¬ [40m[33mpromise@7.1.1[39m[49m 

Ã¢â€Å“Ã¢â€â‚¬Ã¢â€â‚¬ [40m[33mprop-types@15.5.8[39m[49m 

Ã¢â€Å“Ã¢â€â‚¬Ã¢â€â‚¬ [40m[33mprr@0.0.0[39m[49m 

Ã¢â€Å“Ã¢â€â‚¬Ã¢â€â‚¬ [40m[33mpublic-encrypt@4.0.0[39m[49m 

Ã¢â€Å“Ã¢â€â‚¬Ã¢â€â‚¬ [40m[33mpunycode@1.4.1[39m[49m 

Ã¢â€Å“Ã¢â€â‚¬Ã¢â€â‚¬ [40m[33mquerystring@0.2.0[39m[49m 

Ã¢â€Å“Ã¢â€â‚¬Ã¢â€â‚¬ [40m[33mquerystring-es3@0.2.1[39m[49m 

Ã¢â€Å“Ã¢â€â‚¬Ã¢â€â‚¬ [40m[33mrandomatic@1.1.6[39m[49m 

Ã¢â€Å“Ã¢â€â‚¬Ã¢â€â‚¬ [40m[33mrandombytes@2.0.3[39m[49m 

Ã¢â€Å“Ã¢â€â‚¬Ã¢â€â‚¬ [40m[33mreact@15.5.4[39m[49m 

Ã¢â€Å“Ã¢â€â‚¬Ã¢â€â‚¬ [40m[33mreact-addons-perf@15.4.2[39m[49m 

Ã¢â€Å“Ã¢â€â‚¬Ã¢â€â‚¬ [40m[33mreact-copy-to-clipboard@4.3.1[39m[49m 

Ã¢â€Å“Ã¢â€â‚¬Ã¢â€â‚¬ [40m[33mreact-deep-force-update@2.0.1[39m[49m 

Ã¢â€Å“Ã¢â€â‚¬Ã¢â€â‚¬ [40m[33mreact-dom@15.5.4[39m[49m 

Ã¢â€Å“Ã¢â€â‚¬Ã¢â€Â¬ [40m[33mreact-hot-loader@3.0.0-beta.6[39m[49m 

Ã¢â€â€š Ã¢â€â€Ã¢â€â‚¬Ã¢â€â‚¬ [40m[33msource-map@0.4.4[39m[49m 

Ã¢â€Å“Ã¢â€â‚¬Ã¢â€â‚¬ [40m[33mreact-input-autosize@1.1.4[39m[49m 

Ã¢â€Å“Ã¢â€â‚¬Ã¢â€â‚¬ [40m[33mreact-on-rails@6.8.0[39m[49m 

Ã¢â€Å“Ã¢â€â‚¬Ã¢â€â‚¬ [40m[33mreact-proxy@3.0.0-alpha.1[39m[49m 

Ã¢â€Å“Ã¢â€â‚¬Ã¢â€Â¬ [40m[33mreact-redux@5.0.5[39m[49m 

Ã¢â€â€š Ã¢â€Å“Ã¢â€â‚¬Ã¢â€Â¬ [40m[33mcreate-react-class@15.5.3[39m[49m 

Ã¢â€â€š Ã¢â€â€š Ã¢â€â€Ã¢â€â‚¬Ã¢â€â‚¬ [40m[33mloose-envify@1.3.1[39m[49m 

Ã¢â€â€š Ã¢â€Å“Ã¢â€â‚¬Ã¢â€â‚¬ [40m[33mjs-tokens@3.0.1[39m[49m 

Ã¢â€â€š Ã¢â€Å“Ã¢â€â‚¬Ã¢â€â‚¬ [40m[33mobject-assign@4.1.1[39m[49m 

Ã¢â€â€š Ã¢â€â€Ã¢â€â‚¬Ã¢â€Â¬ [40m[33mprop-types@15.5.10[39m[49m 

Ã¢â€â€š   Ã¢â€â€Ã¢â€â‚¬Ã¢â€â‚¬ [40m[33mloose-envify@1.3.1[39m[49m 

Ã¢â€Å“Ã¢â€â‚¬Ã¢â€Â¬ [40m[33mreact-router@4.1.1[39m[49m 

Ã¢â€â€š Ã¢â€Å“Ã¢â€â‚¬Ã¢â€â‚¬ [40m[33mhistory@4.6.1[39m[49m 

Ã¢â€â€š Ã¢â€Å“Ã¢â€â‚¬Ã¢â€â‚¬ [40m[33mjs-tokens@3.0.1[39m[49m 

Ã¢â€â€š Ã¢â€â€Ã¢â€â‚¬Ã¢â€â‚¬ [40m[33mloose-envify@1.3.1[39m[49m 

Ã¢â€Å“Ã¢â€â‚¬Ã¢â€Â¬ [40m[33mreact-router-dom@4.1.1[39m[49m 

Ã¢â€â€š Ã¢â€Å“Ã¢â€â‚¬Ã¢â€â‚¬ [40m[33mjs-tokens@3.0.1[39m[49m 

Ã¢â€â€š Ã¢â€â€Ã¢â€â‚¬Ã¢â€â‚¬ [40m[33mloose-envify@1.3.1[39m[49m 

Ã¢â€Å“Ã¢â€â‚¬Ã¢â€â‚¬ [40m[33mreact-select@1.0.0-rc.4[39m[49m 

Ã¢â€Å“Ã¢â€â‚¬Ã¢â€â‚¬ [40m[33mreact-test-renderer@15.5.4[39m[49m 

Ã¢â€Å“Ã¢â€â‚¬Ã¢â€â‚¬ [40m[33mread-pkg@1.1.0[39m[49m 

Ã¢â€Å“Ã¢â€â‚¬Ã¢â€â‚¬ [40m[33mread-pkg-up@1.0.1[39m[49m 

Ã¢â€Å“Ã¢â€â‚¬Ã¢â€â‚¬ [40m[33mreadable-stream@2.2.2[39m[49m 

Ã¢â€Å“Ã¢â€â‚¬Ã¢â€â‚¬ [40m[33mreaddirp@2.1.0[39m[49m 

Ã¢â€Å“Ã¢â€â‚¬Ã¢â€â‚¬ [40m[33mredbox-react@1.3.6[39m[49m 

Ã¢â€Å“Ã¢â€â‚¬Ã¢â€Â¬ [40m[33mredux@3.6.0[39m[49m 

Ã¢â€â€š Ã¢â€Å“Ã¢â€â‚¬Ã¢â€â‚¬ [40m[33mlodash-es@4.17.4[39m[49m 

Ã¢â€â€š Ã¢â€â€Ã¢â€â‚¬Ã¢â€â‚¬ [40m[33msymbol-observable@1.0.4[39m[49m 

Ã¢â€Å“Ã¢â€â‚¬Ã¢â€â‚¬ [40m[33mredux-logger@3.0.1[39m[49m 

Ã¢â€Å“Ã¢â€â‚¬Ã¢â€â‚¬ [40m[33mredux-perf-middleware@1.2.2[39m[49m 

Ã¢â€Å“Ã¢â€â‚¬Ã¢â€â‚¬ [40m[33mredux-thunk@2.2.0[39m[49m 

Ã¢â€Å“Ã¢â€â‚¬Ã¢â€â‚¬ [40m[33mregenerate@1.3.2[39m[49m 

Ã¢â€Å“Ã¢â€â‚¬Ã¢â€â‚¬ [40m[33mregenerator-runtime@0.10.3[39m[49m 

Ã¢â€Å“Ã¢â€â‚¬Ã¢â€â‚¬ [40m[33mregenerator-transform@0.9.11[39m[49m 

Ã¢â€Å“Ã¢â€â‚¬Ã¢â€â‚¬ [40m[33mregex-cache@0.4.3[39m[49m 

Ã¢â€Å“Ã¢â€â‚¬Ã¢â€â‚¬ [40m[33mregexpu-core@2.0.0[39m[49m 

Ã¢â€Å“Ã¯Â¿Â½Ã¯Â¿Â½Ã¯Â¿Â½Ã¢â€â‚¬ [40m[33mregjsgen@0.2.0[39m[49m 

Ã¢â€Å“Ã¢â€â‚¬Ã¢â€Â¬ [40m[33mregjsparser@0.1.5[39m[49m 

Ã¢â€â€š Ã¢â€â€Ã¢â€â‚¬Ã¢â€â‚¬ [40m[33mjsesc@0.5.0[39m[49m 

Ã¢â€Å“Ã¢â€â‚¬Ã¢â€â‚¬ [40m[33mremove-trailing-separator@1.0.1[39m[49m 

Ã¢â€Å“Ã¢â€â‚¬Ã¢â€â‚¬ [40m[33mrepeat-element@1.1.2[39m[49m 

Ã¢â€Å“Ã¢â€â‚¬Ã¢â€â‚¬ [40m[33mrepeat-string@1.6.1[39m[49m 

Ã¢â€Å“Ã¢â€â‚¬Ã¢â€â‚¬ [40m[33mrepeating@2.0.1[39m[49m 

Ã¢â€Å“Ã¢â€â‚¬Ã¢â€â‚¬ [40m[33mrequire-directory@2.1.1[39m[49m 

Ã¢â€Å“Ã¢â€â‚¬Ã¢â€â‚¬ [40m[33mrequire-main-filename@1.0.1[39m[49m 

Ã¢â€Å“Ã¢â€â‚¬Ã¢â€â‚¬ [40m[33mreselect@3.0.0[39m[49m 

Ã¢â€Å“Ã¢â€â‚¬Ã¢â€â‚¬ [40m[33mresolve-pathname@2.1.0[39m[49m 

Ã¢â€Å“Ã¢â€â‚¬Ã¢â€â‚¬ [40m[33mright-align@0.1.3[39m[49m 

Ã¢â€Å“Ã¢â€â‚¬Ã¢â€â‚¬ [40m[33mripemd160@1.0.1[39m[49m 

Ã¢â€Å“Ã¢â€â‚¬Ã¢â€â‚¬ [40m[33msemver@5.3.0[39m[49m 

Ã¢â€Å“Ã¢â€â‚¬Ã¢â€â‚¬ [40m[33mset-blocking@2.0.0[39m[49m 

Ã¢â€Å“Ã¢â€â‚¬Ã¢â€â‚¬ [40m[33mset-immediate-shim@1.0.1[39m[49m 

Ã¢â€Å“Ã¢â€â‚¬Ã¢â€â‚¬ [40m[33msetimmediate@1.0.5[39m[49m 

Ã¢â€Å“Ã¢â€â‚¬Ã¢â€â‚¬ [40m[33msha.js@2.4.8[39m[49m 

Ã¢â€Å“Ã¢â€â‚¬Ã¢â€â‚¬ [40m[33mslash@1.0.0[39m[49m 

Ã¢â€Å“Ã¢â€â‚¬Ã¢â€â‚¬ [40m[33msource-list-map@1.1.1[39m[49m 

Ã¢â€Å“Ã¢â€â‚¬Ã¢â€â‚¬ [40m[33msource-map@0.5.6[39m[49m 

Ã¢â€Å“Ã¢â€â‚¬Ã¢â€â‚¬ [40m[33msource-map-support@0.4.14[39m[49m 

Ã¢â€Å“Ã¢â€â‚¬Ã¢â€â‚¬ [40m[33mspdx-correct@1.0.2[39m[49m 

Ã¢â€Å“Ã¢â€â‚¬Ã¢â€â‚¬ [40m[33mspdx-expression-parse@1.0.4[39m[49m 

Ã¢â€Å“Ã¢â€â‚¬Ã¢â€â‚¬ [40m[33mspdx-license-ids@1.2.2[39m[49m 

Ã¢â€Å“Ã¢â€â‚¬Ã¢â€â‚¬ [40m[33mstackframe@0.3.1[39m[49m 

Ã¢â€Å“Ã¢â€â‚¬Ã¢â€â‚¬ [40m[33mstream-browserify@2.0.1[39m[49m 

Ã¢â€Å“Ã¢â€â‚¬Ã¢â€Â¬ [40m[33mstream-http@2.7.0[39m[49m 

Ã¢â€â€š Ã¢â€Å“Ã¢â€â‚¬Ã¢â€â‚¬ [40m[33mreadable-stream@2.2.9[39m[49m 

Ã¢â€â€š Ã¢â€â€Ã¢â€â‚¬Ã¢â€â‚¬ [40m[33mstring_decoder@1.0.0[39m[49m 

Ã¢â€Å“Ã¢â€â‚¬Ã¢â€â‚¬ [40m[33mstring-width@1.0.2[39m[49m 

Ã¢â€Å“Ã¢â€â‚¬Ã¯Â¿Â½Ã¯Â¿Â½Ã¯Â¿Â½ [40m[33mstring_decoder@0.10.31[39m[49m 

Ã¢â€Å“Ã¢â€â‚¬Ã¢â€â‚¬ [40m[33mstrip-ansi@3.0.1[39m[49m 

Ã¢â€Å“Ã¢â€â‚¬Ã¢â€Â¬ [40m[33msuperagent@3.0.0[39m[49m 

Ã¢â€â€š Ã¢â€Å“Ã¢â€â‚¬Ã¢â€â‚¬ [40m[33mcomponent-emitter@1.2.1[39m[49m 

Ã¢â€â€š Ã¢â€Å“Ã¢â€â‚¬Ã¢â€â‚¬ [40m[33mcookiejar@2.1.0[39m[49m 

Ã¢â€â€š Ã¢â€Å“Ã¢â€â‚¬Ã¢â€â‚¬ [40m[33mdebug@2.3.3[39m[49m 

Ã¢â€â€š Ã¢â€Å“Ã¢â€â‚¬Ã¢â€â‚¬ [40m[33mextend@3.0.0[39m[49m 

Ã¢â€â€š Ã¢â€Å“Ã¢â€â‚¬Ã¢â€Â¬ [40m[33mform-data@2.1.2[39m[49m 

Ã¢â€â€š Ã¢â€â€š Ã¢â€Å“Ã¢â€â‚¬Ã¢â€â‚¬ [40m[33masynckit@0.4.0[39m[49m 

Ã¢â€â€š Ã¢â€â€š Ã¢â€Å“Ã¢â€â‚¬Ã¢â€Â¬ [40m[33mcombined-stream@1.0.5[39m[49m 

Ã¢â€â€š Ã¢â€â€š Ã¢â€â€š Ã¢â€â€Ã¢â€â‚¬Ã¢â€â‚¬ [40m[33mdelayed-stream@1.0.0[39m[49m 

Ã¢â€â€š Ã¢â€â€š Ã¢â€â€Ã¢â€â‚¬Ã¢â€Â¬ [40m[33mmime-types@2.1.13[39m[49m 

Ã¢â€â€š Ã¢â€â€š   Ã¢â€â€Ã¢â€â‚¬Ã¢â€â‚¬ [40m[33mmime-db@1.25.0[39m[49m 

Ã¢â€â€š Ã¢â€Å“Ã¢â€â‚¬Ã¢â€â‚¬ [40m[33mformidable@1.0.17[39m[49m 

Ã¢â€â€š Ã¢â€Å“Ã¢â€â‚¬Ã¢â€â‚¬ [40m[33mmethods@1.1.2[39m[49m 

Ã¢â€â€š Ã¢â€Å“Ã¢â€â‚¬Ã¢â€â‚¬ [40m[33mmime@1.3.4[39m[49m 

Ã¢â€â€š Ã¢â€â€Ã¢â€â‚¬Ã¢â€â‚¬ [40m[33mqs@6.3.0[39m[49m 

Ã¢â€Å“Ã¢â€â‚¬Ã¢â€Â¬ [40m[33msuperagent-no-cache@0.1.0[39m[49m 

Ã¢â€â€š Ã¢â€â€Ã¢â€â‚¬Ã¢â€â‚¬ [40m[33mcomponent-ie@1.0.0[39m[49m 

Ã¢â€Å“Ã¢â€â‚¬Ã¢â€â‚¬ [40m[33msupports-color@2.0.0[39m[49m 

Ã¢â€Å“Ã¢â€â‚¬Ã¢â€â‚¬ [40m[33mtapable@0.2.6[39m[49m 

Ã¢â€Å“Ã¢â€â‚¬Ã¢â€â‚¬ [40m[33mtimers-browserify@2.0.2[39m[49m 

Ã¢â€Å“Ã¢â€â‚¬Ã¢â€â‚¬ [40m[33mto-arraybuffer@1.0.1[39m[49m 

Ã¢â€Å“Ã¢â€â‚¬Ã¢â€â‚¬ [40m[33mto-fast-properties@1.0.2[39m[49m 

Ã¢â€Å“Ã¢â€â‚¬Ã¢â€â‚¬ [40m[33mtoggle-selection@1.0.5[39m[49m 

Ã¢â€Å“Ã¢â€â‚¬Ã¢â€â‚¬ [40m[33mtrim-right@1.0.1[39m[49m 

Ã¢â€Å“Ã¢â€â‚¬Ã¢â€â‚¬ [40m[33mtty-browserify@0.0.0[39m[49m 

Ã¢â€Å“Ã¢â€â‚¬Ã¢â€â‚¬ [40m[33mtype-check@0.3.2[39m[49m 

Ã¢â€Å“Ã¢â€â‚¬Ã¢â€â‚¬ [40m[33mua-parser-js@0.7.12[39m[49m 

Ã¢â€Å“Ã¢â€â‚¬Ã¢â€Â¬ [40m[33muglify-js@2.8.22[39m[49m 

Ã¢â€â€š Ã¢â€â€Ã¢â€â‚¬Ã¢â€â‚¬ [40m[33myargs@3.10.0[39m[49m 

Ã¢â€Å“Ã¢â€â‚¬Ã¢â€â‚¬ [40m[33muglify-to-browserify@1.0.2[39m[49m 

Ã¢â€Å“Ã¢â€â‚¬Ã¢â€Â¬ [40m[33murl@0.11.0[39m[49m 

Ã¢â€â€š Ã¢â€â€Ã¢â€â‚¬Ã¢â€â‚¬ [40m[33mpunycode@1.3.2[39m[49m 

Ã¢â€Å“Ã¢â€â‚¬Ã¢â€Â¬ [40m[33mutil@0.10.3[39m[49m 

Ã¢â€â€š Ã¢â€â€Ã¢â€â‚¬Ã¢â€â‚¬ [40m[33minherits@2.0.1[39m[49m 

Ã¢â€Å“Ã¢â€â‚¬Ã¢â€â‚¬ [40m[33mutil-deprecate@1.0.2[39m[49m 

Ã¢â€Å“Ã¢â€â‚¬Ã¢â€â‚¬ [40m[33muuid@3.0.1[39m[49m 

Ã¢â€Å“Ã¢â€â‚¬Ã¢â€â‚¬ [40m[33mvalidate-npm-package-license@3.0.1[39m[49m 

Ã¢â€Å“Ã¢â€â‚¬Ã¢â€â‚¬ [40m[33mvalue-equal@0.2.1[39m[49m 

Ã¢â€Å“Ã¢â€â‚¬Ã¢â€â‚¬ [40m[33mvm-browserify@0.0.4[39m[49m 

Ã¢â€Å“Ã¢â€â‚¬Ã¢â€â‚¬ [40m[33mwarning@3.0.0[39m[49m 

Ã¢â€Å“Ã¢â€â‚¬Ã¢â€â‚¬ [40m[33mwatchpack@1.3.1[39m[49m 

Ã¢â€Å“Ã¢â€â‚¬Ã¢â€Â¬ [40m[33mwebpack@2.3.3[39m[49m 

Ã¢â€â€š Ã¢â€â€Ã¢â€â‚¬Ã¢â€â‚¬ [40m[33msupports-color@3.2.3[39m[49m 

Ã¢â€Å“Ã¢â€â‚¬Ã¢â€â‚¬ [40m[33mwebpack-sources@0.2.3[39m[49m 

Ã¢â€Å“Ã¢â€â‚¬Ã¢â€â‚¬ [40m[33mwhatwg-fetch@2.0.3[39m[49m 

Ã¢â€Å“Ã¢â€â‚¬Ã¢â€â‚¬ [40m[33mwhich-module@1.0.0[39m[49m 

Ã¢â€Å“Ã¢â€â‚¬Ã¢â€â‚¬ [40m[33mwindow-size@0.1.0[39m[49m 

Ã¢â€Å“Ã¢â€â‚¬Ã¢â€â‚¬ [40m[33mwordwrap@1.0.0[39m[49m 

Ã¢â€Å“Ã¢â€â‚¬Ã¢â€â‚¬ [40m[33mwrap-ansi@2.1.0[39m[49m 

Ã¢â€Å“Ã¢â€â‚¬Ã¢â€â‚¬ [40m[33mxtend@4.0.1[39m[49m 

Ã¢â€Å“Ã¢â€â‚¬Ã¢â€â‚¬ [40m[33my18n@3.2.1[39m[49m 

Ã¢â€Å“Ã¢â€â‚¬Ã¢â€Â¬ [40m[33myargs@6.6.0[39m[49m 

Ã¢â€â€š Ã¢â€Å“Ã¢â€â‚¬Ã¢â€â‚¬ [40m[33mcamelcase@3.0.0[39m[49m 

Ã¢â€â€š Ã¢â€â€Ã¢â€â‚¬Ã¢â€â‚¬ [40m[33mcliui@3.2.0[39m[49m 

Ã¢â€â€Ã¢â€â‚¬Ã¢â€Â¬ [40m[33myargs-parser@4.2.1[39m[49m 

  Ã¢â€â€Ã¢â€â‚¬Ã¢â€â‚¬ [40m[33mcamelcase@3.0.0[39m[49m 



[37;40mnpm[0m [0m[30;43mWARN[0m [0m[35moptional[0m SKIPPING OPTIONAL DEPENDENCY: fsevents@1.1.1 (node_modules/fsevents):

[0m[37;40mnpm[0m [0m[30;43mWARN[0m [0m[35mnotsup[0m SKIPPING OPTIONAL DEPENDENCY: Unsupported platform for fsevents@1.1.1: wanted {"os":"darwin","arch":"any"} (current: {"os":"linux","arch":"x64"})

[0m

> caseflow-frontend@0.0.1 build:production /home/travis/build/department-of-veterans-affairs/caseflow/client

> NODE_ENV=production npm run build





> caseflow-frontend@0.0.1 build /home/travis/build/department-of-veterans-affairs/caseflow/client

> webpack --config webpack.config.js



Webpack production build for Rails

Hash: [1m1f9e5268e40b57e11d10[39m[22m

Version: webpack [1m2.3.3[39m[22m

Time: [1m20127[39m[22mms

              [1mAsset[39m[22m     [1mSize[39m[22m  [1mChunks[39m[22m  [1m[39m[22m           [1m[39m[22m       [1mChunk Names[39m[22m

[1m[33m0.webpack-bundle.js[39m[22m  [1m[33m1.34 MB[39m[22m       [1m0[39m[22m  [1m[32m[emitted][39m[22m  [1m[33m[big][39m[22m  

  [1m[33mwebpack-bundle.js[39m[22m  [1m[33m3.96 MB[39m[22m       [1m1[39m[22m  [1m[32m[emitted][39m[22m  [1m[33m[big][39m[22m  main

   [0] [1m./~/react/react.js[39m[22m 178 bytes {[1m[33m1[39m[22m}[1m[32m [built][39m[22m

  [12] [1m./~/lodash/lodash.js[39m[22m 539 kB {[1m[33m1[39m[22m}[1m[32m [built][39m[22m

 [230] [1m./~/es5-shim/es5-sham.js[39m[22m 22.6 kB {[1m[33m1[39m[22m}[1m[32m [built][39m[22m

 [231] [1m./~/es5-shim/es5-shim.js[39m[22m 84.5 kB {[1m[33m1[39m[22m}[1m[32m [built][39m[22m

 [446] [1m./~/react-on-rails/node_package/lib/ReactOnRails.js[39m[22m 8.92 kB {[1m[33m1[39m[22m}[1m[32m [built][39m[22m

 [473] [1m./app/index.js[39m[22m 2.6 kB {[1m[33m1[39m[22m}[1m[32m [built][39m[22m

 [474] [1m./~/babel-polyfill/lib/index.js[39m[22m 833 bytes {[1m[33m1[39m[22m}[1m[32m [built][39m[22m

 [477] [1m./app/certification/Certification.jsx[39m[22m 4.73 kB {[1m[33m1[39m[22m}[1m[32m [built][39m[22m

 [511] [1m./app/containers/BaseContainer.jsx[39m[22m 6.62 kB {[1m[33m1[39m[22m}[1m[32m [built][39m[22m

 [574] [1m./app/hearings/index.jsx[39m[22m 2.53 kB {[1m[33m1[39m[22m}[1m[32m [built][39m[22m

 [576] [1m./app/login/index.jsx[39m[22m 5.46 kB {[1m[33m1[39m[22m}[1m[32m [built][39m[22m

 [600] [1m./~/core-js/fn/regexp/escape.js[39m[22m 107 bytes {[1m[33m1[39m[22m}[1m[32m [built][39m[22m

 [822] [1m./~/core-js/shim.js[39m[22m 7.38 kB {[1m[33m1[39m[22m}[1m[32m [built][39m[22m

 [928] [1m./~/react-hot-loader/index.js[39m[22m 41 bytes {[1m[33m1[39m[22m}[1m[32m [built][39m[22m

[1023] [1mmulti es5-shim/es5-shim es5-shim/es5-sham babel-polyfill ./app/index[39m[22m 64 bytes {[1m[33m1[39m[22m}[1m[32m [built][39m[22m

    + 1010 hidden modules



travis_time:end:0fb99af6:start=1497297434125711437,finish=1497297499545381637,duration=65419670200
[0K

[32;1mThe command "mv node_modules node_modules_bak && npm install --production --no-optional && npm run build:production" exited with 0.[0m

travis_time:start:28d96994
[0K$ rm -rf node_modules && mv node_modules_bak node_modules



travis_time:end:28d96994:start=1497297499552414141,finish=1497297499900166903,duration=347752762
[0K

[32;1mThe command "rm -rf node_modules && mv node_modules_bak node_modules" exited with 0.[0m

travis_fold:start:cache.2
[0Kstore build cache

travis_time:start:0579e5aa
[0K

travis_time:end:0579e5aa:start=1497297499908617329,finish=1497297499913689568,duration=5072239
[0Ktravis_time:start:05ccc8d2
[0K[32;1mchange detected (content changed, file is created, or file is deleted):

/home/travis/build/department-of-veterans-affairs/caseflow/vendor/bundle/ruby/2.2.0/bundler/gems/caseflow-commons-53bc0cb27be9/.git/index

/home/travis/build/department-of-veterans-affairs/caseflow/vendor/bundle/ruby/2.2.0/bundler/gems/caseflow-commons-53bc0cb27be9/.git/logs/HEAD

/home/travis/build/department-of-veterans-affairs/caseflow/vendor/bundle/ruby/2.2.0/bundler/gems/connect_vbms-f561599c8b68/.git/index

/home/travis/build/department-of-veterans-affairs/caseflow/vendor/bundle/ruby/2.2.0/bundler/gems/connect_vbms-f561599c8b68/.git/logs/HEAD

/home/travis/build/department-of-veterans-affairs/caseflow/vendor/bundle/ruby/2.2.0/bundler/gems/pdfjs_viewer-rails-a4249eacbf70/.git/index

/home/travis/build/department-of-veterans-affairs/caseflow/vendor/bundle/ruby/2.2.0/bundler/gems/pdfjs_viewer-rails-a4249eacbf70/.git/logs/HEAD

/home/travis/build/department-of-veterans-affairs/caseflow/vendor/bundle/ruby/2.2.0/bundler/gems/ruby-bgs-b84a5baba28a/.git/index

/home/travis/build/department-of-ve

[0m

[32;1m...

[0m

[32;1mchanges detected, packing new archive[0m

.

.

.

[32;1muploading archive[0m



travis_time:end:05ccc8d2:start=1497297499919361616,finish=1497297524720536252,duration=24801174636
[0Ktravis_fold:end:cache.2
[0K

Done. Your build exited with 1.

